[2021-07-29 22:51:15.925] [exthost] [info] extension host started
[2021-07-29 22:51:15.925] [exthost] [info] Skipping acquiring lock for /home/racso/.config/Code/User/workspaceStorage/a72fe58c1dd0de53e9d9ade0a411e65e.
[2021-07-29 22:51:16.186] [exthost] [info] ExtensionService#_doActivateExtension vscode.microsoft-authentication {"startup":false,"extensionId":{"value":"vscode.microsoft-authentication","_lower":"vscode.microsoft-authentication"},"activationEvent":"onAuthenticationRequest:microsoft"}
[2021-07-29 22:51:16.187] [exthost] [info] ExtensionService#loadCommonJSModule file:///var/lib/snapd/snap/code/70/usr/share/code/resources/app/extensions/microsoft-authentication/dist/extension.js
[2021-07-29 22:51:16.231] [exthost] [info] ExtensionService#_doActivateExtension vscode.debug-auto-launch {"startup":true,"extensionId":{"value":"vscode.debug-auto-launch","_lower":"vscode.debug-auto-launch"},"activationEvent":"*"}
[2021-07-29 22:51:16.231] [exthost] [info] ExtensionService#loadCommonJSModule file:///var/lib/snapd/snap/code/70/usr/share/code/resources/app/extensions/debug-auto-launch/dist/extension
[2021-07-29 22:51:16.242] [exthost] [info] ExtensionService#_doActivateExtension vscode.git {"startup":true,"extensionId":{"value":"vscode.github","_lower":"vscode.github"},"activationEvent":"*"}
[2021-07-29 22:51:16.243] [exthost] [info] ExtensionService#loadCommonJSModule file:///var/lib/snapd/snap/code/70/usr/share/code/resources/app/extensions/git/dist/main
[2021-07-29 22:51:16.372] [exthost] [info] extension host terminating: renderer closed the socket
[2021-07-29 22:51:16.374] [exthost] [error] Activating extension vscode.microsoft-authentication failed due to an error:
[2021-07-29 22:51:16.374] [exthost] [error] Canceled: Canceled
	at Object.n [as canceled] (/var/lib/snapd/snap/code/70/usr/share/code/resources/app/out/vs/workbench/services/extensions/node/extensionHostProcess.js:5:1157)
	at /var/lib/snapd/snap/code/70/usr/share/code/resources/app/out/vs/workbench/services/extensions/node/extensionHostProcess.js:88:8146
	at Array.forEach (<anonymous>)
	at c.dispose (/var/lib/snapd/snap/code/70/usr/share/code/resources/app/out/vs/workbench/services/extensions/node/extensionHostProcess.js:88:8094)
	at b.terminate (/var/lib/snapd/snap/code/70/usr/share/code/resources/app/out/vs/workbench/services/extensions/node/extensionHostProcess.js:93:682)
	at c (/var/lib/snapd/snap/code/70/usr/share/code/resources/app/out/vs/workbench/services/extensions/node/extensionHostProcess.js:103:31826)
	at Socket.<anonymous> (/var/lib/snapd/snap/code/70/usr/share/code/resources/app/out/vs/workbench/services/extensions/node/extensionHostProcess.js:103:29511)
	at Socket.emit (events.js:327:22)
	at Pipe.<anonymous> (net.js:673:12)
[2021-07-29 22:51:16.375] [exthost] [error] Activating extension vscode.debug-auto-launch failed due to an error:
[2021-07-29 22:51:16.375] [exthost] [error] Canceled: Canceled
	at Object.n [as canceled] (/var/lib/snapd/snap/code/70/usr/share/code/resources/app/out/vs/workbench/services/extensions/node/extensionHostProcess.js:5:1157)
	at /var/lib/snapd/snap/code/70/usr/share/code/resources/app/out/vs/workbench/services/extensions/node/extensionHostProcess.js:88:8146
	at Array.forEach (<anonymous>)
	at c.dispose (/var/lib/snapd/snap/code/70/usr/share/code/resources/app/out/vs/workbench/services/extensions/node/extensionHostProcess.js:88:8094)
	at b.terminate (/var/lib/snapd/snap/code/70/usr/share/code/resources/app/out/vs/workbench/services/extensions/node/extensionHostProcess.js:93:682)
	at c (/var/lib/snapd/snap/code/70/usr/share/code/resources/app/out/vs/workbench/services/extensions/node/extensionHostProcess.js:103:31826)
	at Socket.<anonymous> (/var/lib/snapd/snap/code/70/usr/share/code/resources/app/out/vs/workbench/services/extensions/node/extensionHostProcess.js:103:29511)
	at Socket.emit (events.js:327:22)
	at Pipe.<anonymous> (net.js:673:12)
[2021-07-29 22:51:16.375] [exthost] [error] Activating extension vscode.git failed due to an error:
[2021-07-29 22:51:16.375] [exthost] [error] Canceled: Canceled
	at Object.n [as canceled] (/var/lib/snapd/snap/code/70/usr/share/code/resources/app/out/vs/workbench/services/extensions/node/extensionHostProcess.js:5:1157)
	at /var/lib/snapd/snap/code/70/usr/share/code/resources/app/out/vs/workbench/services/extensions/node/extensionHostProcess.js:88:8146
	at Array.forEach (<anonymous>)
	at c.dispose (/var/lib/snapd/snap/code/70/usr/share/code/resources/app/out/vs/workbench/services/extensions/node/extensionHostProcess.js:88:8094)
	at b.terminate (/var/lib/snapd/snap/code/70/usr/share/code/resources/app/out/vs/workbench/services/extensions/node/extensionHostProcess.js:93:682)
	at c (/var/lib/snapd/snap/code/70/usr/share/code/resources/app/out/vs/workbench/services/extensions/node/extensionHostProcess.js:103:31826)
	at Socket.<anonymous> (/var/lib/snapd/snap/code/70/usr/share/code/resources/app/out/vs/workbench/services/extensions/node/extensionHostProcess.js:103:29511)
	at Socket.emit (events.js:327:22)
	at Pipe.<anonymous> (net.js:673:12)
[2021-07-29 22:51:16.377] [exthost] [info] eager extensions activated
[2021-07-29 22:51:16.378] [exthost] [error] Activating extension vscode.emmet failed due to an error:
[2021-07-29 22:51:16.379] [exthost] [error] Canceled: Canceled
	at Object.n [as canceled] (/var/lib/snapd/snap/code/70/usr/share/code/resources/app/out/vs/workbench/services/extensions/node/extensionHostProcess.js:5:1157)
	at c._remoteCall (/var/lib/snapd/snap/code/70/usr/share/code/resources/app/out/vs/workbench/services/extensions/node/extensionHostProcess.js:88:12817)
	at Proxy._.<computed>.D.charCodeAt._.<computed> (/var/lib/snapd/snap/code/70/usr/share/code/resources/app/out/vs/workbench/services/extensions/node/extensionHostProcess.js:88:9349)
	at u._activateExtension (/var/lib/snapd/snap/code/70/usr/share/code/resources/app/out/vs/workbench/services/extensions/node/extensionHostProcess.js:89:11613)
	at Object.actualActivateExtension (/var/lib/snapd/snap/code/70/usr/share/code/resources/app/out/vs/workbench/services/extensions/node/extensionHostProcess.js:89:9202)
	at d._activateExtension (/var/lib/snapd/snap/code/70/usr/share/code/resources/app/out/vs/workbench/services/extensions/node/extensionHostProcess.js:84:97724)
	at /var/lib/snapd/snap/code/70/usr/share/code/resources/app/out/vs/workbench/services/extensions/node/extensionHostProcess.js:84:97406
	at Array.map (<anonymous>)
	at d._activateExtensions (/var/lib/snapd/snap/code/70/usr/share/code/resources/app/out/vs/workbench/services/extensions/node/extensionHostProcess.js:84:97394)
	at d.activateById (/var/lib/snapd/snap/code/70/usr/share/code/resources/app/out/vs/workbench/services/extensions/node/extensionHostProcess.js:84:95024)
	at u._activateById (/var/lib/snapd/snap/code/70/usr/share/code/resources/app/out/vs/workbench/services/extensions/node/extensionHostProcess.js:89:10204)
	at u._activateOneStartupFinished (/var/lib/snapd/snap/code/70/usr/share/code/resources/app/out/vs/workbench/services/extensions/node/extensionHostProcess.js:89:15096)
	at u._activateAllStartupFinished (/var/lib/snapd/snap/code/70/usr/share/code/resources/app/out/vs/workbench/services/extensions/node/extensionHostProcess.js:89:15467)
	at /var/lib/snapd/snap/code/70/usr/share/code/resources/app/out/vs/workbench/services/extensions/node/extensionHostProcess.js:89:15956
[2021-07-29 22:51:16.380] [exthost] [error] Activating extension vscode.merge-conflict failed due to an error:
[2021-07-29 22:51:16.380] [exthost] [error] Canceled: Canceled
	at Object.n [as canceled] (/var/lib/snapd/snap/code/70/usr/share/code/resources/app/out/vs/workbench/services/extensions/node/extensionHostProcess.js:5:1157)
	at c._remoteCall (/var/lib/snapd/snap/code/70/usr/share/code/resources/app/out/vs/workbench/services/extensions/node/extensionHostProcess.js:88:12817)
	at Proxy._.<computed>.D.charCodeAt._.<computed> (/var/lib/snapd/snap/code/70/usr/share/code/resources/app/out/vs/workbench/services/extensions/node/extensionHostProcess.js:88:9349)
	at u._activateExtension (/var/lib/snapd/snap/code/70/usr/share/code/resources/app/out/vs/workbench/services/extensions/node/extensionHostProcess.js:89:11613)
	at Object.actualActivateExtension (/var/lib/snapd/snap/code/70/usr/share/code/resources/app/out/vs/workbench/services/extensions/node/extensionHostProcess.js:89:9202)
	at d._activateExtension (/var/lib/snapd/snap/code/70/usr/share/code/resources/app/out/vs/workbench/services/extensions/node/extensionHostProcess.js:84:97724)
	at /var/lib/snapd/snap/code/70/usr/share/code/resources/app/out/vs/workbench/services/extensions/node/extensionHostProcess.js:84:97406
	at Array.map (<anonymous>)
	at d._activateExtensions (/var/lib/snapd/snap/code/70/usr/share/code/resources/app/out/vs/workbench/services/extensions/node/extensionHostProcess.js:84:97394)
	at d.activateById (/var/lib/snapd/snap/code/70/usr/share/code/resources/app/out/vs/workbench/services/extensions/node/extensionHostProcess.js:84:95024)
	at u._activateById (/var/lib/snapd/snap/code/70/usr/share/code/resources/app/out/vs/workbench/services/extensions/node/extensionHostProcess.js:89:10204)
	at u._activateOneStartupFinished (/var/lib/snapd/snap/code/70/usr/share/code/resources/app/out/vs/workbench/services/extensions/node/extensionHostProcess.js:89:15096)
	at u._activateAllStartupFinished (/var/lib/snapd/snap/code/70/usr/share/code/resources/app/out/vs/workbench/services/extensions/node/extensionHostProcess.js:89:15467)
	at /var/lib/snapd/snap/code/70/usr/share/code/resources/app/out/vs/workbench/services/extensions/node/extensionHostProcess.js:89:15956
[2021-07-29 22:51:16.381] [exthost] [error] Activating extension vscode.testing-editor-contributions failed due to an error:
[2021-07-29 22:51:16.381] [exthost] [error] Canceled: Canceled
	at Object.n [as canceled] (/var/lib/snapd/snap/code/70/usr/share/code/resources/app/out/vs/workbench/services/extensions/node/extensionHostProcess.js:5:1157)
	at c._remoteCall (/var/lib/snapd/snap/code/70/usr/share/code/resources/app/out/vs/workbench/services/extensions/node/extensionHostProcess.js:88:12817)
	at Proxy._.<computed>.D.charCodeAt._.<computed> (/var/lib/snapd/snap/code/70/usr/share/code/resources/app/out/vs/workbench/services/extensions/node/extensionHostProcess.js:88:9349)
	at u._activateExtension (/var/lib/snapd/snap/code/70/usr/share/code/resources/app/out/vs/workbench/services/extensions/node/extensionHostProcess.js:89:11613)
	at Object.actualActivateExtension (/var/lib/snapd/snap/code/70/usr/share/code/resources/app/out/vs/workbench/services/extensions/node/extensionHostProcess.js:89:9202)
	at d._activateExtension (/var/lib/snapd/snap/code/70/usr/share/code/resources/app/out/vs/workbench/services/extensions/node/extensionHostProcess.js:84:97724)
	at /var/lib/snapd/snap/code/70/usr/share/code/resources/app/out/vs/workbench/services/extensions/node/extensionHostProcess.js:84:97406
	at Array.map (<anonymous>)
	at d._activateExtensions (/var/lib/snapd/snap/code/70/usr/share/code/resources/app/out/vs/workbench/services/extensions/node/extensionHostProcess.js:84:97394)
	at d.activateById (/var/lib/snapd/snap/code/70/usr/share/code/resources/app/out/vs/workbench/services/extensions/node/extensionHostProcess.js:84:95024)
	at u._activateById (/var/lib/snapd/snap/code/70/usr/share/code/resources/app/out/vs/workbench/services/extensions/node/extensionHostProcess.js:89:10204)
	at u._activateOneStartupFinished (/var/lib/snapd/snap/code/70/usr/share/code/resources/app/out/vs/workbench/services/extensions/node/extensionHostProcess.js:89:15096)
	at u._activateAllStartupFinished (/var/lib/snapd/snap/code/70/usr/share/code/resources/app/out/vs/workbench/services/extensions/node/extensionHostProcess.js:89:15467)
	at /var/lib/snapd/snap/code/70/usr/share/code/resources/app/out/vs/workbench/services/extensions/node/extensionHostProcess.js:89:15956
[2021-07-29 22:51:17.374] [exthost] [info] exiting with code 0
