[2021-07-29 22:54:48.889] [renderer1] [error] <syntax> TypeScript Server Error (4.3.5)
Debug Failure. False expression: Expected line to be non-zero
Error: Debug Failure. False expression: Expected line to be non-zero
    at failIfInvalidLocation (/var/lib/snapd/snap/code/70/usr/share/code/resources/app/extensions/node_modules/typescript/lib/tsserver.js:157266:22)
    at ScriptInfo.positionToLineOffset (/var/lib/snapd/snap/code/70/usr/share/code/resources/app/extensions/node_modules/typescript/lib/tsserver.js:157233:17)
    at toProtocolTextSpan (/var/lib/snapd/snap/code/70/usr/share/code/resources/app/extensions/node_modules/typescript/lib/tsserver.js:165298:35)
    at /var/lib/snapd/snap/code/70/usr/share/code/resources/app/extensions/node_modules/typescript/lib/tsserver.js:164739:68
    at Array.map (<anonymous>)
    at IOSession.Session.toLocationNavigationTree (/var/lib/snapd/snap/code/70/usr/share/code/resources/app/extensions/node_modules/typescript/lib/tsserver.js:164739:39)
    at IOSession.Session.getNavigationTree (/var/lib/snapd/snap/code/70/usr/share/code/resources/app/extensions/node_modules/typescript/lib/tsserver.js:164750:32)
    at Session.handlers.ts.Map.ts.getEntries._a.<computed> (/var/lib/snapd/snap/code/70/usr/share/code/resources/app/extensions/node_modules/typescript/lib/tsserver.js:163520:61)
    at /var/lib/snapd/snap/code/70/usr/share/code/resources/app/extensions/node_modules/typescript/lib/tsserver.js:165210:88
    at IOSession.Session.executeWithRequestId (/var/lib/snapd/snap/code/70/usr/share/code/resources/app/extensions/node_modules/typescript/lib/tsserver.js:165201:28)
    at IOSession.Session.executeCommand (/var/lib/snapd/snap/code/70/usr/share/code/resources/app/extensions/node_modules/typescript/lib/tsserver.js:165210:33)
    at IOSession.Session.onMessage (/var/lib/snapd/snap/code/70/usr/share/code/resources/app/extensions/node_modules/typescript/lib/tsserver.js:165236:35)
    at Interface.<anonymous> (/var/lib/snapd/snap/code/70/usr/share/code/resources/app/extensions/node_modules/typescript/lib/tsserver.js:167833:31)
    at Interface.emit (events.js:315:20)
    at Interface._onLine (readline.js:337:10)
    at Interface._normalWrite (readline.js:482:12)
    at Socket.ondata (readline.js:194:10)
    at Socket.emit (events.js:315:20)
    at addChunk (internal/streams/readable.js:309:12)
    at readableAddChunk (internal/streams/readable.js:284:9)
    at Socket.Readable.push (internal/streams/readable.js:223:10)
    at Pipe.onStreamRead (internal/stream_base_commons.js:188:23): Error: <syntax> TypeScript Server Error (4.3.5)
Debug Failure. False expression: Expected line to be non-zero
Error: Debug Failure. False expression: Expected line to be non-zero
    at failIfInvalidLocation (/var/lib/snapd/snap/code/70/usr/share/code/resources/app/extensions/node_modules/typescript/lib/tsserver.js:157266:22)
    at ScriptInfo.positionToLineOffset (/var/lib/snapd/snap/code/70/usr/share/code/resources/app/extensions/node_modules/typescript/lib/tsserver.js:157233:17)
    at toProtocolTextSpan (/var/lib/snapd/snap/code/70/usr/share/code/resources/app/extensions/node_modules/typescript/lib/tsserver.js:165298:35)
    at /var/lib/snapd/snap/code/70/usr/share/code/resources/app/extensions/node_modules/typescript/lib/tsserver.js:164739:68
    at Array.map (<anonymous>)
    at IOSession.Session.toLocationNavigationTree (/var/lib/snapd/snap/code/70/usr/share/code/resources/app/extensions/node_modules/typescript/lib/tsserver.js:164739:39)
    at IOSession.Session.getNavigationTree (/var/lib/snapd/snap/code/70/usr/share/code/resources/app/extensions/node_modules/typescript/lib/tsserver.js:164750:32)
    at Session.handlers.ts.Map.ts.getEntries._a.<computed> (/var/lib/snapd/snap/code/70/usr/share/code/resources/app/extensions/node_modules/typescript/lib/tsserver.js:163520:61)
    at /var/lib/snapd/snap/code/70/usr/share/code/resources/app/extensions/node_modules/typescript/lib/tsserver.js:165210:88
    at IOSession.Session.executeWithRequestId (/var/lib/snapd/snap/code/70/usr/share/code/resources/app/extensions/node_modules/typescript/lib/tsserver.js:165201:28)
    at IOSession.Session.executeCommand (/var/lib/snapd/snap/code/70/usr/share/code/resources/app/extensions/node_modules/typescript/lib/tsserver.js:165210:33)
    at IOSession.Session.onMessage (/var/lib/snapd/snap/code/70/usr/share/code/resources/app/extensions/node_modules/typescript/lib/tsserver.js:165236:35)
    at Interface.<anonymous> (/var/lib/snapd/snap/code/70/usr/share/code/resources/app/extensions/node_modules/typescript/lib/tsserver.js:167833:31)
    at Interface.emit (events.js:315:20)
    at Interface._onLine (readline.js:337:10)
    at Interface._normalWrite (readline.js:482:12)
    at Socket.ondata (readline.js:194:10)
    at Socket.emit (events.js:315:20)
    at addChunk (internal/streams/readable.js:309:12)
    at readableAddChunk (internal/streams/readable.js:284:9)
    at Socket.Readable.push (internal/streams/readable.js:223:10)
    at Pipe.onStreamRead (internal/stream_base_commons.js:188:23)
	at Function.create (/var/lib/snapd/snap/code/70/usr/share/code/resources/app/extensions/typescript-language-features/dist/extension.js:1:75833)
	at dispatchResponse (/var/lib/snapd/snap/code/70/usr/share/code/resources/app/extensions/typescript-language-features/dist/extension.js:1:69697)
	at dispatchMessage (/var/lib/snapd/snap/code/70/usr/share/code/resources/app/extensions/typescript-language-features/dist/extension.js:1:68556)
	at /var/lib/snapd/snap/code/70/usr/share/code/resources/app/extensions/typescript-language-features/dist/extension.js:1:68046
	at d.fire (/var/lib/snapd/snap/code/70/usr/share/code/resources/app/out/vs/workbench/services/extensions/node/extensionHostProcess.js:57:1726)
	at g.onLengthData (/var/lib/snapd/snap/code/70/usr/share/code/resources/app/extensions/typescript-language-features/dist/extension.js:1:434643)
	at Socket.<anonymous> (/var/lib/snapd/snap/code/70/usr/share/code/resources/app/extensions/typescript-language-features/dist/extension.js:1:434291)
	at Socket.emit (events.js:315:20)
	at addChunk (internal/streams/readable.js:309:12)
	at readableAddChunk (internal/streams/readable.js:284:9)
	at Socket.Readable.push (internal/streams/readable.js:223:10)
	at Pipe.onStreamRead (internal/stream_base_commons.js:188:23)
