[2021-07-29 22:51:24.806] [exthost] [info] extension host started
[2021-07-29 22:51:24.806] [exthost] [info] Skipping acquiring lock for /home/racso/.config/Code/User/workspaceStorage/a72fe58c1dd0de53e9d9ade0a411e65e.
[2021-07-29 22:51:24.924] [exthost] [info] ExtensionService#_doActivateExtension vscode.microsoft-authentication {"startup":false,"extensionId":{"value":"vscode.microsoft-authentication","_lower":"vscode.microsoft-authentication"},"activationEvent":"onAuthenticationRequest:microsoft"}
[2021-07-29 22:51:24.925] [exthost] [info] ExtensionService#loadCommonJSModule file:///var/lib/snapd/snap/code/70/usr/share/code/resources/app/extensions/microsoft-authentication/dist/extension.js
[2021-07-29 22:51:24.967] [exthost] [info] ExtensionService#_doActivateExtension vscode.debug-auto-launch {"startup":true,"extensionId":{"value":"vscode.debug-auto-launch","_lower":"vscode.debug-auto-launch"},"activationEvent":"*"}
[2021-07-29 22:51:24.967] [exthost] [info] ExtensionService#loadCommonJSModule file:///var/lib/snapd/snap/code/70/usr/share/code/resources/app/extensions/debug-auto-launch/dist/extension
[2021-07-29 22:51:24.976] [exthost] [info] ExtensionService#_doActivateExtension vscode.git {"startup":true,"extensionId":{"value":"vscode.github","_lower":"vscode.github"},"activationEvent":"*"}
[2021-07-29 22:51:24.976] [exthost] [info] ExtensionService#loadCommonJSModule file:///var/lib/snapd/snap/code/70/usr/share/code/resources/app/extensions/git/dist/main
[2021-07-29 22:51:25.258] [exthost] [info] ExtensionService#_doActivateExtension vscode.github {"startup":true,"extensionId":{"value":"vscode.github","_lower":"vscode.github"},"activationEvent":"*"}
[2021-07-29 22:51:25.258] [exthost] [info] ExtensionService#loadCommonJSModule file:///var/lib/snapd/snap/code/70/usr/share/code/resources/app/extensions/github/dist/extension.js
[2021-07-29 22:51:25.289] [exthost] [info] ExtensionService#_doActivateExtension ms-vscode.js-debug {"startup":false,"extensionId":{"value":"ms-vscode.js-debug","_lower":"ms-vscode.js-debug"},"activationEvent":"onCommand:extension.js-debug.clearAutoAttachVariables"}
[2021-07-29 22:51:25.290] [exthost] [info] ExtensionService#loadCommonJSModule file:///var/lib/snapd/snap/code/70/usr/share/code/resources/app/extensions/ms-vscode.js-debug/src/extension.js
[2021-07-29 22:51:25.686] [exthost] [info] eager extensions activated
[2021-07-29 22:51:25.735] [exthost] [info] ExtensionService#_doActivateExtension vscode.emmet {"startup":false,"extensionId":{"value":"vscode.emmet","_lower":"vscode.emmet"},"activationEvent":"onStartupFinished"}
[2021-07-29 22:51:25.735] [exthost] [info] ExtensionService#loadCommonJSModule file:///var/lib/snapd/snap/code/70/usr/share/code/resources/app/extensions/emmet/dist/node/emmetNodeMain
[2021-07-29 22:51:25.756] [exthost] [info] ExtensionService#_doActivateExtension vscode.merge-conflict {"startup":false,"extensionId":{"value":"vscode.merge-conflict","_lower":"vscode.merge-conflict"},"activationEvent":"onStartupFinished"}
[2021-07-29 22:51:25.756] [exthost] [info] ExtensionService#loadCommonJSModule file:///var/lib/snapd/snap/code/70/usr/share/code/resources/app/extensions/merge-conflict/dist/mergeConflictMain
[2021-07-29 22:51:25.763] [exthost] [info] ExtensionService#_doActivateExtension vscode.testing-editor-contributions {"startup":false,"extensionId":{"value":"vscode.testing-editor-contributions","_lower":"vscode.testing-editor-contributions"},"activationEvent":"onStartupFinished"}
[2021-07-29 22:51:25.763] [exthost] [info] ExtensionService#loadCommonJSModule file:///var/lib/snapd/snap/code/70/usr/share/code/resources/app/extensions/testing-editor-contributions/dist/extension.js
[2021-07-29 22:51:26.002] [exthost] [info] ExtensionService#_doActivateExtension vscode.github-authentication {"startup":false,"extensionId":{"value":"vscode.github-authentication","_lower":"vscode.github-authentication"},"activationEvent":"onAuthenticationRequest:github"}
[2021-07-29 22:51:26.002] [exthost] [info] ExtensionService#loadCommonJSModule file:///var/lib/snapd/snap/code/70/usr/share/code/resources/app/extensions/github-authentication/dist/extension.js
[2021-07-29 22:53:33.566] [exthost] [info] ExtensionService#_doActivateExtension donjayamanne.githistory {"startup":false,"extensionId":{"value":"donjayamanne.githistory","_lower":"donjayamanne.githistory"},"activationEvent":"*"}
[2021-07-29 22:53:33.566] [exthost] [info] ExtensionService#loadCommonJSModule file:///home/racso/.vscode/extensions/donjayamanne.githistory-0.6.17/dist/src/extension
[2021-07-29 22:53:42.483] [exthost] [info] ExtensionService#_doActivateExtension eamodio.gitlens {"startup":false,"extensionId":{"value":"eamodio.gitlens","_lower":"eamodio.gitlens"},"activationEvent":"onStartupFinished"}
[2021-07-29 22:53:42.483] [exthost] [info] ExtensionService#loadCommonJSModule file:///home/racso/.vscode/extensions/eamodio.gitlens-11.6.0/dist/gitlens
[2021-07-29 22:53:47.621] [exthost] [info] ExtensionService#_doActivateExtension vscode.typescript-language-features {"startup":false,"extensionId":{"value":"vscode.typescript-language-features","_lower":"vscode.typescript-language-features"},"activationEvent":"onLanguage:javascript"}
[2021-07-29 22:53:47.622] [exthost] [info] ExtensionService#loadCommonJSModule file:///var/lib/snapd/snap/code/70/usr/share/code/resources/app/extensions/typescript-language-features/dist/extension
[2021-07-29 22:53:56.332] [exthost] [warning] TextEditor is closed/disposed
[2021-07-29 22:54:48.880] [exthost] [error] [vscode.typescript-language-features] provider FAILED
[2021-07-29 22:54:48.880] [exthost] [error] Error: <syntax> TypeScript Server Error (4.3.5)
Debug Failure. False expression: Expected line to be non-zero
Error: Debug Failure. False expression: Expected line to be non-zero
    at failIfInvalidLocation (/var/lib/snapd/snap/code/70/usr/share/code/resources/app/extensions/node_modules/typescript/lib/tsserver.js:157266:22)
    at ScriptInfo.positionToLineOffset (/var/lib/snapd/snap/code/70/usr/share/code/resources/app/extensions/node_modules/typescript/lib/tsserver.js:157233:17)
    at toProtocolTextSpan (/var/lib/snapd/snap/code/70/usr/share/code/resources/app/extensions/node_modules/typescript/lib/tsserver.js:165298:35)
    at /var/lib/snapd/snap/code/70/usr/share/code/resources/app/extensions/node_modules/typescript/lib/tsserver.js:164739:68
    at Array.map (<anonymous>)
    at IOSession.Session.toLocationNavigationTree (/var/lib/snapd/snap/code/70/usr/share/code/resources/app/extensions/node_modules/typescript/lib/tsserver.js:164739:39)
    at IOSession.Session.getNavigationTree (/var/lib/snapd/snap/code/70/usr/share/code/resources/app/extensions/node_modules/typescript/lib/tsserver.js:164750:32)
    at Session.handlers.ts.Map.ts.getEntries._a.<computed> (/var/lib/snapd/snap/code/70/usr/share/code/resources/app/extensions/node_modules/typescript/lib/tsserver.js:163520:61)
    at /var/lib/snapd/snap/code/70/usr/share/code/resources/app/extensions/node_modules/typescript/lib/tsserver.js:165210:88
    at IOSession.Session.executeWithRequestId (/var/lib/snapd/snap/code/70/usr/share/code/resources/app/extensions/node_modules/typescript/lib/tsserver.js:165201:28)
    at IOSession.Session.executeCommand (/var/lib/snapd/snap/code/70/usr/share/code/resources/app/extensions/node_modules/typescript/lib/tsserver.js:165210:33)
    at IOSession.Session.onMessage (/var/lib/snapd/snap/code/70/usr/share/code/resources/app/extensions/node_modules/typescript/lib/tsserver.js:165236:35)
    at Interface.<anonymous> (/var/lib/snapd/snap/code/70/usr/share/code/resources/app/extensions/node_modules/typescript/lib/tsserver.js:167833:31)
    at Interface.emit (events.js:315:20)
    at Interface._onLine (readline.js:337:10)
    at Interface._normalWrite (readline.js:482:12)
    at Socket.ondata (readline.js:194:10)
    at Socket.emit (events.js:315:20)
    at addChunk (internal/streams/readable.js:309:12)
    at readableAddChunk (internal/streams/readable.js:284:9)
    at Socket.Readable.push (internal/streams/readable.js:223:10)
    at Pipe.onStreamRead (internal/stream_base_commons.js:188:23)
	at Function.create (/var/lib/snapd/snap/code/70/usr/share/code/resources/app/extensions/typescript-language-features/dist/extension.js:1:75833)
	at dispatchResponse (/var/lib/snapd/snap/code/70/usr/share/code/resources/app/extensions/typescript-language-features/dist/extension.js:1:69697)
	at dispatchMessage (/var/lib/snapd/snap/code/70/usr/share/code/resources/app/extensions/typescript-language-features/dist/extension.js:1:68556)
	at /var/lib/snapd/snap/code/70/usr/share/code/resources/app/extensions/typescript-language-features/dist/extension.js:1:68046
	at d.fire (/var/lib/snapd/snap/code/70/usr/share/code/resources/app/out/vs/workbench/services/extensions/node/extensionHostProcess.js:57:1726)
	at g.onLengthData (/var/lib/snapd/snap/code/70/usr/share/code/resources/app/extensions/typescript-language-features/dist/extension.js:1:434643)
	at Socket.<anonymous> (/var/lib/snapd/snap/code/70/usr/share/code/resources/app/extensions/typescript-language-features/dist/extension.js:1:434291)
	at Socket.emit (events.js:315:20)
	at addChunk (internal/streams/readable.js:309:12)
	at readableAddChunk (internal/streams/readable.js:284:9)
	at Socket.Readable.push (internal/streams/readable.js:223:10)
	at Pipe.onStreamRead (internal/stream_base_commons.js:188:23)
[2021-07-29 22:56:51.179] [exthost] [warning] TextEditor is closed/disposed
[2021-07-29 22:58:38.281] [exthost] [info] ExtensionService#_doActivateExtension vscode.extension-editing {"startup":false,"extensionId":{"value":"vscode.extension-editing","_lower":"vscode.extension-editing"},"activationEvent":"onLanguage:typescript"}
[2021-07-29 22:58:38.282] [exthost] [info] ExtensionService#loadCommonJSModule file:///var/lib/snapd/snap/code/70/usr/share/code/resources/app/extensions/extension-editing/dist/extensionEditingMain
[2021-07-29 23:04:47.549] [exthost] [error] [vscode.typescript-language-features] provider FAILED
[2021-07-29 23:04:47.556] [exthost] [error] Error: DisposableStore is missing...
	at M._convertCompletionItem (/var/lib/snapd/snap/code/70/usr/share/code/resources/app/out/vs/workbench/services/extensions/node/extensionHostProcess.js:84:184535)
	at M.resolveCompletionItem (/var/lib/snapd/snap/code/70/usr/share/code/resources/app/out/vs/workbench/services/extensions/node/extensionHostProcess.js:84:184310)
	at runMicrotasks (<anonymous>)
	at processTicksAndRejections (internal/process/task_queues.js:93:5)
[2021-07-29 23:06:50.464] [exthost] [warning] TextEditor is closed/disposed
[2021-07-29 23:07:03.394] [exthost] [warning] TextEditor is closed/disposed
[2021-07-29 23:08:33.135] [exthost] [warning] TextEditor is closed/disposed
[2021-07-29 23:09:05.064] [exthost] [warning] TextEditor is closed/disposed
[2021-07-29 23:09:27.152] [exthost] [warning] TextEditor is closed/disposed
[2021-07-29 23:09:36.412] [exthost] [warning] TextEditor is closed/disposed
[2021-07-29 23:09:47.302] [exthost] [warning] TextEditor is closed/disposed
[2021-07-29 23:10:10.036] [exthost] [warning] TextEditor is closed/disposed
[2021-07-29 23:10:13.218] [exthost] [warning] TextEditor is closed/disposed
[2021-07-29 23:10:18.564] [exthost] [warning] TextEditor is closed/disposed
[2021-07-29 23:10:22.960] [exthost] [warning] TextEditor is closed/disposed
[2021-07-29 23:10:30.054] [exthost] [warning] TextEditor is closed/disposed
[2021-07-29 23:10:47.141] [exthost] [warning] TextEditor is closed/disposed
[2021-07-29 23:11:22.483] [exthost] [warning] TextEditor is closed/disposed
[2021-07-29 23:11:44.323] [exthost] [warning] TextEditor is closed/disposed
[2021-07-29 23:12:20.293] [exthost] [warning] TextEditor is closed/disposed
[2021-07-29 23:12:51.145] [exthost] [warning] TextEditor is closed/disposed
[2021-07-29 23:13:30.736] [exthost] [warning] TextEditor is closed/disposed
[2021-07-29 23:14:31.366] [exthost] [warning] TextEditor is closed/disposed
[2021-07-29 23:22:13.776] [exthost] [warning] TextEditor is closed/disposed
[2021-07-29 23:22:54.763] [exthost] [warning] TextEditor is closed/disposed
[2021-07-29 23:24:02.176] [exthost] [error] [vscode.typescript-language-features] provider FAILED
[2021-07-29 23:24:02.176] [exthost] [error] Error: DisposableStore is missing...
	at M._convertCompletionItem (/var/lib/snapd/snap/code/70/usr/share/code/resources/app/out/vs/workbench/services/extensions/node/extensionHostProcess.js:84:184535)
	at M.resolveCompletionItem (/var/lib/snapd/snap/code/70/usr/share/code/resources/app/out/vs/workbench/services/extensions/node/extensionHostProcess.js:84:184310)
[2021-07-29 23:25:01.490] [exthost] [warning] TextEditor is closed/disposed
[2021-07-29 23:27:31.588] [exthost] [warning] TextEditor is closed/disposed
[2021-07-29 23:29:32.694] [exthost] [warning] TextEditor is closed/disposed
[2021-07-29 23:29:39.744] [exthost] [warning] TextEditor is closed/disposed
[2021-07-29 23:32:49.676] [exthost] [warning] TextEditor is closed/disposed
[2021-07-29 23:34:36.202] [exthost] [warning] TextEditor is closed/disposed
[2021-07-29 23:34:44.523] [exthost] [warning] TextEditor is closed/disposed
[2021-07-29 23:34:52.914] [exthost] [warning] TextEditor is closed/disposed
[2021-07-29 23:38:22.643] [exthost] [error] [vscode.typescript-language-features] provider FAILED
[2021-07-29 23:38:22.643] [exthost] [error] Error: DisposableStore is missing...
	at M._convertCompletionItem (/var/lib/snapd/snap/code/70/usr/share/code/resources/app/out/vs/workbench/services/extensions/node/extensionHostProcess.js:84:184535)
	at M.resolveCompletionItem (/var/lib/snapd/snap/code/70/usr/share/code/resources/app/out/vs/workbench/services/extensions/node/extensionHostProcess.js:84:184310)
[2021-07-29 23:38:51.590] [exthost] [warning] TextEditor is closed/disposed
[2021-07-29 23:38:53.146] [exthost] [warning] TextEditor is closed/disposed
[2021-07-29 23:39:05.868] [exthost] [warning] TextEditor is closed/disposed
[2021-07-29 23:39:10.321] [exthost] [warning] TextEditor is closed/disposed
[2021-07-29 23:43:41.459] [exthost] [warning] TextEditor is closed/disposed
[2021-07-29 23:44:29.425] [exthost] [error] [vscode.typescript-language-features] provider FAILED
[2021-07-29 23:44:29.431] [exthost] [error] Error: DisposableStore is missing...
	at M._convertCompletionItem (/var/lib/snapd/snap/code/70/usr/share/code/resources/app/out/vs/workbench/services/extensions/node/extensionHostProcess.js:84:184535)
	at M.resolveCompletionItem (/var/lib/snapd/snap/code/70/usr/share/code/resources/app/out/vs/workbench/services/extensions/node/extensionHostProcess.js:84:184310)
[2021-07-29 23:46:07.998] [exthost] [warning] TextEditor is closed/disposed
[2021-07-29 23:47:29.107] [exthost] [warning] TextEditor is closed/disposed
[2021-07-29 23:47:29.170] [exthost] [info] ExtensionService#_doActivateExtension vscode.css-language-features {"startup":false,"extensionId":{"value":"vscode.css-language-features","_lower":"vscode.css-language-features"},"activationEvent":"onLanguage:css"}
[2021-07-29 23:47:29.171] [exthost] [info] ExtensionService#loadCommonJSModule file:///var/lib/snapd/snap/code/70/usr/share/code/resources/app/extensions/css-language-features/client/dist/node/cssClientMain
[2021-07-29 23:47:33.776] [exthost] [warning] TextEditor is closed/disposed
[2021-07-29 23:47:40.491] [exthost] [warning] TextEditor is closed/disposed
[2021-07-29 23:47:57.323] [exthost] [info] ExtensionService#_doActivateExtension vscode.html-language-features {"startup":false,"extensionId":{"value":"vscode.html-language-features","_lower":"vscode.html-language-features"},"activationEvent":"onLanguage:html"}
[2021-07-29 23:47:57.324] [exthost] [info] ExtensionService#loadCommonJSModule file:///var/lib/snapd/snap/code/70/usr/share/code/resources/app/extensions/html-language-features/client/dist/node/htmlClientMain
[2021-07-29 23:48:09.214] [exthost] [warning] TextEditor is closed/disposed
[2021-07-29 23:48:52.245] [exthost] [warning] TextEditor is closed/disposed
[2021-07-29 23:49:46.283] [exthost] [warning] TextEditor is closed/disposed
[2021-07-29 23:50:00.784] [exthost] [warning] TextEditor is closed/disposed
[2021-07-29 23:50:01.559] [exthost] [warning] TextEditor is closed/disposed
[2021-07-29 23:50:19.041] [exthost] [warning] TextEditor is closed/disposed
[2021-07-29 23:50:32.693] [exthost] [warning] TextEditor is closed/disposed
[2021-07-29 23:50:39.394] [exthost] [warning] TextEditor is closed/disposed
[2021-07-29 23:50:40.821] [exthost] [warning] TextEditor is closed/disposed
[2021-07-29 23:50:51.369] [exthost] [warning] TextEditor is closed/disposed
[2021-07-29 23:54:07.838] [exthost] [info] extension host terminating: renderer closed the socket
[2021-07-29 23:54:07.920] [exthost] [warning] {"name":"Canceled"}
[2021-07-29 23:54:08.918] [exthost] [info] exiting with code 0
