[2021-08-04 13:44:10.238] [exthost] [info] extension host started
[2021-08-04 13:44:10.238] [exthost] [info] Skipping acquiring lock for /home/racso/.config/Code/User/workspaceStorage/12659c0463cbb72a75b3acf2ea9f098b.
[2021-08-04 13:44:10.430] [exthost] [info] ExtensionService#_doActivateExtension vscode.microsoft-authentication {"startup":false,"extensionId":{"value":"vscode.microsoft-authentication","_lower":"vscode.microsoft-authentication"},"activationEvent":"onAuthenticationRequest:microsoft"}
[2021-08-04 13:44:10.430] [exthost] [info] ExtensionService#loadCommonJSModule file:///var/lib/snapd/snap/code/70/usr/share/code/resources/app/extensions/microsoft-authentication/dist/extension.js
[2021-08-04 13:44:10.448] [exthost] [info] ExtensionService#_doActivateExtension vscode.debug-auto-launch {"startup":true,"extensionId":{"value":"vscode.debug-auto-launch","_lower":"vscode.debug-auto-launch"},"activationEvent":"*"}
[2021-08-04 13:44:10.449] [exthost] [info] ExtensionService#loadCommonJSModule file:///var/lib/snapd/snap/code/70/usr/share/code/resources/app/extensions/debug-auto-launch/dist/extension
[2021-08-04 13:44:10.461] [exthost] [info] ExtensionService#_doActivateExtension vscode.git {"startup":true,"extensionId":{"value":"vscode.github","_lower":"vscode.github"},"activationEvent":"*"}
[2021-08-04 13:44:10.461] [exthost] [info] ExtensionService#loadCommonJSModule file:///var/lib/snapd/snap/code/70/usr/share/code/resources/app/extensions/git/dist/main
[2021-08-04 13:44:10.497] [exthost] [info] ExtensionService#_doActivateExtension donjayamanne.githistory {"startup":true,"extensionId":{"value":"donjayamanne.githistory","_lower":"donjayamanne.githistory"},"activationEvent":"*"}
[2021-08-04 13:44:10.497] [exthost] [info] ExtensionService#loadCommonJSModule file:///home/racso/.vscode/extensions/donjayamanne.githistory-0.6.18/dist/src/extension
[2021-08-04 13:44:10.952] [exthost] [info] ExtensionService#_doActivateExtension vscode.github {"startup":true,"extensionId":{"value":"vscode.github","_lower":"vscode.github"},"activationEvent":"*"}
[2021-08-04 13:44:10.953] [exthost] [info] ExtensionService#loadCommonJSModule file:///var/lib/snapd/snap/code/70/usr/share/code/resources/app/extensions/github/dist/extension.js
[2021-08-04 13:44:11.057] [exthost] [info] ExtensionService#_doActivateExtension ms-vscode.js-debug {"startup":false,"extensionId":{"value":"ms-vscode.js-debug","_lower":"ms-vscode.js-debug"},"activationEvent":"onCommand:extension.js-debug.clearAutoAttachVariables"}
[2021-08-04 13:44:11.057] [exthost] [info] ExtensionService#loadCommonJSModule file:///var/lib/snapd/snap/code/70/usr/share/code/resources/app/extensions/ms-vscode.js-debug/src/extension.js
[2021-08-04 13:44:11.279] [exthost] [info] eager extensions activated
[2021-08-04 13:44:11.357] [exthost] [info] ExtensionService#_doActivateExtension vscode.emmet {"startup":false,"extensionId":{"value":"vscode.emmet","_lower":"vscode.emmet"},"activationEvent":"onStartupFinished"}
[2021-08-04 13:44:11.357] [exthost] [info] ExtensionService#loadCommonJSModule file:///var/lib/snapd/snap/code/70/usr/share/code/resources/app/extensions/emmet/dist/node/emmetNodeMain
[2021-08-04 13:44:11.368] [exthost] [info] ExtensionService#_doActivateExtension vscode.merge-conflict {"startup":false,"extensionId":{"value":"vscode.merge-conflict","_lower":"vscode.merge-conflict"},"activationEvent":"onStartupFinished"}
[2021-08-04 13:44:11.368] [exthost] [info] ExtensionService#loadCommonJSModule file:///var/lib/snapd/snap/code/70/usr/share/code/resources/app/extensions/merge-conflict/dist/mergeConflictMain
[2021-08-04 13:44:11.373] [exthost] [info] ExtensionService#_doActivateExtension vscode.testing-editor-contributions {"startup":false,"extensionId":{"value":"vscode.testing-editor-contributions","_lower":"vscode.testing-editor-contributions"},"activationEvent":"onStartupFinished"}
[2021-08-04 13:44:11.373] [exthost] [info] ExtensionService#loadCommonJSModule file:///var/lib/snapd/snap/code/70/usr/share/code/resources/app/extensions/testing-editor-contributions/dist/extension.js
[2021-08-04 13:44:11.375] [exthost] [info] ExtensionService#_doActivateExtension eamodio.gitlens {"startup":false,"extensionId":{"value":"eamodio.gitlens","_lower":"eamodio.gitlens"},"activationEvent":"onStartupFinished"}
[2021-08-04 13:44:11.375] [exthost] [info] ExtensionService#loadCommonJSModule file:///home/racso/.vscode/extensions/eamodio.gitlens-11.6.0/dist/gitlens
[2021-08-04 13:44:11.524] [exthost] [info] ExtensionService#_doActivateExtension vscode.github-authentication {"startup":false,"extensionId":{"value":"vscode.github-authentication","_lower":"vscode.github-authentication"},"activationEvent":"onAuthenticationRequest:github"}
[2021-08-04 13:44:11.524] [exthost] [info] ExtensionService#loadCommonJSModule file:///var/lib/snapd/snap/code/70/usr/share/code/resources/app/extensions/github-authentication/dist/extension.js
[2021-08-04 13:44:23.894] [exthost] [info] ExtensionService#_doActivateExtension vscode.typescript-language-features {"startup":false,"extensionId":{"value":"vscode.typescript-language-features","_lower":"vscode.typescript-language-features"},"activationEvent":"onLanguage:javascript"}
[2021-08-04 13:44:23.898] [exthost] [info] ExtensionService#loadCommonJSModule file:///var/lib/snapd/snap/code/70/usr/share/code/resources/app/extensions/typescript-language-features/dist/extension
[2021-08-04 13:44:49.677] [exthost] [info] ExtensionService#_doActivateExtension vscode.configuration-editing {"startup":false,"extensionId":{"value":"vscode.configuration-editing","_lower":"vscode.configuration-editing"},"activationEvent":"onLanguage:jsonc"}
[2021-08-04 13:44:49.678] [exthost] [info] ExtensionService#loadCommonJSModule file:///var/lib/snapd/snap/code/70/usr/share/code/resources/app/extensions/configuration-editing/dist/configurationEditingMain
[2021-08-04 13:44:49.711] [exthost] [info] ExtensionService#_doActivateExtension vscode.json-language-features {"startup":false,"extensionId":{"value":"vscode.json-language-features","_lower":"vscode.json-language-features"},"activationEvent":"onLanguage:jsonc"}
[2021-08-04 13:44:49.712] [exthost] [info] ExtensionService#loadCommonJSModule file:///var/lib/snapd/snap/code/70/usr/share/code/resources/app/extensions/json-language-features/client/dist/node/jsonClientMain
[2021-08-04 13:47:18.491] [exthost] [info] ExtensionService#_doActivateExtension vscode.extension-editing {"startup":false,"extensionId":{"value":"vscode.extension-editing","_lower":"vscode.extension-editing"},"activationEvent":"onLanguage:typescript"}
[2021-08-04 13:47:18.495] [exthost] [info] ExtensionService#loadCommonJSModule file:///var/lib/snapd/snap/code/70/usr/share/code/resources/app/extensions/extension-editing/dist/extensionEditingMain
[2021-08-04 13:54:23.067] [exthost] [info] extension host terminating: renderer closed the socket
[2021-08-04 13:54:23.127] [exthost] [warning] {"name":"Canceled"}
[2021-08-04 13:54:24.125] [exthost] [info] exiting with code 0
