[47576][1626986774621][main][info]["Booting Postman 8.8.0, linux-5.10.42-1-MANJARO on x64"]
[47576][1626986774628][main][info]["EventBus~initialize - Success"]
[47576][1626986774633][main][info]["Proxy configuration has not been setup"]
[47576][1626986774635][main][info]["CloudProxyManager~init - Success"]
[47576][1626986774646][main][info]["UpdateHandler~init - Success"]
[47576][1626986775045][main][info]["RuntimeIPCAgent~started: Success"]
[47576][1626986775051][main][info]["LeaderSelection: Initialized successfully"]
[47576][1626986775203][main][info]["LinuxAutoUpdater~Cleanup - Initial cleanup successful"]
[47576][1626986775319][main][info]["GPU detected VID 4098 DID 5592 ACTIVE true"]
[47576][1626986775439][main][info]["Bootstrap-models~bootstrap - Success"]
[47576][1626986775774][main][info]["window-manager~newSharedWindow: Shell loaded"]
[47576][1626986780451][main][info]["Main~AppEvents - Received booted event for process shared"]
[47576][1626986785655][main][info]["UpdateHandler~app-update-events - Received event",{"name":"checkForElectronVersionUpdated","namespace":"appUpdate"}]
[47576][1626986785728][main][info]["Main~AppEvents - Received booted event for process scratchpad"]
[2705][1626987291137][main][info]["Booting Postman 8.8.0, linux-5.10.42-1-MANJARO on x64"]
[2705][1626987291142][main][info]["EventBus~initialize - Success"]
[2705][1626987291145][main][info]["Proxy configuration has not been setup"]
[2705][1626987291146][main][info]["CloudProxyManager~init - Success"]
[2705][1626987291156][main][info]["UpdateHandler~init - Success"]
[2705][1626987291549][main][info]["RuntimeIPCAgent~started: Success"]
[2705][1626987291563][main][info]["LeaderSelection: Initialized successfully"]
[2705][1626987291696][main][info]["LinuxAutoUpdater~Cleanup - Initial cleanup successful"]
[2705][1626987291778][main][info]["GPU detected VID 4098 DID 5592 ACTIVE true"]
[2705][1626987291819][main][info]["Bootstrap-models~bootstrap - Success"]
[2705][1626987292160][main][info]["window-manager~newSharedWindow: Shell loaded"]
[2705][1626987296011][main][info]["Main~AppEvents - Received booted event for process shared"]
[2705][1626987300984][main][info]["UpdateHandler~app-update-events - Received event",{"name":"checkForElectronVersionUpdated","namespace":"appUpdate"}]
[2705][1626987301043][main][info]["Main~AppEvents - Received booted event for process scratchpad"]
[2705][1626990258459][main][info]["WindowManager~closeHandler - Closed Window (id: 3 )"]
[2705][1626990258506][main][info]["Quitting app"]
[28370][1627075256084][main][info]["Booting Postman 8.8.0, linux-5.10.42-1-MANJARO on x64"]
[28370][1627075256089][main][info]["EventBus~initialize - Success"]
[28370][1627075256093][main][info]["Proxy configuration has not been setup"]
[28370][1627075256094][main][info]["CloudProxyManager~init - Success"]
[28370][1627075256104][main][info]["UpdateHandler~init - Success"]
[28370][1627075256508][main][info]["RuntimeIPCAgent~started: Success"]
[28370][1627075256513][main][info]["LeaderSelection: Initialized successfully"]
[28370][1627075256664][main][info]["LinuxAutoUpdater~Cleanup - Initial cleanup successful"]
[28370][1627075256740][main][info]["GPU detected VID 4098 DID 5592 ACTIVE true"]
[28370][1627075256794][main][info]["Bootstrap-models~bootstrap - Success"]
[28370][1627075257092][main][info]["window-manager~newSharedWindow: Shell loaded"]
[28370][1627075260889][main][info]["Main~AppEvents - Received booted event for process shared"]
[28370][1627075266385][main][info]["UpdateHandler~app-update-events - Received event",{"name":"checkForElectronVersionUpdated","namespace":"appUpdate"}]
[28370][1627075266432][main][info]["Main~AppEvents - Received booted event for process scratchpad"]
[28370][1627075276822][main][info]["UpdateHandler~app-update-events - Received event",{"name":"updateElectron","namespace":"appUpdate","data":{"channel":"stable","version":"8.8.0","downloadVersion":"8.9.0","appId":"9db0dfc0-791c-49cc-95e7-0a099b372ea4","userAgent":"Mozilla/5.0 (X11; Linux x86_64) AppleWebKit/537.36 (KHTML, like Gecko) Postman/8.8.0 Chrome/87.0.4280.88 Electron/11.1.1 Safari/537.36","platform":"LINUX","arch":"64","downloadURL":"https://dl.pstmn.io/download/version/8.9.0/linux_64","updateServerDomain":"https://dl.pstmn.io/","additionalParamsString":"installationId=9db0dfc0-791c-49cc-95e7-0a099b372ea4&userId=0&syncEnabled=false&teamPlan=&teamId=0","userId":"0"}}]
[28370][1627075276824][main][info]["LinuxUpdater~downloadUpdate - UpdateInfo received",{"channel":"stable","version":"8.8.0","downloadVersion":"8.9.0","appId":"9db0dfc0-791c-49cc-95e7-0a099b372ea4","userAgent":"Mozilla/5.0 (X11; Linux x86_64) AppleWebKit/537.36 (KHTML, like Gecko) Postman/8.8.0 Chrome/87.0.4280.88 Electron/11.1.1 Safari/537.36","platform":"LINUX","arch":"64","downloadURL":"https://dl.pstmn.io/download/version/8.9.0/linux_64","updateServerDomain":"https://dl.pstmn.io/","additionalParamsString":"installationId=9db0dfc0-791c-49cc-95e7-0a099b372ea4&userId=0&syncEnabled=false&teamPlan=&teamId=0","userId":"0"}]
[28370][1627075277126][main][info]["@postman/app-updater: error",{"errno":-13,"code":"EACCES","syscall":"open","path":"/opt/postman/Postman-1627075276825.tar.gz","name":"Error","message":"EACCES: permission denied, open '/opt/postman/Postman-1627075276825.tar.gz'","stack":"Error: EACCES: permission denied, open '/opt/postman/Postman-1627075276825.tar.gz'"},{"packageName":"Postman","eID":"Postman-1627075276825","downloadURL":"https://dl.pstmn.io/download/version/8.9.0/linux_64","downloadDirectory":"/opt/postman","downloadInfo":{"status":"DOWNLOAD_ERROR","error":{"errno":-13,"code":"EACCES","syscall":"open","path":"/opt/postman/Postman-1627075276825.tar.gz"},"downloadDirectory":"/opt/postman"}}]
[28370][1627075277128][main][info]["UpdateHandler~app-update-events - Received event",{"name":"electronAppUpdateError","namespace":"appUpdate","data":{"error":{"errno":-13,"code":"EACCES","syscall":"open","path":"/opt/postman/Postman-1627075276825.tar.gz","name":"Error","message":"EACCES: permission denied, open '/opt/postman/Postman-1627075276825.tar.gz'","stack":"Error: EACCES: permission denied, open '/opt/postman/Postman-1627075276825.tar.gz'"},"updateData":{"packageName":"Postman","eID":"Postman-1627075276825","downloadURL":"https://dl.pstmn.io/download/version/8.9.0/linux_64","downloadDirectory":"/opt/postman","downloadInfo":{"status":"DOWNLOAD_ERROR","error":{"errno":-13,"code":"EACCES","syscall":"open","path":"/opt/postman/Postman-1627075276825.tar.gz"},"downloadDirectory":"/opt/postman"}}}}]
[28370][1627078766903][main][info]["WindowManager~closeHandler - Closed Window (id: 3 )"]
[28370][1627078766948][main][info]["Quitting app"]
[12402][1627398914559][main][info]["Booting Postman 8.8.0, linux-5.10.42-1-MANJARO on x64"]
[12402][1627398914565][main][info]["EventBus~initialize - Success"]
[12402][1627398914570][main][info]["Proxy configuration has not been setup"]
[12402][1627398914574][main][info]["CloudProxyManager~init - Success"]
[12402][1627398914589][main][info]["UpdateHandler~init - Success"]
[12402][1627398915291][main][info]["RuntimeIPCAgent~started: Success"]
[12402][1627398915298][main][info]["LeaderSelection: Initialized successfully"]
[12402][1627398915524][main][info]["LinuxAutoUpdater~Cleanup - Initial cleanup successful"]
[12402][1627398915653][main][info]["GPU detected VID 4098 DID 5592 ACTIVE true"]
[12402][1627398915729][main][info]["Bootstrap-models~bootstrap - Success"]
[12402][1627398916223][main][info]["window-manager~newSharedWindow: Shell loaded"]
[12402][1627398921718][main][info]["Main~AppEvents - Received booted event for process shared"]
[12402][1627398928717][main][info]["UpdateHandler~app-update-events - Received event",{"name":"checkForElectronVersionUpdated","namespace":"appUpdate"}]
[12402][1627398928795][main][info]["Main~AppEvents - Received booted event for process scratchpad"]
[12402][1627398939416][main][info]["UpdateHandler~app-update-events - Received event",{"name":"updateElectron","namespace":"appUpdate","data":{"channel":"stable","version":"8.8.0","downloadVersion":"8.9.1","appId":"9db0dfc0-791c-49cc-95e7-0a099b372ea4","userAgent":"Mozilla/5.0 (X11; Linux x86_64) AppleWebKit/537.36 (KHTML, like Gecko) Postman/8.8.0 Chrome/87.0.4280.88 Electron/11.1.1 Safari/537.36","platform":"LINUX","arch":"64","downloadURL":"https://dl.pstmn.io/download/version/8.9.1/linux_64","updateServerDomain":"https://dl.pstmn.io/","additionalParamsString":"installationId=9db0dfc0-791c-49cc-95e7-0a099b372ea4&userId=0&syncEnabled=false&teamPlan=&teamId=0","userId":"0"}}]
[12402][1627398939417][main][info]["LinuxUpdater~downloadUpdate - UpdateInfo received",{"channel":"stable","version":"8.8.0","downloadVersion":"8.9.1","appId":"9db0dfc0-791c-49cc-95e7-0a099b372ea4","userAgent":"Mozilla/5.0 (X11; Linux x86_64) AppleWebKit/537.36 (KHTML, like Gecko) Postman/8.8.0 Chrome/87.0.4280.88 Electron/11.1.1 Safari/537.36","platform":"LINUX","arch":"64","downloadURL":"https://dl.pstmn.io/download/version/8.9.1/linux_64","updateServerDomain":"https://dl.pstmn.io/","additionalParamsString":"installationId=9db0dfc0-791c-49cc-95e7-0a099b372ea4&userId=0&syncEnabled=false&teamPlan=&teamId=0","userId":"0"}]
[12402][1627398939790][main][info]["@postman/app-updater: error",{"errno":-13,"code":"EACCES","syscall":"open","path":"/opt/postman/Postman-1627398939418.tar.gz","name":"Error","message":"EACCES: permission denied, open '/opt/postman/Postman-1627398939418.tar.gz'","stack":"Error: EACCES: permission denied, open '/opt/postman/Postman-1627398939418.tar.gz'"},{"packageName":"Postman","eID":"Postman-1627398939418","downloadURL":"https://dl.pstmn.io/download/version/8.9.1/linux_64","downloadDirectory":"/opt/postman","downloadInfo":{"status":"DOWNLOAD_ERROR","error":{"errno":-13,"code":"EACCES","syscall":"open","path":"/opt/postman/Postman-1627398939418.tar.gz"},"downloadDirectory":"/opt/postman"}}]
[12402][1627398939793][main][info]["UpdateHandler~app-update-events - Received event",{"name":"electronAppUpdateError","namespace":"appUpdate","data":{"error":{"errno":-13,"code":"EACCES","syscall":"open","path":"/opt/postman/Postman-1627398939418.tar.gz","name":"Error","message":"EACCES: permission denied, open '/opt/postman/Postman-1627398939418.tar.gz'","stack":"Error: EACCES: permission denied, open '/opt/postman/Postman-1627398939418.tar.gz'"},"updateData":{"packageName":"Postman","eID":"Postman-1627398939418","downloadURL":"https://dl.pstmn.io/download/version/8.9.1/linux_64","downloadDirectory":"/opt/postman","downloadInfo":{"status":"DOWNLOAD_ERROR","error":{"errno":-13,"code":"EACCES","syscall":"open","path":"/opt/postman/Postman-1627398939418.tar.gz"},"downloadDirectory":"/opt/postman"}}}}]
[4945][1627758371253][main][info]["Booting Postman 8.8.0, linux-5.10.42-1-MANJARO on x64"]
[4945][1627758371258][main][info]["EventBus~initialize - Success"]
[4945][1627758371263][main][info]["Proxy configuration has not been setup"]
[4945][1627758371264][main][info]["CloudProxyManager~init - Success"]
[4945][1627758371278][main][info]["UpdateHandler~init - Success"]
[4945][1627758371688][main][info]["RuntimeIPCAgent~started: Success"]
[4945][1627758371693][main][info]["LeaderSelection: Initialized successfully"]
[4945][1627758371834][main][info]["LinuxAutoUpdater~Cleanup - Initial cleanup successful"]
[4945][1627758371917][main][info]["GPU detected VID 4098 DID 5592 ACTIVE true"]
[4945][1627758371964][main][info]["Bootstrap-models~bootstrap - Success"]
[4945][1627758372274][main][info]["window-manager~newSharedWindow: Shell loaded"]
[4945][1627758377464][main][info]["Main~AppEvents - Received booted event for process shared"]
[4945][1627758386657][main][info]["UpdateHandler~app-update-events - Received event",{"name":"checkForElectronVersionUpdated","namespace":"appUpdate"}]
[4945][1627758386776][main][info]["Main~AppEvents - Received booted event for process scratchpad"]
[4945][1627758397166][main][info]["UpdateHandler~app-update-events - Received event",{"name":"updateElectron","namespace":"appUpdate","data":{"channel":"stable","version":"8.8.0","downloadVersion":"8.9.1","appId":"9db0dfc0-791c-49cc-95e7-0a099b372ea4","userAgent":"Mozilla/5.0 (X11; Linux x86_64) AppleWebKit/537.36 (KHTML, like Gecko) Postman/8.8.0 Chrome/87.0.4280.88 Electron/11.1.1 Safari/537.36","platform":"LINUX","arch":"64","downloadURL":"https://dl.pstmn.io/download/version/8.9.1/linux_64","updateServerDomain":"https://dl.pstmn.io/","additionalParamsString":"installationId=9db0dfc0-791c-49cc-95e7-0a099b372ea4&userId=0&syncEnabled=false&teamPlan=&teamId=0","userId":"0"}}]
[4945][1627758397168][main][info]["LinuxUpdater~downloadUpdate - UpdateInfo received",{"channel":"stable","version":"8.8.0","downloadVersion":"8.9.1","appId":"9db0dfc0-791c-49cc-95e7-0a099b372ea4","userAgent":"Mozilla/5.0 (X11; Linux x86_64) AppleWebKit/537.36 (KHTML, like Gecko) Postman/8.8.0 Chrome/87.0.4280.88 Electron/11.1.1 Safari/537.36","platform":"LINUX","arch":"64","downloadURL":"https://dl.pstmn.io/download/version/8.9.1/linux_64","updateServerDomain":"https://dl.pstmn.io/","additionalParamsString":"installationId=9db0dfc0-791c-49cc-95e7-0a099b372ea4&userId=0&syncEnabled=false&teamPlan=&teamId=0","userId":"0"}]
[4945][1627758398183][main][info]["@postman/app-updater: error",{"errno":-13,"code":"EACCES","syscall":"open","path":"/opt/postman/Postman-1627758397168.tar.gz","name":"Error","message":"EACCES: permission denied, open '/opt/postman/Postman-1627758397168.tar.gz'","stack":"Error: EACCES: permission denied, open '/opt/postman/Postman-1627758397168.tar.gz'"},{"packageName":"Postman","eID":"Postman-1627758397168","downloadURL":"https://dl.pstmn.io/download/version/8.9.1/linux_64","downloadDirectory":"/opt/postman","downloadInfo":{"status":"DOWNLOAD_ERROR","error":{"errno":-13,"code":"EACCES","syscall":"open","path":"/opt/postman/Postman-1627758397168.tar.gz"},"downloadDirectory":"/opt/postman"}}]
[4945][1627758398186][main][info]["UpdateHandler~app-update-events - Received event",{"name":"electronAppUpdateError","namespace":"appUpdate","data":{"error":{"errno":-13,"code":"EACCES","syscall":"open","path":"/opt/postman/Postman-1627758397168.tar.gz","name":"Error","message":"EACCES: permission denied, open '/opt/postman/Postman-1627758397168.tar.gz'","stack":"Error: EACCES: permission denied, open '/opt/postman/Postman-1627758397168.tar.gz'"},"updateData":{"packageName":"Postman","eID":"Postman-1627758397168","downloadURL":"https://dl.pstmn.io/download/version/8.9.1/linux_64","downloadDirectory":"/opt/postman","downloadInfo":{"status":"DOWNLOAD_ERROR","error":{"errno":-13,"code":"EACCES","syscall":"open","path":"/opt/postman/Postman-1627758397168.tar.gz"},"downloadDirectory":"/opt/postman"}}}}]
[61591][1627935523839][main][info]["Booting Postman 8.8.0, linux-5.10.42-1-MANJARO on x64"]
[61591][1627935523843][main][info]["EventBus~initialize - Success"]
[61591][1627935523845][main][info]["Proxy configuration has not been setup"]
[61591][1627935523846][main][info]["CloudProxyManager~init - Success"]
[61591][1627935523852][main][info]["UpdateHandler~init - Success"]
[61591][1627935524203][main][info]["RuntimeIPCAgent~started: Success"]
[61591][1627935524208][main][info]["LeaderSelection: Initialized successfully"]
[61591][1627935524446][main][info]["LinuxAutoUpdater~Cleanup - Initial cleanup successful"]
[61591][1627935524673][main][info]["GPU detected VID 4098 DID 5592 ACTIVE true"]
[61591][1627935524852][main][info]["Bootstrap-models~bootstrap - Success"]
[61591][1627935525533][main][info]["window-manager~newSharedWindow: Shell loaded"]
[1989][1627935620686][main][info]["Booting Postman 8.8.0, linux-5.10.42-1-MANJARO on x64"]
[1989][1627935620691][main][info]["EventBus~initialize - Success"]
[1989][1627935620695][main][info]["Proxy configuration has not been setup"]
[1989][1627935620697][main][info]["CloudProxyManager~init - Success"]
[1989][1627935620709][main][info]["UpdateHandler~init - Success"]
[1989][1627935621027][main][info]["RuntimeIPCAgent~started: Success"]
[1989][1627935621030][main][info]["LeaderSelection: Initialized successfully"]
[1989][1627935621183][main][info]["LinuxAutoUpdater~Cleanup - Initial cleanup successful"]
[1989][1627935621266][main][info]["GPU detected VID 4098 DID 5592 ACTIVE true"]
[1989][1627935621310][main][info]["Bootstrap-models~bootstrap - Success"]
[1989][1627935621647][main][info]["window-manager~newSharedWindow: Shell loaded"]
[1989][1627935625787][main][info]["Main~AppEvents - Received booted event for process shared"]
[1989][1627935629881][main][info]["UpdateHandler~app-update-events - Received event",{"name":"checkForElectronVersionUpdated","namespace":"appUpdate"}]
[1989][1627935629919][main][info]["Main~AppEvents - Received booted event for process scratchpad"]
[1989][1627935640499][main][info]["UpdateHandler~app-update-events - Received event",{"name":"updateElectron","namespace":"appUpdate","data":{"channel":"stable","version":"8.8.0","downloadVersion":"8.9.1","appId":"9db0dfc0-791c-49cc-95e7-0a099b372ea4","userAgent":"Mozilla/5.0 (X11; Linux x86_64) AppleWebKit/537.36 (KHTML, like Gecko) Postman/8.8.0 Chrome/87.0.4280.88 Electron/11.1.1 Safari/537.36","platform":"LINUX","arch":"64","downloadURL":"https://dl.pstmn.io/download/version/8.9.1/linux_64","updateServerDomain":"https://dl.pstmn.io/","additionalParamsString":"installationId=9db0dfc0-791c-49cc-95e7-0a099b372ea4&userId=0&syncEnabled=false&teamPlan=&teamId=0","userId":"0"}}]
[1989][1627935640500][main][info]["LinuxUpdater~downloadUpdate - UpdateInfo received",{"channel":"stable","version":"8.8.0","downloadVersion":"8.9.1","appId":"9db0dfc0-791c-49cc-95e7-0a099b372ea4","userAgent":"Mozilla/5.0 (X11; Linux x86_64) AppleWebKit/537.36 (KHTML, like Gecko) Postman/8.8.0 Chrome/87.0.4280.88 Electron/11.1.1 Safari/537.36","platform":"LINUX","arch":"64","downloadURL":"https://dl.pstmn.io/download/version/8.9.1/linux_64","updateServerDomain":"https://dl.pstmn.io/","additionalParamsString":"installationId=9db0dfc0-791c-49cc-95e7-0a099b372ea4&userId=0&syncEnabled=false&teamPlan=&teamId=0","userId":"0"}]
[1989][1627935646063][main][info]["@postman/app-updater: error",{"errno":-13,"code":"EACCES","syscall":"open","path":"/opt/postman/Postman-1627935640501.tar.gz","name":"Error","message":"EACCES: permission denied, open '/opt/postman/Postman-1627935640501.tar.gz'","stack":"Error: EACCES: permission denied, open '/opt/postman/Postman-1627935640501.tar.gz'"},{"packageName":"Postman","eID":"Postman-1627935640501","downloadURL":"https://dl.pstmn.io/download/version/8.9.1/linux_64","downloadDirectory":"/opt/postman","downloadInfo":{"status":"DOWNLOAD_ERROR","error":{"errno":-13,"code":"EACCES","syscall":"open","path":"/opt/postman/Postman-1627935640501.tar.gz"},"downloadDirectory":"/opt/postman"}}]
[1989][1627935646065][main][info]["UpdateHandler~app-update-events - Received event",{"name":"electronAppUpdateError","namespace":"appUpdate","data":{"error":{"errno":-13,"code":"EACCES","syscall":"open","path":"/opt/postman/Postman-1627935640501.tar.gz","name":"Error","message":"EACCES: permission denied, open '/opt/postman/Postman-1627935640501.tar.gz'","stack":"Error: EACCES: permission denied, open '/opt/postman/Postman-1627935640501.tar.gz'"},"updateData":{"packageName":"Postman","eID":"Postman-1627935640501","downloadURL":"https://dl.pstmn.io/download/version/8.9.1/linux_64","downloadDirectory":"/opt/postman","downloadInfo":{"status":"DOWNLOAD_ERROR","error":{"errno":-13,"code":"EACCES","syscall":"open","path":"/opt/postman/Postman-1627935640501.tar.gz"},"downloadDirectory":"/opt/postman"}}}}]
[1989][1627936155538][main][info]["WindowManager~closeHandler - Closed Window (id: 3 )"]
[1989][1627936155558][main][info]["Quitting app"]
[3360][1627936242802][main][info]["Booting Postman 8.8.0, linux-5.10.42-1-MANJARO on x64"]
[3360][1627936242807][main][info]["EventBus~initialize - Success"]
[3360][1627936242810][main][info]["Proxy configuration has not been setup"]
[3360][1627936242810][main][info]["CloudProxyManager~init - Success"]
[3360][1627936242822][main][info]["UpdateHandler~init - Success"]
[3360][1627936243141][main][info]["RuntimeIPCAgent~started: Success"]
[3360][1627936243145][main][info]["LeaderSelection: Initialized successfully"]
[3360][1627936243273][main][info]["LinuxAutoUpdater~Cleanup - Initial cleanup successful"]
[3360][1627936243339][main][info]["GPU detected VID 4098 DID 5592 ACTIVE true"]
[3360][1627936243389][main][info]["Bootstrap-models~bootstrap - Success"]
[3360][1627936243694][main][info]["window-manager~newSharedWindow: Shell loaded"]
[3360][1627936247403][main][info]["Main~AppEvents - Received booted event for process shared"]
[3360][1627936251999][main][info]["UpdateHandler~app-update-events - Received event",{"name":"checkForElectronVersionUpdated","namespace":"appUpdate"}]
[3360][1627936252048][main][info]["Main~AppEvents - Received booted event for process scratchpad"]
[3360][1627936262615][main][info]["UpdateHandler~app-update-events - Received event",{"name":"updateElectron","namespace":"appUpdate","data":{"channel":"stable","version":"8.8.0","downloadVersion":"8.9.1","appId":"9db0dfc0-791c-49cc-95e7-0a099b372ea4","userAgent":"Mozilla/5.0 (X11; Linux x86_64) AppleWebKit/537.36 (KHTML, like Gecko) Postman/8.8.0 Chrome/87.0.4280.88 Electron/11.1.1 Safari/537.36","platform":"LINUX","arch":"64","downloadURL":"https://dl.pstmn.io/download/version/8.9.1/linux_64","updateServerDomain":"https://dl.pstmn.io/","additionalParamsString":"installationId=9db0dfc0-791c-49cc-95e7-0a099b372ea4&userId=0&syncEnabled=false&teamPlan=&teamId=0","userId":"0"}}]
[3360][1627936262616][main][info]["LinuxUpdater~downloadUpdate - UpdateInfo received",{"channel":"stable","version":"8.8.0","downloadVersion":"8.9.1","appId":"9db0dfc0-791c-49cc-95e7-0a099b372ea4","userAgent":"Mozilla/5.0 (X11; Linux x86_64) AppleWebKit/537.36 (KHTML, like Gecko) Postman/8.8.0 Chrome/87.0.4280.88 Electron/11.1.1 Safari/537.36","platform":"LINUX","arch":"64","downloadURL":"https://dl.pstmn.io/download/version/8.9.1/linux_64","updateServerDomain":"https://dl.pstmn.io/","additionalParamsString":"installationId=9db0dfc0-791c-49cc-95e7-0a099b372ea4&userId=0&syncEnabled=false&teamPlan=&teamId=0","userId":"0"}]
[3360][1627936263035][main][info]["@postman/app-updater: error",{"errno":-13,"code":"EACCES","syscall":"open","path":"/opt/postman/Postman-1627936262617.tar.gz","name":"Error","message":"EACCES: permission denied, open '/opt/postman/Postman-1627936262617.tar.gz'","stack":"Error: EACCES: permission denied, open '/opt/postman/Postman-1627936262617.tar.gz'"},{"packageName":"Postman","eID":"Postman-1627936262617","downloadURL":"https://dl.pstmn.io/download/version/8.9.1/linux_64","downloadDirectory":"/opt/postman","downloadInfo":{"status":"DOWNLOAD_ERROR","error":{"errno":-13,"code":"EACCES","syscall":"open","path":"/opt/postman/Postman-1627936262617.tar.gz"},"downloadDirectory":"/opt/postman"}}]
[3360][1627936263037][main][info]["UpdateHandler~app-update-events - Received event",{"name":"electronAppUpdateError","namespace":"appUpdate","data":{"error":{"errno":-13,"code":"EACCES","syscall":"open","path":"/opt/postman/Postman-1627936262617.tar.gz","name":"Error","message":"EACCES: permission denied, open '/opt/postman/Postman-1627936262617.tar.gz'","stack":"Error: EACCES: permission denied, open '/opt/postman/Postman-1627936262617.tar.gz'"},"updateData":{"packageName":"Postman","eID":"Postman-1627936262617","downloadURL":"https://dl.pstmn.io/download/version/8.9.1/linux_64","downloadDirectory":"/opt/postman","downloadInfo":{"status":"DOWNLOAD_ERROR","error":{"errno":-13,"code":"EACCES","syscall":"open","path":"/opt/postman/Postman-1627936262617.tar.gz"},"downloadDirectory":"/opt/postman"}}}}]
[3360][1627936343617][main][info]["WindowManager~closeHandler - Closed Window (id: 3 )"]
[3360][1627936343671][main][info]["Quitting app"]
[3971][1627936442309][main][info]["Booting Postman 8.8.0, linux-5.10.42-1-MANJARO on x64"]
[3971][1627936442315][main][info]["EventBus~initialize - Success"]
[3971][1627936442319][main][info]["Proxy configuration has not been setup"]
[3971][1627936442321][main][info]["CloudProxyManager~init - Success"]
[3971][1627936442335][main][info]["UpdateHandler~init - Success"]
[3971][1627936442804][main][info]["RuntimeIPCAgent~started: Success"]
[3971][1627936442809][main][info]["LeaderSelection: Initialized successfully"]
[3971][1627936442972][main][info]["LinuxAutoUpdater~Cleanup - Initial cleanup successful"]
[3971][1627936443052][main][info]["GPU detected VID 4098 DID 5592 ACTIVE true"]
[3971][1627936443122][main][info]["Bootstrap-models~bootstrap - Success"]
[3971][1627936443554][main][info]["window-manager~newSharedWindow: Shell loaded"]
[3971][1627936448051][main][info]["Main~AppEvents - Received booted event for process shared"]
[3971][1627936455074][main][info]["UpdateHandler~app-update-events - Received event",{"name":"checkForElectronVersionUpdated","namespace":"appUpdate"}]
[3971][1627936455128][main][info]["Main~AppEvents - Received booted event for process scratchpad"]
[3971][1627936465596][main][info]["UpdateHandler~app-update-events - Received event",{"name":"updateElectron","namespace":"appUpdate","data":{"channel":"stable","version":"8.8.0","downloadVersion":"8.9.1","appId":"9db0dfc0-791c-49cc-95e7-0a099b372ea4","userAgent":"Mozilla/5.0 (X11; Linux x86_64) AppleWebKit/537.36 (KHTML, like Gecko) Postman/8.8.0 Chrome/87.0.4280.88 Electron/11.1.1 Safari/537.36","platform":"LINUX","arch":"64","downloadURL":"https://dl.pstmn.io/download/version/8.9.1/linux_64","updateServerDomain":"https://dl.pstmn.io/","additionalParamsString":"installationId=9db0dfc0-791c-49cc-95e7-0a099b372ea4&userId=0&syncEnabled=false&teamPlan=&teamId=0","userId":"0"}}]
[3971][1627936465597][main][info]["LinuxUpdater~downloadUpdate - UpdateInfo received",{"channel":"stable","version":"8.8.0","downloadVersion":"8.9.1","appId":"9db0dfc0-791c-49cc-95e7-0a099b372ea4","userAgent":"Mozilla/5.0 (X11; Linux x86_64) AppleWebKit/537.36 (KHTML, like Gecko) Postman/8.8.0 Chrome/87.0.4280.88 Electron/11.1.1 Safari/537.36","platform":"LINUX","arch":"64","downloadURL":"https://dl.pstmn.io/download/version/8.9.1/linux_64","updateServerDomain":"https://dl.pstmn.io/","additionalParamsString":"installationId=9db0dfc0-791c-49cc-95e7-0a099b372ea4&userId=0&syncEnabled=false&teamPlan=&teamId=0","userId":"0"}]
[3971][1627936465986][main][info]["@postman/app-updater: error",{"errno":-13,"code":"EACCES","syscall":"open","path":"/opt/postman/Postman-1627936465598.tar.gz","name":"Error","message":"EACCES: permission denied, open '/opt/postman/Postman-1627936465598.tar.gz'","stack":"Error: EACCES: permission denied, open '/opt/postman/Postman-1627936465598.tar.gz'"},{"packageName":"Postman","eID":"Postman-1627936465598","downloadURL":"https://dl.pstmn.io/download/version/8.9.1/linux_64","downloadDirectory":"/opt/postman","downloadInfo":{"status":"DOWNLOAD_ERROR","error":{"errno":-13,"code":"EACCES","syscall":"open","path":"/opt/postman/Postman-1627936465598.tar.gz"},"downloadDirectory":"/opt/postman"}}]
[3971][1627936465987][main][info]["UpdateHandler~app-update-events - Received event",{"name":"electronAppUpdateError","namespace":"appUpdate","data":{"error":{"errno":-13,"code":"EACCES","syscall":"open","path":"/opt/postman/Postman-1627936465598.tar.gz","name":"Error","message":"EACCES: permission denied, open '/opt/postman/Postman-1627936465598.tar.gz'","stack":"Error: EACCES: permission denied, open '/opt/postman/Postman-1627936465598.tar.gz'"},"updateData":{"packageName":"Postman","eID":"Postman-1627936465598","downloadURL":"https://dl.pstmn.io/download/version/8.9.1/linux_64","downloadDirectory":"/opt/postman","downloadInfo":{"status":"DOWNLOAD_ERROR","error":{"errno":-13,"code":"EACCES","syscall":"open","path":"/opt/postman/Postman-1627936465598.tar.gz"},"downloadDirectory":"/opt/postman"}}}}]
[3971][1627936819655][main][info]["WindowManager~closeHandler - Closed Window (id: 3 )"]
[3971][1627936819695][main][info]["Quitting app"]
