[47576][1626986775738][shell][info]["EventBus~initialize - Success"]
[47576][1626986775756][shell][info]["bootShellCrashReporter~ Success"]
[47576][1626986775782][shell][info]["shellController~init: Success"]
[47576][1626986775783][shell][info]["shellMeta~init: Success"]
[47576][1626986775784][shell][info]["partitionMigrationService: State of V7 partition:"]
[47576][1626986775784][shell][info]["partitionMigrationService: V7 partitions",[]]
[47576][1626986775784][shell][info]["partitionMigrationService: V7 lastActiveUser",null]
[47576][1626986775785][shell][info]["partitionMigrationService: V7 activePartition",null]
[47576][1626986775785][shell][info]["partitionMigrationService: V7 isPartitionDirty",null]
[47576][1626986775786][shell][info]["partitionMigrationService~rectifyNamespaceOfScratchPadPartition: There is no partition with scratchpad namespace"]
[47576][1626986775786][shell][info]["partitionMigrationService~rectifyNamespaceOfScratchPadPartition: There is no transit partition which could have been used for scratchpad"]
[47576][1626986775787][shell][info]["partitionMigrationService~init: Success"]
[47576][1626986775787][shell][info]["partitionMigrationService~runV8PartitionsIntegrity: Two way migration~ removing the following partitions from v8",[]]
[47576][1626986775788][shell][info]["userPartitionService~_rectifyTheActivePartitionOfApplication: Setting the active partition to ",null]
[47576][1626986775789][shell][info]["userPartitionService~init: Success"]
[47576][1626986775790][shell][info]["userPartitionService: State of v8 partition system:"]
[47576][1626986775790][shell][info]["userPartitionService: List of partitions:",[]]
[47576][1626986775790][shell][info]["userPartitionService: users global meta:",{"activePartition":null}]
[47576][1626986775791][shell][info]["shell~init~loadView: loading scratchpad partition"]
[47576][1626986775801][shell][info]["shell~init~loadView: loading active partition","42b7af55-ab18-4085-966a-3ea74d09e755"]
[47576][1626986775803][shell][info]["init~setViewAttributes - Initializing view with opts:",{"id":2,"type":"shared","startTime":1626986775126,"devtools":false,"partitionId":"42b7af55-ab18-4085-966a-3ea74d09e755"}]
[47576][1626986775804][shell][info]["Shell~init~setViewAttributes: passing scratchpad partition id as ","42b7af55-ab18-4085-966a-3ea74d09e755"]
[47576][1626986775804][shell][info]["Shell~init~setViewAttributes: do we have any logged in users? ",false]
[47576][1626986775806][shell][info]["init~setViewAttributes - Success"]
[47576][1626986780452][shell][info]["Shell~init~sendUsersDataToRenderer",[]]
[47576][1626986780455][shell][info]["Shell~init~requestTeamIdIfV7Partition: requesting user context from requester web view"]
[47576][1626986780568][shell][info]["Shell~init~attachShellIPCListeners: Received user context from requester web view",{"userId":"0","teamId":"0"}]
[47576][1626986781095][shell][info]["EventBus~initialize - Success"]
[47576][1626986781108][shell][info]["bootShellCrashReporter~ Success"]
[47576][1626986781134][shell][info]["userPartitionService: State of v8 partition system:"]
[47576][1626986781136][shell][info]["userPartitionService: List of partitions:",[{"partitionId":"42b7af55-ab18-4085-966a-3ea74d09e755","namespace":"scratchPad","userId":0,"teamId":0,"isDirty":false}]]
[47576][1626986781136][shell][info]["userPartitionService: users global meta:",{"activePartition":"42b7af55-ab18-4085-966a-3ea74d09e755"}]
[47576][1626986781137][shell][info]["shell~init~loadView: loading active partition"]
[47576][1626986781137][shell][info]["shell~init~loadView: loading active partition","42b7af55-ab18-4085-966a-3ea74d09e755"]
[47576][1626986781139][shell][info]["init~setViewAttributes - Initializing view with opts:",{"id":3,"type":"requester","startTime":1626986780541,"devtools":false,"primaryId":3,"allIds":[3],"partitionId":"42b7af55-ab18-4085-966a-3ea74d09e755"}]
[47576][1626986781140][shell][info]["Shell~init~setViewAttributes: passing scratchpad partition id as ","42b7af55-ab18-4085-966a-3ea74d09e755"]
[47576][1626986781141][shell][info]["Shell~init~setViewAttributes: do we have any logged in users? ",false]
[47576][1626986781142][shell][info]["init~setViewAttributes - Success"]
[47576][1626986785714][shell][info]["Shell~init~sendUsersDataToRenderer",[]]
[47576][1626986785801][shell][info]["Shell~init~sendUsersDataToRenderer",[]]
[2705][1626987292125][shell][info]["EventBus~initialize - Success"]
[2705][1626987292143][shell][info]["bootShellCrashReporter~ Success"]
[2705][1626987292171][shell][info]["shellController~init: Success"]
[2705][1626987292171][shell][info]["shellMeta~init: Success"]
[2705][1626987292172][shell][info]["partitionMigrationService: State of V7 partition:"]
[2705][1626987292172][shell][info]["partitionMigrationService: V7 partitions",[]]
[2705][1626987292172][shell][info]["partitionMigrationService: V7 lastActiveUser",null]
[2705][1626987292172][shell][info]["partitionMigrationService: V7 activePartition",null]
[2705][1626987292173][shell][info]["partitionMigrationService: V7 isPartitionDirty",null]
[2705][1626987292173][shell][info]["partitionMigrationService~init: Success"]
[2705][1626987292174][shell][info]["partitionMigrationService~runV8PartitionsIntegrity: Two way migration~ removing the following partitions from v8",[]]
[2705][1626987292175][shell][info]["userPartitionService~_rectifyTheActivePartitionOfApplication: Setting the active partition to ",null]
[2705][1626987292175][shell][info]["userPartitionService~init: Success"]
[2705][1626987292177][shell][info]["userPartitionService: State of v8 partition system:"]
[2705][1626987292178][shell][info]["userPartitionService: List of partitions:",[{"partitionId":"42b7af55-ab18-4085-966a-3ea74d09e755","namespace":"scratchPad","userId":0,"teamId":0,"isDirty":false}]]
[2705][1626987292178][shell][info]["userPartitionService: users global meta:",{"activePartition":null}]
[2705][1626987292178][shell][info]["shell~init~loadView: loading scratchpad partition"]
[2705][1626987292179][shell][info]["shell~init~loadView: loading active partition","42b7af55-ab18-4085-966a-3ea74d09e755"]
[2705][1626987292180][shell][info]["init~setViewAttributes - Initializing view with opts:",{"id":2,"type":"shared","startTime":1626987291628,"devtools":false,"partitionId":"42b7af55-ab18-4085-966a-3ea74d09e755"}]
[2705][1626987292182][shell][info]["Shell~init~setViewAttributes: passing scratchpad partition id as ","42b7af55-ab18-4085-966a-3ea74d09e755"]
[2705][1626987292183][shell][info]["Shell~init~setViewAttributes: do we have any logged in users? ",false]
[2705][1626987292184][shell][info]["init~setViewAttributes - Success"]
[2705][1626987296015][shell][info]["Shell~init~sendUsersDataToRenderer",[]]
[2705][1626987296018][shell][info]["Shell~init~requestTeamIdIfV7Partition: requesting user context from requester web view"]
[2705][1626987296421][shell][info]["Shell~init~attachShellIPCListeners: Received user context from requester web view",{"userId":"0","teamId":"0"}]
[2705][1626987296855][shell][info]["EventBus~initialize - Success"]
[2705][1626987296869][shell][info]["bootShellCrashReporter~ Success"]
[2705][1626987296893][shell][info]["userPartitionService: State of v8 partition system:"]
[2705][1626987296895][shell][info]["userPartitionService: List of partitions:",[{"partitionId":"42b7af55-ab18-4085-966a-3ea74d09e755","namespace":"scratchPad","userId":0,"teamId":0,"isDirty":false}]]
[2705][1626987296895][shell][info]["userPartitionService: users global meta:",{"activePartition":"42b7af55-ab18-4085-966a-3ea74d09e755"}]
[2705][1626987296896][shell][info]["shell~init~loadView: loading active partition"]
[2705][1626987296896][shell][info]["shell~init~loadView: loading active partition","42b7af55-ab18-4085-966a-3ea74d09e755"]
[2705][1626987296898][shell][info]["init~setViewAttributes - Initializing view with opts:",{"id":3,"type":"requester","startTime":1626987296426,"devtools":false,"primaryId":3,"allIds":[3],"partitionId":"42b7af55-ab18-4085-966a-3ea74d09e755"}]
[2705][1626987296899][shell][info]["Shell~init~setViewAttributes: passing scratchpad partition id as ","42b7af55-ab18-4085-966a-3ea74d09e755"]
[2705][1626987296899][shell][info]["Shell~init~setViewAttributes: do we have any logged in users? ",false]
[2705][1626987296901][shell][info]["init~setViewAttributes - Success"]
[2705][1626987301037][shell][info]["Shell~init~sendUsersDataToRenderer",[]]
[2705][1626987301106][shell][info]["Shell~init~sendUsersDataToRenderer",[]]
[28370][1627075257060][shell][info]["EventBus~initialize - Success"]
[28370][1627075257076][shell][info]["bootShellCrashReporter~ Success"]
[28370][1627075257101][shell][info]["shellController~init: Success"]
[28370][1627075257102][shell][info]["shellMeta~init: Success"]
[28370][1627075257102][shell][info]["partitionMigrationService: State of V7 partition:"]
[28370][1627075257102][shell][info]["partitionMigrationService: V7 partitions",[]]
[28370][1627075257103][shell][info]["partitionMigrationService: V7 lastActiveUser",null]
[28370][1627075257103][shell][info]["partitionMigrationService: V7 activePartition",null]
[28370][1627075257103][shell][info]["partitionMigrationService: V7 isPartitionDirty",null]
[28370][1627075257104][shell][info]["partitionMigrationService~init: Success"]
[28370][1627075257105][shell][info]["partitionMigrationService~runV8PartitionsIntegrity: Two way migration~ removing the following partitions from v8",[]]
[28370][1627075257106][shell][info]["userPartitionService~_rectifyTheActivePartitionOfApplication: Setting the active partition to ",null]
[28370][1627075257106][shell][info]["userPartitionService~init: Success"]
[28370][1627075257108][shell][info]["userPartitionService: State of v8 partition system:"]
[28370][1627075257108][shell][info]["userPartitionService: List of partitions:",[{"partitionId":"42b7af55-ab18-4085-966a-3ea74d09e755","namespace":"scratchPad","userId":0,"teamId":0,"isDirty":false}]]
[28370][1627075257109][shell][info]["userPartitionService: users global meta:",{"activePartition":null}]
[28370][1627075257109][shell][info]["shell~init~loadView: loading scratchpad partition"]
[28370][1627075257109][shell][info]["shell~init~loadView: loading active partition","42b7af55-ab18-4085-966a-3ea74d09e755"]
[28370][1627075257111][shell][info]["init~setViewAttributes - Initializing view with opts:",{"id":2,"type":"shared","startTime":1627075256586,"devtools":false,"partitionId":"42b7af55-ab18-4085-966a-3ea74d09e755"}]
[28370][1627075257112][shell][info]["Shell~init~setViewAttributes: passing scratchpad partition id as ","42b7af55-ab18-4085-966a-3ea74d09e755"]
[28370][1627075257113][shell][info]["Shell~init~setViewAttributes: do we have any logged in users? ",false]
[28370][1627075257114][shell][info]["init~setViewAttributes - Success"]
[28370][1627075260891][shell][info]["Shell~init~sendUsersDataToRenderer",[]]
[28370][1627075260892][shell][info]["Shell~init~requestTeamIdIfV7Partition: requesting user context from requester web view"]
[28370][1627075260989][shell][info]["Shell~init~attachShellIPCListeners: Received user context from requester web view",{"userId":"0","teamId":"0"}]
[28370][1627075261380][shell][info]["EventBus~initialize - Success"]
[28370][1627075261394][shell][info]["bootShellCrashReporter~ Success"]
[28370][1627075261419][shell][info]["userPartitionService: State of v8 partition system:"]
[28370][1627075261421][shell][info]["userPartitionService: List of partitions:",[{"partitionId":"42b7af55-ab18-4085-966a-3ea74d09e755","namespace":"scratchPad","userId":0,"teamId":0,"isDirty":false}]]
[28370][1627075261422][shell][info]["userPartitionService: users global meta:",{"activePartition":"42b7af55-ab18-4085-966a-3ea74d09e755"}]
[28370][1627075261422][shell][info]["shell~init~loadView: loading active partition"]
[28370][1627075261422][shell][info]["shell~init~loadView: loading active partition","42b7af55-ab18-4085-966a-3ea74d09e755"]
[28370][1627075261424][shell][info]["init~setViewAttributes - Initializing view with opts:",{"id":3,"type":"requester","startTime":1627075260968,"devtools":false,"primaryId":3,"allIds":[3],"partitionId":"42b7af55-ab18-4085-966a-3ea74d09e755"}]
[28370][1627075261425][shell][info]["Shell~init~setViewAttributes: passing scratchpad partition id as ","42b7af55-ab18-4085-966a-3ea74d09e755"]
[28370][1627075261425][shell][info]["Shell~init~setViewAttributes: do we have any logged in users? ",false]
[28370][1627075261427][shell][info]["init~setViewAttributes - Success"]
[28370][1627075266427][shell][info]["Shell~init~sendUsersDataToRenderer",[]]
[28370][1627075266495][shell][info]["Shell~init~sendUsersDataToRenderer",[]]
[12402][1627398916147][shell][info]["EventBus~initialize - Success"]
[12402][1627398916184][shell][info]["bootShellCrashReporter~ Success"]
[12402][1627398916242][shell][info]["shellController~init: Success"]
[12402][1627398916243][shell][info]["shellMeta~init: Success"]
[12402][1627398916244][shell][info]["partitionMigrationService: State of V7 partition:"]
[12402][1627398916245][shell][info]["partitionMigrationService: V7 partitions",[]]
[12402][1627398916245][shell][info]["partitionMigrationService: V7 lastActiveUser",null]
[12402][1627398916245][shell][info]["partitionMigrationService: V7 activePartition",null]
[12402][1627398916246][shell][info]["partitionMigrationService: V7 isPartitionDirty",null]
[12402][1627398916247][shell][info]["partitionMigrationService~init: Success"]
[12402][1627398916248][shell][info]["partitionMigrationService~runV8PartitionsIntegrity: Two way migration~ removing the following partitions from v8",[]]
[12402][1627398916250][shell][info]["userPartitionService~_rectifyTheActivePartitionOfApplication: Setting the active partition to ",null]
[12402][1627398916251][shell][info]["userPartitionService~init: Success"]
[12402][1627398916254][shell][info]["userPartitionService: State of v8 partition system:"]
[12402][1627398916256][shell][info]["userPartitionService: List of partitions:",[{"partitionId":"42b7af55-ab18-4085-966a-3ea74d09e755","namespace":"scratchPad","userId":0,"teamId":0,"isDirty":false}]]
[12402][1627398916257][shell][info]["userPartitionService: users global meta:",{"activePartition":null}]
[12402][1627398916257][shell][info]["shell~init~loadView: loading scratchpad partition"]
[12402][1627398916258][shell][info]["shell~init~loadView: loading active partition","42b7af55-ab18-4085-966a-3ea74d09e755"]
[12402][1627398916261][shell][info]["init~setViewAttributes - Initializing view with opts:",{"id":2,"type":"shared","startTime":1627398915397,"devtools":false,"partitionId":"42b7af55-ab18-4085-966a-3ea74d09e755"}]
[12402][1627398916263][shell][info]["Shell~init~setViewAttributes: passing scratchpad partition id as ","42b7af55-ab18-4085-966a-3ea74d09e755"]
[12402][1627398916263][shell][info]["Shell~init~setViewAttributes: do we have any logged in users? ",false]
[12402][1627398916266][shell][info]["init~setViewAttributes - Success"]
[12402][1627398921721][shell][info]["Shell~init~sendUsersDataToRenderer",[]]
[12402][1627398921723][shell][info]["Shell~init~requestTeamIdIfV7Partition: requesting user context from requester web view"]
[12402][1627398921816][shell][info]["Shell~init~attachShellIPCListeners: Received user context from requester web view",{"userId":"0","teamId":"0"}]
[12402][1627398922477][shell][info]["EventBus~initialize - Success"]
[12402][1627398922500][shell][info]["bootShellCrashReporter~ Success"]
[12402][1627398922549][shell][info]["userPartitionService: State of v8 partition system:"]
[12402][1627398922553][shell][info]["userPartitionService: List of partitions:",[{"partitionId":"42b7af55-ab18-4085-966a-3ea74d09e755","namespace":"scratchPad","userId":0,"teamId":0,"isDirty":false}]]
[12402][1627398922554][shell][info]["userPartitionService: users global meta:",{"activePartition":"42b7af55-ab18-4085-966a-3ea74d09e755"}]
[12402][1627398922555][shell][info]["shell~init~loadView: loading active partition"]
[12402][1627398922555][shell][info]["shell~init~loadView: loading active partition","42b7af55-ab18-4085-966a-3ea74d09e755"]
[12402][1627398922559][shell][info]["init~setViewAttributes - Initializing view with opts:",{"id":3,"type":"requester","startTime":1627398921795,"devtools":false,"primaryId":3,"allIds":[3],"partitionId":"42b7af55-ab18-4085-966a-3ea74d09e755"}]
[12402][1627398922563][shell][info]["Shell~init~setViewAttributes: passing scratchpad partition id as ","42b7af55-ab18-4085-966a-3ea74d09e755"]
[12402][1627398922564][shell][info]["Shell~init~setViewAttributes: do we have any logged in users? ",false]
[12402][1627398922568][shell][info]["init~setViewAttributes - Success"]
[12402][1627398928788][shell][info]["Shell~init~sendUsersDataToRenderer",[]]
[12402][1627398928869][shell][info]["Shell~init~sendUsersDataToRenderer",[]]
[4945][1627758372238][shell][info]["EventBus~initialize - Success"]
[4945][1627758372257][shell][info]["bootShellCrashReporter~ Success"]
[4945][1627758372284][shell][info]["shellController~init: Success"]
[4945][1627758372285][shell][info]["shellMeta~init: Success"]
[4945][1627758372286][shell][info]["partitionMigrationService: State of V7 partition:"]
[4945][1627758372286][shell][info]["partitionMigrationService: V7 partitions",[]]
[4945][1627758372286][shell][info]["partitionMigrationService: V7 lastActiveUser",null]
[4945][1627758372287][shell][info]["partitionMigrationService: V7 activePartition",null]
[4945][1627758372287][shell][info]["partitionMigrationService: V7 isPartitionDirty",null]
[4945][1627758372288][shell][info]["partitionMigrationService~init: Success"]
[4945][1627758372289][shell][info]["partitionMigrationService~runV8PartitionsIntegrity: Two way migration~ removing the following partitions from v8",[]]
[4945][1627758372290][shell][info]["userPartitionService~_rectifyTheActivePartitionOfApplication: Setting the active partition to ",null]
[4945][1627758372291][shell][info]["userPartitionService~init: Success"]
[4945][1627758372293][shell][info]["userPartitionService: State of v8 partition system:"]
[4945][1627758372293][shell][info]["userPartitionService: List of partitions:",[{"partitionId":"42b7af55-ab18-4085-966a-3ea74d09e755","namespace":"scratchPad","userId":0,"teamId":0,"isDirty":false}]]
[4945][1627758372294][shell][info]["userPartitionService: users global meta:",{"activePartition":null}]
[4945][1627758372294][shell][info]["shell~init~loadView: loading scratchpad partition"]
[4945][1627758372294][shell][info]["shell~init~loadView: loading active partition","42b7af55-ab18-4085-966a-3ea74d09e755"]
[4945][1627758372296][shell][info]["init~setViewAttributes - Initializing view with opts:",{"id":2,"type":"shared","startTime":1627758371766,"devtools":false,"partitionId":"42b7af55-ab18-4085-966a-3ea74d09e755"}]
[4945][1627758372298][shell][info]["Shell~init~setViewAttributes: passing scratchpad partition id as ","42b7af55-ab18-4085-966a-3ea74d09e755"]
[4945][1627758372298][shell][info]["Shell~init~setViewAttributes: do we have any logged in users? ",false]
[4945][1627758372299][shell][info]["init~setViewAttributes - Success"]
[4945][1627758377471][shell][info]["Shell~init~sendUsersDataToRenderer",[]]
[4945][1627758377475][shell][info]["Shell~init~requestTeamIdIfV7Partition: requesting user context from requester web view"]
[4945][1627758378210][shell][info]["Shell~init~attachShellIPCListeners: Received user context from requester web view",{"userId":"0","teamId":"0"}]
[4945][1627758379255][shell][info]["EventBus~initialize - Success"]
[4945][1627758379291][shell][info]["bootShellCrashReporter~ Success"]
[4945][1627758379366][shell][info]["userPartitionService: State of v8 partition system:"]
[4945][1627758379370][shell][info]["userPartitionService: List of partitions:",[{"partitionId":"42b7af55-ab18-4085-966a-3ea74d09e755","namespace":"scratchPad","userId":0,"teamId":0,"isDirty":false}]]
[4945][1627758379372][shell][info]["userPartitionService: users global meta:",{"activePartition":"42b7af55-ab18-4085-966a-3ea74d09e755"}]
[4945][1627758379374][shell][info]["shell~init~loadView: loading active partition"]
[4945][1627758379375][shell][info]["shell~init~loadView: loading active partition","42b7af55-ab18-4085-966a-3ea74d09e755"]
[4945][1627758379379][shell][info]["init~setViewAttributes - Initializing view with opts:",{"id":3,"type":"requester","startTime":1627758378178,"devtools":false,"primaryId":3,"allIds":[3],"partitionId":"42b7af55-ab18-4085-966a-3ea74d09e755"}]
[4945][1627758379382][shell][info]["Shell~init~setViewAttributes: passing scratchpad partition id as ","42b7af55-ab18-4085-966a-3ea74d09e755"]
[4945][1627758379383][shell][info]["Shell~init~setViewAttributes: do we have any logged in users? ",false]
[4945][1627758379386][shell][info]["init~setViewAttributes - Success"]
[4945][1627758386778][shell][info]["Shell~init~sendUsersDataToRenderer",[]]
[4945][1627758387012][shell][info]["Shell~init~sendUsersDataToRenderer",[]]
[61591][1627935525256][shell][info]["EventBus~initialize - Success"]
[61591][1627935525299][shell][info]["bootShellCrashReporter~ Success"]
[61591][1627935525648][shell][info]["shellController~init: Success"]
[61591][1627935525651][shell][info]["shellMeta~init: Success"]
[61591][1627935525652][shell][info]["partitionMigrationService: State of V7 partition:"]
[61591][1627935525653][shell][info]["partitionMigrationService: V7 partitions",[]]
[61591][1627935525653][shell][info]["partitionMigrationService: V7 lastActiveUser",null]
[61591][1627935525653][shell][info]["partitionMigrationService: V7 activePartition",null]
[61591][1627935525653][shell][info]["partitionMigrationService: V7 isPartitionDirty",null]
[61591][1627935525655][shell][info]["partitionMigrationService~init: Success"]
[61591][1627935525656][shell][info]["partitionMigrationService~runV8PartitionsIntegrity: Two way migration~ removing the following partitions from v8",[]]
[61591][1627935525656][shell][info]["userPartitionService~_rectifyTheActivePartitionOfApplication: Setting the active partition to ",null]
[61591][1627935525657][shell][info]["userPartitionService~init: Success"]
[61591][1627935525664][shell][info]["userPartitionService: State of v8 partition system:"]
[61591][1627935525664][shell][info]["userPartitionService: List of partitions:",[{"partitionId":"42b7af55-ab18-4085-966a-3ea74d09e755","namespace":"scratchPad","userId":0,"teamId":0,"isDirty":false}]]
[61591][1627935525665][shell][info]["userPartitionService: users global meta:",{"activePartition":null}]
[61591][1627935525665][shell][info]["shell~init~loadView: loading scratchpad partition"]
[61591][1627935525666][shell][info]["shell~init~loadView: loading active partition","42b7af55-ab18-4085-966a-3ea74d09e755"]
[61591][1627935525671][shell][info]["init~setViewAttributes - Initializing view with opts:",{"id":2,"type":"shared","startTime":1627935524287,"devtools":false,"partitionId":"42b7af55-ab18-4085-966a-3ea74d09e755"}]
[61591][1627935525679][shell][info]["Shell~init~setViewAttributes: passing scratchpad partition id as ","42b7af55-ab18-4085-966a-3ea74d09e755"]
[61591][1627935525680][shell][info]["Shell~init~setViewAttributes: do we have any logged in users? ",false]
[61591][1627935525693][shell][info]["init~setViewAttributes - Success"]
[1989][1627935621616][shell][info]["EventBus~initialize - Success"]
[1989][1627935621634][shell][info]["bootShellCrashReporter~ Success"]
[1989][1627935621656][shell][info]["shellController~init: Success"]
[1989][1627935621657][shell][info]["shellMeta~init: Success"]
[1989][1627935621657][shell][info]["partitionMigrationService: State of V7 partition:"]
[1989][1627935621658][shell][info]["partitionMigrationService: V7 partitions",[]]
[1989][1627935621658][shell][info]["partitionMigrationService: V7 lastActiveUser",null]
[1989][1627935621658][shell][info]["partitionMigrationService: V7 activePartition",null]
[1989][1627935621658][shell][info]["partitionMigrationService: V7 isPartitionDirty",null]
[1989][1627935621660][shell][info]["partitionMigrationService~init: Success"]
[1989][1627935621661][shell][info]["partitionMigrationService~runV8PartitionsIntegrity: Two way migration~ removing the following partitions from v8",[]]
[1989][1627935621662][shell][info]["userPartitionService~_rectifyTheActivePartitionOfApplication: Setting the active partition to ",null]
[1989][1627935621662][shell][info]["userPartitionService~init: Success"]
[1989][1627935621664][shell][info]["userPartitionService: State of v8 partition system:"]
[1989][1627935621664][shell][info]["userPartitionService: List of partitions:",[{"partitionId":"42b7af55-ab18-4085-966a-3ea74d09e755","namespace":"scratchPad","userId":0,"teamId":0,"isDirty":false}]]
[1989][1627935621665][shell][info]["userPartitionService: users global meta:",{"activePartition":null}]
[1989][1627935621665][shell][info]["shell~init~loadView: loading scratchpad partition"]
[1989][1627935621666][shell][info]["shell~init~loadView: loading active partition","42b7af55-ab18-4085-966a-3ea74d09e755"]
[1989][1627935621668][shell][info]["init~setViewAttributes - Initializing view with opts:",{"id":2,"type":"shared","startTime":1627935621086,"devtools":false,"partitionId":"42b7af55-ab18-4085-966a-3ea74d09e755"}]
[1989][1627935621669][shell][info]["Shell~init~setViewAttributes: passing scratchpad partition id as ","42b7af55-ab18-4085-966a-3ea74d09e755"]
[1989][1627935621670][shell][info]["Shell~init~setViewAttributes: do we have any logged in users? ",false]
[1989][1627935621672][shell][info]["init~setViewAttributes - Success"]
[1989][1627935625789][shell][info]["Shell~init~sendUsersDataToRenderer",[]]
[1989][1627935625790][shell][info]["Shell~init~requestTeamIdIfV7Partition: requesting user context from requester web view"]
[1989][1627935625861][shell][info]["Shell~init~attachShellIPCListeners: Received user context from requester web view",{"userId":"0","teamId":"0"}]
[1989][1627935626244][shell][info]["EventBus~initialize - Success"]
[1989][1627935626262][shell][info]["bootShellCrashReporter~ Success"]
[1989][1627935626285][shell][info]["userPartitionService: State of v8 partition system:"]
[1989][1627935626287][shell][info]["userPartitionService: List of partitions:",[{"partitionId":"42b7af55-ab18-4085-966a-3ea74d09e755","namespace":"scratchPad","userId":0,"teamId":0,"isDirty":false}]]
[1989][1627935626288][shell][info]["userPartitionService: users global meta:",{"activePartition":"42b7af55-ab18-4085-966a-3ea74d09e755"}]
[1989][1627935626288][shell][info]["shell~init~loadView: loading active partition"]
[1989][1627935626288][shell][info]["shell~init~loadView: loading active partition","42b7af55-ab18-4085-966a-3ea74d09e755"]
[1989][1627935626290][shell][info]["init~setViewAttributes - Initializing view with opts:",{"id":3,"type":"requester","startTime":1627935625849,"devtools":false,"primaryId":3,"allIds":[3],"partitionId":"42b7af55-ab18-4085-966a-3ea74d09e755"}]
[1989][1627935626291][shell][info]["Shell~init~setViewAttributes: passing scratchpad partition id as ","42b7af55-ab18-4085-966a-3ea74d09e755"]
[1989][1627935626291][shell][info]["Shell~init~setViewAttributes: do we have any logged in users? ",false]
[1989][1627935626293][shell][info]["init~setViewAttributes - Success"]
[1989][1627935629916][shell][info]["Shell~init~sendUsersDataToRenderer",[]]
[1989][1627935629977][shell][info]["Shell~init~sendUsersDataToRenderer",[]]
[3360][1627936243661][shell][info]["EventBus~initialize - Success"]
[3360][1627936243678][shell][info]["bootShellCrashReporter~ Success"]
[3360][1627936243705][shell][info]["shellController~init: Success"]
[3360][1627936243706][shell][info]["shellMeta~init: Success"]
[3360][1627936243706][shell][info]["partitionMigrationService: State of V7 partition:"]
[3360][1627936243706][shell][info]["partitionMigrationService: V7 partitions",[]]
[3360][1627936243707][shell][info]["partitionMigrationService: V7 lastActiveUser",null]
[3360][1627936243707][shell][info]["partitionMigrationService: V7 activePartition",null]
[3360][1627936243707][shell][info]["partitionMigrationService: V7 isPartitionDirty",null]
[3360][1627936243708][shell][info]["partitionMigrationService~init: Success"]
[3360][1627936243708][shell][info]["partitionMigrationService~runV8PartitionsIntegrity: Two way migration~ removing the following partitions from v8",[]]
[3360][1627936243709][shell][info]["userPartitionService~_rectifyTheActivePartitionOfApplication: Setting the active partition to ",null]
[3360][1627936243710][shell][info]["userPartitionService~init: Success"]
[3360][1627936243711][shell][info]["userPartitionService: State of v8 partition system:"]
[3360][1627936243712][shell][info]["userPartitionService: List of partitions:",[{"partitionId":"42b7af55-ab18-4085-966a-3ea74d09e755","namespace":"scratchPad","userId":0,"teamId":0,"isDirty":false}]]
[3360][1627936243712][shell][info]["userPartitionService: users global meta:",{"activePartition":null}]
[3360][1627936243712][shell][info]["shell~init~loadView: loading scratchpad partition"]
[3360][1627936243713][shell][info]["shell~init~loadView: loading active partition","42b7af55-ab18-4085-966a-3ea74d09e755"]
[3360][1627936243714][shell][info]["init~setViewAttributes - Initializing view with opts:",{"id":2,"type":"shared","startTime":1627936243200,"devtools":false,"partitionId":"42b7af55-ab18-4085-966a-3ea74d09e755"}]
[3360][1627936243716][shell][info]["Shell~init~setViewAttributes: passing scratchpad partition id as ","42b7af55-ab18-4085-966a-3ea74d09e755"]
[3360][1627936243716][shell][info]["Shell~init~setViewAttributes: do we have any logged in users? ",false]
[3360][1627936243718][shell][info]["init~setViewAttributes - Success"]
[3360][1627936247405][shell][info]["Shell~init~sendUsersDataToRenderer",[]]
[3360][1627936247406][shell][info]["Shell~init~requestTeamIdIfV7Partition: requesting user context from requester web view"]
[3360][1627936247462][shell][info]["Shell~init~attachShellIPCListeners: Received user context from requester web view",{"userId":"0","teamId":"0"}]
[3360][1627936247875][shell][info]["EventBus~initialize - Success"]
[3360][1627936247892][shell][info]["bootShellCrashReporter~ Success"]
[3360][1627936247916][shell][info]["userPartitionService: State of v8 partition system:"]
[3360][1627936247918][shell][info]["userPartitionService: List of partitions:",[{"partitionId":"42b7af55-ab18-4085-966a-3ea74d09e755","namespace":"scratchPad","userId":0,"teamId":0,"isDirty":false}]]
[3360][1627936247918][shell][info]["userPartitionService: users global meta:",{"activePartition":"42b7af55-ab18-4085-966a-3ea74d09e755"}]
[3360][1627936247919][shell][info]["shell~init~loadView: loading active partition"]
[3360][1627936247919][shell][info]["shell~init~loadView: loading active partition","42b7af55-ab18-4085-966a-3ea74d09e755"]
[3360][1627936247921][shell][info]["init~setViewAttributes - Initializing view with opts:",{"id":3,"type":"requester","startTime":1627936247464,"devtools":false,"primaryId":3,"allIds":[3],"partitionId":"42b7af55-ab18-4085-966a-3ea74d09e755"}]
[3360][1627936247922][shell][info]["Shell~init~setViewAttributes: passing scratchpad partition id as ","42b7af55-ab18-4085-966a-3ea74d09e755"]
[3360][1627936247922][shell][info]["Shell~init~setViewAttributes: do we have any logged in users? ",false]
[3360][1627936247924][shell][info]["init~setViewAttributes - Success"]
[3360][1627936252051][shell][info]["Shell~init~sendUsersDataToRenderer",[]]
[3360][1627936252116][shell][info]["Shell~init~sendUsersDataToRenderer",[]]
[3971][1627936443518][shell][info]["EventBus~initialize - Success"]
[3971][1627936443535][shell][info]["bootShellCrashReporter~ Success"]
[3971][1627936443567][shell][info]["shellController~init: Success"]
[3971][1627936443568][shell][info]["shellMeta~init: Success"]
[3971][1627936443569][shell][info]["partitionMigrationService: State of V7 partition:"]
[3971][1627936443569][shell][info]["partitionMigrationService: V7 partitions",[]]
[3971][1627936443569][shell][info]["partitionMigrationService: V7 lastActiveUser",null]
[3971][1627936443570][shell][info]["partitionMigrationService: V7 activePartition",null]
[3971][1627936443570][shell][info]["partitionMigrationService: V7 isPartitionDirty",null]
[3971][1627936443571][shell][info]["partitionMigrationService~init: Success"]
[3971][1627936443571][shell][info]["partitionMigrationService~runV8PartitionsIntegrity: Two way migration~ removing the following partitions from v8",[]]
[3971][1627936443572][shell][info]["userPartitionService~_rectifyTheActivePartitionOfApplication: Setting the active partition to ",null]
[3971][1627936443573][shell][info]["userPartitionService~init: Success"]
[3971][1627936443575][shell][info]["userPartitionService: State of v8 partition system:"]
[3971][1627936443576][shell][info]["userPartitionService: List of partitions:",[{"partitionId":"42b7af55-ab18-4085-966a-3ea74d09e755","namespace":"scratchPad","userId":0,"teamId":0,"isDirty":false}]]
[3971][1627936443576][shell][info]["userPartitionService: users global meta:",{"activePartition":null}]
[3971][1627936443577][shell][info]["shell~init~loadView: loading scratchpad partition"]
[3971][1627936443577][shell][info]["shell~init~loadView: loading active partition","42b7af55-ab18-4085-966a-3ea74d09e755"]
[3971][1627936443580][shell][info]["init~setViewAttributes - Initializing view with opts:",{"id":2,"type":"shared","startTime":1627936442878,"devtools":false,"partitionId":"42b7af55-ab18-4085-966a-3ea74d09e755"}]
[3971][1627936443583][shell][info]["Shell~init~setViewAttributes: passing scratchpad partition id as ","42b7af55-ab18-4085-966a-3ea74d09e755"]
[3971][1627936443583][shell][info]["Shell~init~setViewAttributes: do we have any logged in users? ",false]
[3971][1627936443586][shell][info]["init~setViewAttributes - Success"]
[3971][1627936448055][shell][info]["Shell~init~sendUsersDataToRenderer",[]]
[3971][1627936448057][shell][info]["Shell~init~requestTeamIdIfV7Partition: requesting user context from requester web view"]
[3971][1627936449241][shell][info]["Shell~init~attachShellIPCListeners: Received user context from requester web view",{"userId":"0","teamId":"0"}]
[3971][1627936449887][shell][info]["EventBus~initialize - Success"]
[3971][1627936449916][shell][info]["bootShellCrashReporter~ Success"]
[3971][1627936449951][shell][info]["userPartitionService: State of v8 partition system:"]
[3971][1627936449954][shell][info]["userPartitionService: List of partitions:",[{"partitionId":"42b7af55-ab18-4085-966a-3ea74d09e755","namespace":"scratchPad","userId":0,"teamId":0,"isDirty":false}]]
[3971][1627936449955][shell][info]["userPartitionService: users global meta:",{"activePartition":"42b7af55-ab18-4085-966a-3ea74d09e755"}]
[3971][1627936449955][shell][info]["shell~init~loadView: loading active partition"]
[3971][1627936449956][shell][info]["shell~init~loadView: loading active partition","42b7af55-ab18-4085-966a-3ea74d09e755"]
[3971][1627936449958][shell][info]["init~setViewAttributes - Initializing view with opts:",{"id":3,"type":"requester","startTime":1627936449220,"devtools":false,"primaryId":3,"allIds":[3],"partitionId":"42b7af55-ab18-4085-966a-3ea74d09e755"}]
[3971][1627936449960][shell][info]["Shell~init~setViewAttributes: passing scratchpad partition id as ","42b7af55-ab18-4085-966a-3ea74d09e755"]
[3971][1627936449961][shell][info]["Shell~init~setViewAttributes: do we have any logged in users? ",false]
[3971][1627936449963][shell][info]["init~setViewAttributes - Success"]
[3971][1627936455124][shell][info]["Shell~init~sendUsersDataToRenderer",[]]
[3971][1627936455219][shell][info]["Shell~init~sendUsersDataToRenderer",[]]
