[47576][1626986785129][scratchpad][info]["EventBus~initialize - Success"]
[47576][1626986785132][scratchpad][info]["Messaging~boot - Success"]
[47576][1626986785200][scratchpad][info]["bootCrashReporter~ Success"]
[47576][1626986785204][scratchpad][info]["Telemetry~boot - Success"]
[47576][1626986785205][scratchpad][info]["bootConfigurations~initialize - Success"]
[47576][1626986785209][scratchpad][info]["Settings~boot - Success"]
[47576][1626986785420][scratchpad][info]["bootstrapModels - Success"]
[47576][1626986785420][scratchpad][info]["WLModels~boot - Success"]
[47576][1626986785440][scratchpad][info]["Session~boot - Success"]
[47576][1626986785446][scratchpad][info]["IndependentServices~boot - Success"]
[47576][1626986785457][scratchpad][info]["AppModels~boot - Success"]
[47576][1626986785509][scratchpad][info]["Sync~boot - Success"]
[47576][1626986785529][scratchpad][error]["WorkspaceSessionController~getActiveSession: WorkspaceSession not found in db"]
[47576][1626986785540][scratchpad][error]["ActiveWorkspaceSessionStore: Initial Hydration Failed once"]
[47576][1626986785571][scratchpad][info]["PostUpdateBackup~init: Success"]
[47576][1626986785574][scratchpad][info]["Shared~boot - Success"]
[47576][1626986785576][scratchpad][info]["DBWatcher~boot - Success"]
[47576][1626986785583][scratchpad][info]["ThemeManager~boot - Success"]
[47576][1626986785584][scratchpad][info]["WorkbenchService~boot - Success"]
[47576][1626986785584][scratchpad][info]["ContextBarRegistry~boot - Success"]
[47576][1626986785585][scratchpad][info]["Store~boot - Success"]
[47576][1626986785588][scratchpad][info]["Shortcuts~boot - Success"]
[47576][1626986785615][scratchpad][error]["WorkspaceSessionController~getActiveSession: WorkspaceSession not found in db"]
[47576][1626986785618][scratchpad][error]["ActiveWorkspaceSessionStore: Initial Hydration Failed twice",{"name":"Error","message":"WorkspaceSessionController~getActiveSession: WorkspaceSession not found in db","stack":"Error: WorkspaceSessionController~getActiveSession: WorkspaceSession not found in db\n    at file:///opt/postman/app/resources/app/js/vendor-shared.js:292020:35"}]
[47576][1626986785640][scratchpad][info]["NewConsole~boot - Success"]
[47576][1626986785647][scratchpad][info]["APIDevInterface~boot - Success"]
[47576][1626986785656][scratchpad][error]["Failed to detach IPC node",{"name":"TypeError","message":"Cannot read property 'dispose' of null","stack":"TypeError: Cannot read property 'dispose' of null\n    at ElectronTCPReader.detachProxyIpcNode (file:///opt/postman/app/resources/app/js/requester.js:27469:25)\n    at ElectronTCPReader.attachProxyIpcNode (file:///opt/postman/app/resources/app/js/requester.js:27433:10)\n    at new ElectronTCPReader (file:///opt/postman/app/resources/app/js/requester.js:27410:12)\n    at file:///opt/postman/app/resources/app/js/requester.js:26193:18\n    at file:///opt/postman/app/resources/app/js/vendor-shared.js:55051:9\n    at file:///opt/postman/app/resources/app/js/vendor-shared.js:56081:16\n    at replenish (file:///opt/postman/app/resources/app/js/vendor-shared.js:56050:25)\n    at iterateeCallback (file:///opt/postman/app/resources/app/js/vendor-shared.js:56039:17)\n    at file:///opt/postman/app/resources/app/js/vendor-shared.js:56791:16\n    at file:///opt/postman/app/resources/app/js/vendor-shared.js:55048:13\n    at sentryWrapped (file:///opt/postman/app/resources/app/js/vendor-shared.js:1139670:27)"}]
[47576][1626986785662][scratchpad][info]["Attempting to create IPCNode to proxy_node_process"]
[47576][1626986785684][scratchpad][info]["Requester~boot - Success"]
[47576][1626986785686][scratchpad][info]["SharedRuntimeListeners~boot - Success"]
[47576][1626986785689][scratchpad][info]["booted - scratchpad"]
[47576][1626986785916][scratchpad][info]["NavigationService ~ [BROWSER] Transitioning io the initial route with the URL:","home"]
[47576][1626986786130][scratchpad][info]["CloudProxyHandler: Proxy configuration has not been setup"]
[47576][1626986786131][scratchpad][error]["IPCNode~createClient~something wrong connecting to the IPC server",{"errno":"ENOENT","code":"ENOENT","syscall":"connect","address":"/home/racso/.config/Postman/proxy_node_process_prod.sock","name":"Error","message":"connect ENOENT /home/racso/.config/Postman/proxy_node_process_prod.sock","stack":"Error: connect ENOENT /home/racso/.config/Postman/proxy_node_process_prod.sock\n    at PipeConnectWrap.afterConnect [as oncomplete] (net.js:1141:16)"}]
[47576][1626986787002][scratchpad][info]["SessionValidation - Registering listener"]
[47576][1626986787025][scratchpad][info]["UI pulled the session locked information on init"]
[47576][1626986803081][scratchpad][error]["SyncRequestService: This request is not allowed from scratchpad"]
[47576][1626986803083][scratchpad][error]["SyncRequestService: This request is not allowed from scratchpad"]
[47576][1626986803204][scratchpad][error]["SyncRequestService: This request is not allowed from scratchpad"]
[47576][1626986803284][scratchpad][warn]["CollectionWorkbenchModel~updateWatchingStatus: Failed to get watching status",{"error":{"message":"SyncRequestService\\x7erequestListener: Could not fetch from sync. Socket not connected."}}]
[47576][1626986803285][scratchpad][warn]["CollectionWorkbenchModel~updateWatchersCount: Failed to get watchers count",{"error":{"message":"SyncRequestService\\x7erequestListener: Could not fetch from sync. Socket not connected."}}]
[47576][1626986803774][scratchpad][error]["SyncRequestService: This request is not allowed from scratchpad"]
[47576][1626986803790][scratchpad][error]["Failed to fetch published status of collection, with Id: 0-0b083a53-ad23-464b-89eb-658cfdcd3612",500,{"error":{"message":"SyncRequestService\\x7erequestListener: Could not fetch from sync. Socket not connected."}}]
[47576][1626986803793][scratchpad][error]["SyncRequestService: This request is not allowed from scratchpad"]
[47576][1626986803795][scratchpad][error]["SyncRequestService: This request is not allowed from scratchpad"]
[47576][1626986803805][scratchpad][error]["DocumentationMasterStore~_fetchPublishedData: error in fetching published data for collection with uid - 0-0b083a53-ad23-464b-89eb-658cfdcd3612"]
[47576][1626986803807][scratchpad][error]["Failed to fetch published status of collection, with Id: 0-0b083a53-ad23-464b-89eb-658cfdcd3612",500,{"error":{"message":"SyncRequestService\\x7erequestListener: Could not fetch from sync. Socket not connected."}}]
[47576][1626986803808][scratchpad][error]["Failed to fetch published status of collection, with Id: 0-0b083a53-ad23-464b-89eb-658cfdcd3612",500,{"error":{"message":"SyncRequestService\\x7erequestListener: Could not fetch from sync. Socket not connected."}}]
[47576][1626986803810][scratchpad][error]["DocumentationMasterStore~_fetchPublishedData: error in fetching published data for collection with uid - 0-0b083a53-ad23-464b-89eb-658cfdcd3612"]
[47576][1626986803810][scratchpad][error]["DocumentationMasterStore~_fetchPublishedData: error in fetching published data for collection with uid - 0-0b083a53-ad23-464b-89eb-658cfdcd3612"]
[2705][1626987300531][scratchpad][info]["EventBus~initialize - Success"]
[2705][1626987300534][scratchpad][info]["Messaging~boot - Success"]
[2705][1626987300623][scratchpad][info]["bootCrashReporter~ Success"]
[2705][1626987300627][scratchpad][info]["Telemetry~boot - Success"]
[2705][1626987300629][scratchpad][info]["bootConfigurations~initialize - Success"]
[2705][1626987300634][scratchpad][info]["Settings~boot - Success"]
[2705][1626987300785][scratchpad][info]["bootstrapModels - Success"]
[2705][1626987300786][scratchpad][info]["WLModels~boot - Success"]
[2705][1626987300808][scratchpad][info]["Session~boot - Success"]
[2705][1626987300812][scratchpad][info]["IndependentServices~boot - Success"]
[2705][1626987300829][scratchpad][info]["AppModels~boot - Success"]
[2705][1626987300879][scratchpad][info]["Sync~boot - Success"]
[2705][1626987300907][scratchpad][info]["PostUpdateBackup~init: Success"]
[2705][1626987300910][scratchpad][info]["Shared~boot - Success"]
[2705][1626987300911][scratchpad][info]["DBWatcher~boot - Success"]
[2705][1626987300915][scratchpad][info]["ThemeManager~boot - Success"]
[2705][1626987300916][scratchpad][info]["WorkbenchService~boot - Success"]
[2705][1626987300917][scratchpad][info]["ContextBarRegistry~boot - Success"]
[2705][1626987300917][scratchpad][info]["Store~boot - Success"]
[2705][1626987300921][scratchpad][info]["Shortcuts~boot - Success"]
[2705][1626987300971][scratchpad][info]["NewConsole~boot - Success"]
[2705][1626987300980][scratchpad][info]["APIDevInterface~boot - Success"]
[2705][1626987300986][scratchpad][error]["Failed to detach IPC node",{"name":"TypeError","message":"Cannot read property 'dispose' of null","stack":"TypeError: Cannot read property 'dispose' of null\n    at ElectronTCPReader.detachProxyIpcNode (file:///opt/postman/app/resources/app/js/requester.js:27469:25)\n    at ElectronTCPReader.attachProxyIpcNode (file:///opt/postman/app/resources/app/js/requester.js:27433:10)\n    at new ElectronTCPReader (file:///opt/postman/app/resources/app/js/requester.js:27410:12)\n    at file:///opt/postman/app/resources/app/js/requester.js:26193:18\n    at file:///opt/postman/app/resources/app/js/vendor-shared.js:55051:9\n    at file:///opt/postman/app/resources/app/js/vendor-shared.js:56081:16\n    at replenish (file:///opt/postman/app/resources/app/js/vendor-shared.js:56050:25)\n    at iterateeCallback (file:///opt/postman/app/resources/app/js/vendor-shared.js:56039:17)\n    at file:///opt/postman/app/resources/app/js/vendor-shared.js:56791:16\n    at file:///opt/postman/app/resources/app/js/vendor-shared.js:55048:13\n    at sentryWrapped (file:///opt/postman/app/resources/app/js/vendor-shared.js:1139670:27)"}]
[2705][1626987300997][scratchpad][info]["Attempting to create IPCNode to proxy_node_process"]
[2705][1626987301011][scratchpad][info]["Requester~boot - Success"]
[2705][1626987301013][scratchpad][info]["SharedRuntimeListeners~boot - Success"]
[2705][1626987301015][scratchpad][info]["booted - scratchpad"]
[2705][1626987301209][scratchpad][info]["NavigationService ~ [BROWSER] Transitioning io the initial route with the URL:","workspace/29ba1c6f-43ab-4e23-8a6c-27c39a57a069"]
[2705][1626987301437][scratchpad][info]["CloudProxyHandler: Proxy configuration has not been setup"]
[2705][1626987301437][scratchpad][error]["IPCNode~createClient~something wrong connecting to the IPC server",{"errno":"ENOENT","code":"ENOENT","syscall":"connect","address":"/home/racso/.config/Postman/proxy_node_process_prod.sock","name":"Error","message":"connect ENOENT /home/racso/.config/Postman/proxy_node_process_prod.sock","stack":"Error: connect ENOENT /home/racso/.config/Postman/proxy_node_process_prod.sock\n    at PipeConnectWrap.afterConnect [as oncomplete] (net.js:1141:16)"}]
[2705][1626987303818][scratchpad][info]["SessionValidation - Registering listener"]
[2705][1626987303967][scratchpad][info]["UI pulled the session locked information on init"]
[2705][1626987557665][scratchpad][error]["SyncRequestService: This request is not allowed from scratchpad"]
[2705][1626987557680][scratchpad][error]["SyncRequestService: This request is not allowed from scratchpad"]
[2705][1626987557867][scratchpad][error]["SyncRequestService: This request is not allowed from scratchpad"]
[2705][1626987558003][scratchpad][warn]["CollectionWorkbenchModel~updateWatchingStatus: Failed to get watching status",{"error":{"message":"SyncRequestService\\x7erequestListener: Could not fetch from sync. Socket not connected."}}]
[2705][1626987558003][scratchpad][warn]["CollectionWorkbenchModel~updateWatchersCount: Failed to get watchers count",{"error":{"message":"SyncRequestService\\x7erequestListener: Could not fetch from sync. Socket not connected."}}]
[2705][1626987558736][scratchpad][error]["SyncRequestService: This request is not allowed from scratchpad"]
[2705][1626987558753][scratchpad][error]["Failed to fetch published status of collection, with Id: 0-05145932-97bf-4019-b1e9-68f6bd02b42b",500,{"error":{"message":"SyncRequestService\\x7erequestListener: Could not fetch from sync. Socket not connected."}}]
[2705][1626987558755][scratchpad][error]["SyncRequestService: This request is not allowed from scratchpad"]
[2705][1626987558759][scratchpad][error]["SyncRequestService: This request is not allowed from scratchpad"]
[2705][1626987558784][scratchpad][error]["DocumentationMasterStore~_fetchPublishedData: error in fetching published data for collection with uid - 0-05145932-97bf-4019-b1e9-68f6bd02b42b"]
[2705][1626987558787][scratchpad][error]["Failed to fetch published status of collection, with Id: 0-05145932-97bf-4019-b1e9-68f6bd02b42b",500,{"error":{"message":"SyncRequestService\\x7erequestListener: Could not fetch from sync. Socket not connected."}}]
[2705][1626987558788][scratchpad][error]["Failed to fetch published status of collection, with Id: 0-05145932-97bf-4019-b1e9-68f6bd02b42b",500,{"error":{"message":"SyncRequestService\\x7erequestListener: Could not fetch from sync. Socket not connected."}}]
[2705][1626987558790][scratchpad][error]["DocumentationMasterStore~_fetchPublishedData: error in fetching published data for collection with uid - 0-05145932-97bf-4019-b1e9-68f6bd02b42b"]
[2705][1626987558792][scratchpad][error]["DocumentationMasterStore~_fetchPublishedData: error in fetching published data for collection with uid - 0-05145932-97bf-4019-b1e9-68f6bd02b42b"]
[2705][1626987564143][scratchpad][error]["CrashHandler~componentDidCatch: Error logged via props",,{"name":"TypeError","message":"DocumentationMasterStore~_findItem: unknown entity type - example","stack":"TypeError: DocumentationMasterStore~_findItem: unknown entity type - example\n    at DocumentationMasterStore._findItem (file:///opt/postman/app/resources/app/js/vendor-shared.js:945088:17)\n    at DocumentationMasterStore.getData (file:///opt/postman/app/resources/app/js/vendor-shared.js:945030:22)\n    at DocumentationContextBarStore.get entityData (file:///opt/postman/app/resources/app/js/controllers/DocumentationContextBarController.js:111:45)\n    at trackDerivedFunction$$1 (file:///opt/postman/app/resources/app/js/vendor-shared.js:232170:24)\n    at ComputedValue$$1.push.ComputedValue$$1.computeValue (file:///opt/postman/app/resources/app/js/vendor-shared.js:231965:19)\n    at ComputedValue$$1.push.ComputedValue$$1.trackAndCompute (file:///opt/postman/app/resources/app/js/vendor-shared.js:231950:29)\n    at ComputedValue$$1.push.ComputedValue$$1.get (file:///opt/postman/app/resources/app/js/vendor-shared.js:231910:26)\n    at ObservableObjectAdministration$$1.push.ObservableObjectAdministration$$1.read (file:///opt/postman/app/resources/app/js/vendor-shared.js:234548:37)\n    at DocumentationContextBarStore.get (file:///opt/postman/app/resources/app/js/vendor-shared.js:234812:68)\n    at DocumentationContextBarStore.get parentCollectionData (file:///opt/postman/app/resources/app/js/controllers/DocumentationContextBarController.js:127:27)\n    at trackDerivedFunction$$1 (file:///opt/postman/app/resources/app/js/vendor-shared.js:232170:24)\n    at ComputedValue$$1.push.ComputedValue$$1.computeValue (file:///opt/postman/app/resources/app/js/vendor-shared.js:231965:19)\n    at ComputedValue$$1.push.ComputedValue$$1.trackAndCompute (file:///opt/postman/app/resources/app/js/vendor-shared.js:231950:29)\n    at ComputedValue$$1.push.ComputedValue$$1.get (file:///opt/postman/app/resources/app/js/vendor-shared.js:231910:26)\n    at ObservableObjectAdministration$$1.push.ObservableObjectAdministration$$1.read (file:///opt/postman/app/resources/app/js/vendor-shared.js:234548:37)\n    at DocumentationContextBarStore.get (file:///opt/postman/app/resources/app/js/vendor-shared.js:234812:68)\n    at DocumentationContextBarStore.get (file:///opt/postman/app/resources/app/js/vendor-shared.js:231364:28)\n    at DocumentationContextBarView.render (file:///opt/postman/app/resources/app/js/components/DocumentationContextBarView.js:199:114)\n    at allowStateChanges$$1 (file:///opt/postman/app/resources/app/js/vendor-shared.js:231687:15)\n    at file:///opt/postman/app/resources/app/js/vendor-shared.js:351388:84\n    at trackDerivedFunction$$1 (file:///opt/postman/app/resources/app/js/vendor-shared.js:232170:24)\n    at Reaction$$1.push.Reaction$$1.track (file:///opt/postman/app/resources/app/js/vendor-shared.js:232696:22)\n    at DocumentationContextBarView.reactiveRender [as render] (file:///opt/postman/app/resources/app/js/vendor-shared.js:351382:14)\n    at gi (file:///opt/postman/app/resources/app/js/vendor-shared.js:364:192)\n    at fi (file:///opt/postman/app/resources/app/js/vendor-shared.js:363:224)\n    at Rj (file:///opt/postman/app/resources/app/js/vendor-shared.js:445:490)\n    at Qj (file:///opt/postman/app/resources/app/js/vendor-shared.js:428:265)\n    at Kj (file:///opt/postman/app/resources/app/js/vendor-shared.js:428:194)\n    at yj (file:///opt/postman/app/resources/app/js/vendor-shared.js:421:172)\n    at file:///opt/postman/app/resources/app/js/vendor-shared.js:305:115\n    at push.exports.unstable_runWithPriority (file:///opt/postman/app/resources/app/js/vendor-shared.js:512:467)\n    at cg (file:///opt/postman/app/resources/app/js/vendor-shared.js:304:325)\n    at fg (file:///opt/postman/app/resources/app/js/vendor-shared.js:305:61)\n    at gg (file:///opt/postman/app/resources/app/js/vendor-shared.js:304:496)\n    at Mj (file:///opt/postman/app/resources/app/js/vendor-shared.js:422:66)\n    at reactionScheduler (file:///opt/postman/app/resources/app/js/vendor-shared.js:232801:47)\n    at runReactions$$1 (file:///opt/postman/app/resources/app/js/vendor-shared.js:232777:5)\n    at endBatch$$1 (file:///opt/postman/app/resources/app/js/vendor-shared.js:232489:9)\n    at transaction$$1 (file:///opt/postman/app/resources/app/js/vendor-shared.js:233642:9)\n    at file:///opt/postman/app/resources/app/js/vendor-shared.js:338847:63"},{"componentStack":"\n    in DocumentationContextBarView\n    in CrashHandler\n    in withErrorHandler(DocumentationContextBarView)\n    in div\n    in withContextBarTitle(withErrorHandler(DocumentationContextBarView))\n    in CrashHandler\n    in div\n    in div\n    in PaneContent\n    in CrashHandler\n    in div\n    in XPath\n    in ContextBarPane\n    in div\n    in div\n    in PaneGroup\n    in CollectionEditor\n    in CollectionWorkbenchView\n    in CrashHandler\n    in div\n    in div\n    in XPath\n    in TabContent\n    in div\n    in TabContents\n    in div\n    in KeyMaps\n    in KeyMapWrapper\n    in RequesterBuilderContainer\n    in clickOutside(RequesterBuilderContainer)\n    in XPath\n    in div\n    in PaneContent\n    in div\n    in Pane\n    in div\n    in div\n    in PaneGroup\n    in div\n    in RequesterContentContainer\n    in div\n    in PaneContent\n    in div\n    in Pane\n    in div\n    in div\n    in PaneGroup\n    in WorkspaceView\n    in div\n    in div\n    in GenericVariablesProvider\n    in VariablesProvider\n    in KeyMaps\n    in KeyMapWrapper\n    in XPathProvider\n    in Requester\n    in DragDropContext(Requester)\n    in ToastProvider\n    in ThemeProvider\n    in Theme\n    in CrashHandler"}]
[2705][1626987569041][scratchpad][warn]["TextEditor~componentDidUpdate - Editor instance not set"]
[2705][1626987569042][scratchpad][warn]["TextEditor~componentDidUpdate - Editor instance not set"]
[2705][1626987575964][scratchpad][error]["SyncRequestService: This request is not allowed from scratchpad"]
[2705][1626987575966][scratchpad][error]["SyncRequestService: This request is not allowed from scratchpad"]
[2705][1626987576019][scratchpad][error]["SyncRequestService: This request is not allowed from scratchpad"]
[2705][1626987576071][scratchpad][warn]["CollectionWorkbenchModel~updateWatchingStatus: Failed to get watching status",{"error":{"message":"SyncRequestService\\x7erequestListener: Could not fetch from sync. Socket not connected."}}]
[2705][1626987576071][scratchpad][warn]["CollectionWorkbenchModel~updateWatchersCount: Failed to get watchers count",{"error":{"message":"SyncRequestService\\x7erequestListener: Could not fetch from sync. Socket not connected."}}]
[2705][1626987576274][scratchpad][error]["SyncRequestService: This request is not allowed from scratchpad"]
[2705][1626987576295][scratchpad][error]["Failed to fetch published status of collection, with Id: 0-05145932-97bf-4019-b1e9-68f6bd02b42b",500,{"error":{"message":"SyncRequestService\\x7erequestListener: Could not fetch from sync. Socket not connected."}}]
[2705][1626987576297][scratchpad][error]["DocumentationMasterStore~_fetchPublishedData: error in fetching published data for collection with uid - 0-05145932-97bf-4019-b1e9-68f6bd02b42b"]
[2705][1626987697005][scratchpad][warn]["TextEditor~componentDidUpdate - Editor instance not set"]
[2705][1626987697010][scratchpad][warn]["TextEditor~componentDidUpdate - Editor instance not set"]
[2705][1626987773066][scratchpad][error]["CrashHandler~componentDidCatch: Error logged via props",,{"name":"TypeError","message":"Cannot read property 'map' of undefined","stack":"TypeError: Cannot read property 'map' of undefined\n    at _class.NextEntities (file:///opt/postman/app/resources/app/js/vendor-shared.js:942462:19)\n    at _class.render (file:///opt/postman/app/resources/app/js/vendor-shared.js:351611:33)\n    at allowStateChanges$$1 (file:///opt/postman/app/resources/app/js/vendor-shared.js:231687:15)\n    at file:///opt/postman/app/resources/app/js/vendor-shared.js:351388:84\n    at trackDerivedFunction$$1 (file:///opt/postman/app/resources/app/js/vendor-shared.js:232170:24)\n    at Reaction$$1.push.Reaction$$1.track (file:///opt/postman/app/resources/app/js/vendor-shared.js:232696:22)\n    at _class.reactiveRender [as render] (file:///opt/postman/app/resources/app/js/vendor-shared.js:351382:14)\n    at _class.makeComponentReactive (file:///opt/postman/app/resources/app/js/vendor-shared.js:351452:25)\n    at _class.target.render (file:///opt/postman/app/resources/app/js/vendor-shared.js:351633:34)\n    at gi (file:///opt/postman/app/resources/app/js/vendor-shared.js:364:192)\n    at fi (file:///opt/postman/app/resources/app/js/vendor-shared.js:363:224)\n    at Rj (file:///opt/postman/app/resources/app/js/vendor-shared.js:445:490)\n    at Qj (file:///opt/postman/app/resources/app/js/vendor-shared.js:428:265)\n    at Kj (file:///opt/postman/app/resources/app/js/vendor-shared.js:428:194)\n    at yj (file:///opt/postman/app/resources/app/js/vendor-shared.js:421:172)\n    at file:///opt/postman/app/resources/app/js/vendor-shared.js:305:115\n    at push.exports.unstable_runWithPriority (file:///opt/postman/app/resources/app/js/vendor-shared.js:512:467)\n    at cg (file:///opt/postman/app/resources/app/js/vendor-shared.js:304:325)\n    at fg (file:///opt/postman/app/resources/app/js/vendor-shared.js:305:61)\n    at gg (file:///opt/postman/app/resources/app/js/vendor-shared.js:304:496)\n    at Mj (file:///opt/postman/app/resources/app/js/vendor-shared.js:422:66)\n    at reactionScheduler (file:///opt/postman/app/resources/app/js/vendor-shared.js:232801:47)\n    at runReactions$$1 (file:///opt/postman/app/resources/app/js/vendor-shared.js:232777:5)\n    at endBatch$$1 (file:///opt/postman/app/resources/app/js/vendor-shared.js:232489:9)\n    at endAction (file:///opt/postman/app/resources/app/js/vendor-shared.js:231678:5)\n    at executeAction$$1 (file:///opt/postman/app/resources/app/js/vendor-shared.js:231646:9)\n    at DocumentationMasterStore.res (file:///opt/postman/app/resources/app/js/vendor-shared.js:231635:16)\n    at DocumentationMasterStore._fetchDataFromInterface (file:///opt/postman/app/resources/app/js/vendor-shared.js:945186:12)"},{"componentStack":"\n    in NextEntities\n    in div\n    in div\n    in Entity\n    in div\n    in DocumentationIntersectionObserver\n    in CrashHandler\n    in DocumentationContextBarView\n    in CrashHandler\n    in withErrorHandler(DocumentationContextBarView)\n    in div\n    in withContextBarTitle(withErrorHandler(DocumentationContextBarView))\n    in CrashHandler\n    in div\n    in div\n    in PaneContent\n    in CrashHandler\n    in div\n    in XPath\n    in ContextBarPane\n    in div\n    in div\n    in PaneGroup\n    in CollectionEditor\n    in CollectionWorkbenchView\n    in CrashHandler\n    in div\n    in div\n    in XPath\n    in TabContent\n    in div\n    in TabContents\n    in div\n    in KeyMaps\n    in KeyMapWrapper\n    in RequesterBuilderContainer\n    in clickOutside(RequesterBuilderContainer)\n    in XPath\n    in div\n    in PaneContent\n    in div\n    in Pane\n    in div\n    in div\n    in PaneGroup\n    in div\n    in RequesterContentContainer\n    in div\n    in PaneContent\n    in div\n    in Pane\n    in div\n    in div\n    in PaneGroup\n    in WorkspaceView\n    in div\n    in div\n    in GenericVariablesProvider\n    in VariablesProvider\n    in KeyMaps\n    in KeyMapWrapper\n    in XPathProvider\n    in Requester\n    in DragDropContext(Requester)\n    in ToastProvider\n    in ThemeProvider\n    in Theme\n    in CrashHandler"}]
[2705][1626988163263][scratchpad][warn]["TextEditor~componentDidUpdate - Editor instance not set"]
[2705][1626988163267][scratchpad][warn]["TextEditor~componentDidUpdate - Editor instance not set"]
[2705][1626988641468][scratchpad][warn]["TextEditor~componentDidUpdate - Editor instance not set"]
[2705][1626988876407][scratchpad][warn]["TextEditor~componentDidUpdate - Editor instance not set"]
[2705][1626988876415][scratchpad][warn]["TextEditor~componentDidUpdate - Editor instance not set"]
[2705][1626989188944][scratchpad][warn]["TextEditor~componentDidUpdate - Editor instance not set"]
[2705][1626989188948][scratchpad][warn]["TextEditor~componentDidUpdate - Editor instance not set"]
[28370][1627075265927][scratchpad][info]["EventBus~initialize - Success"]
[28370][1627075265930][scratchpad][info]["Messaging~boot - Success"]
[28370][1627075266000][scratchpad][info]["bootCrashReporter~ Success"]
[28370][1627075266002][scratchpad][info]["Telemetry~boot - Success"]
[28370][1627075266003][scratchpad][info]["bootConfigurations~initialize - Success"]
[28370][1627075266008][scratchpad][info]["Settings~boot - Success"]
[28370][1627075266156][scratchpad][info]["bootstrapModels - Success"]
[28370][1627075266156][scratchpad][info]["WLModels~boot - Success"]
[28370][1627075266178][scratchpad][info]["Session~boot - Success"]
[28370][1627075266181][scratchpad][info]["IndependentServices~boot - Success"]
[28370][1627075266195][scratchpad][info]["AppModels~boot - Success"]
[28370][1627075266242][scratchpad][info]["Sync~boot - Success"]
[28370][1627075266267][scratchpad][info]["PostUpdateBackup~init: Success"]
[28370][1627075266270][scratchpad][info]["Shared~boot - Success"]
[28370][1627075266271][scratchpad][info]["DBWatcher~boot - Success"]
[28370][1627075266276][scratchpad][info]["ThemeManager~boot - Success"]
[28370][1627075266278][scratchpad][info]["WorkbenchService~boot - Success"]
[28370][1627075266278][scratchpad][info]["ContextBarRegistry~boot - Success"]
[28370][1627075266279][scratchpad][info]["Store~boot - Success"]
[28370][1627075266282][scratchpad][info]["Shortcuts~boot - Success"]
[28370][1627075266320][scratchpad][info]["NewConsole~boot - Success"]
[28370][1627075266381][scratchpad][info]["APIDevInterface~boot - Success"]
[28370][1627075266387][scratchpad][error]["Failed to detach IPC node",{"name":"TypeError","message":"Cannot read property 'dispose' of null","stack":"TypeError: Cannot read property 'dispose' of null\n    at ElectronTCPReader.detachProxyIpcNode (file:///opt/postman/app/resources/app/js/requester.js:27469:25)\n    at ElectronTCPReader.attachProxyIpcNode (file:///opt/postman/app/resources/app/js/requester.js:27433:10)\n    at new ElectronTCPReader (file:///opt/postman/app/resources/app/js/requester.js:27410:12)\n    at file:///opt/postman/app/resources/app/js/requester.js:26193:18\n    at file:///opt/postman/app/resources/app/js/vendor-shared.js:55051:9\n    at file:///opt/postman/app/resources/app/js/vendor-shared.js:56081:16\n    at replenish (file:///opt/postman/app/resources/app/js/vendor-shared.js:56050:25)\n    at iterateeCallback (file:///opt/postman/app/resources/app/js/vendor-shared.js:56039:17)\n    at file:///opt/postman/app/resources/app/js/vendor-shared.js:56791:16\n    at file:///opt/postman/app/resources/app/js/vendor-shared.js:55048:13\n    at sentryWrapped (file:///opt/postman/app/resources/app/js/vendor-shared.js:1139670:27)"}]
[28370][1627075266398][scratchpad][info]["Attempting to create IPCNode to proxy_node_process"]
[28370][1627075266413][scratchpad][info]["Requester~boot - Success"]
[28370][1627075266415][scratchpad][info]["SharedRuntimeListeners~boot - Success"]
[28370][1627075266418][scratchpad][info]["booted - scratchpad"]
[28370][1627075266604][scratchpad][info]["NavigationService ~ [BROWSER] Transitioning io the initial route with the URL:","workspace/29ba1c6f-43ab-4e23-8a6c-27c39a57a069"]
[28370][1627075266844][scratchpad][info]["CloudProxyHandler: Proxy configuration has not been setup"]
[28370][1627075266844][scratchpad][error]["IPCNode~createClient~something wrong connecting to the IPC server",{"errno":"ENOENT","code":"ENOENT","syscall":"connect","address":"/home/racso/.config/Postman/proxy_node_process_prod.sock","name":"Error","message":"connect ENOENT /home/racso/.config/Postman/proxy_node_process_prod.sock","stack":"Error: connect ENOENT /home/racso/.config/Postman/proxy_node_process_prod.sock\n    at PipeConnectWrap.afterConnect [as oncomplete] (net.js:1141:16)"}]
[28370][1627075268035][scratchpad][warn]["TextEditor~componentDidUpdate - Editor instance not set"]
[28370][1627075268036][scratchpad][warn]["TextEditor~componentDidUpdate - Editor instance not set"]
[28370][1627075268312][scratchpad][warn]["TextEditor~componentDidUpdate - Editor instance not set"]
[28370][1627075268313][scratchpad][warn]["TextEditor~componentDidUpdate - Editor instance not set"]
[28370][1627075268313][scratchpad][warn]["TextEditor~componentDidUpdate - Editor instance not set"]
[28370][1627075268440][scratchpad][warn]["TextEditor~componentDidUpdate - Editor instance not set"]
[28370][1627075268441][scratchpad][warn]["TextEditor~componentDidUpdate - Editor instance not set"]
[28370][1627075268441][scratchpad][warn]["TextEditor~componentDidUpdate - Editor instance not set"]
[28370][1627075268517][scratchpad][warn]["TextEditor~componentDidUpdate - Editor instance not set"]
[28370][1627075268518][scratchpad][warn]["TextEditor~componentDidUpdate - Editor instance not set"]
[28370][1627075268518][scratchpad][warn]["TextEditor~componentDidUpdate - Editor instance not set"]
[28370][1627075269318][scratchpad][info]["SessionValidation - Registering listener"]
[28370][1627075269369][scratchpad][info]["UI pulled the session locked information on init"]
[28370][1627075277139][scratchpad][error]["Error in update flow: {\"errno\":-13,\"code\":\"EACCES\",\"syscall\":\"open\",\"path\":\"/opt/postman/Postman-1627075276825.tar.gz\",\"name\":\"Error\",\"message\":\"EACCES: permission denied, open '/opt/postman/Postman-1627075276825.tar.gz'\",\"stack\":\"Error: EACCES: permission denied, open '/opt/postman/Postman-1627075276825.tar.gz'\"}"]
[28370][1627075307365][scratchpad][warn]["TextEditor~componentDidUpdate - Editor instance not set"]
[28370][1627075307365][scratchpad][warn]["TextEditor~componentDidUpdate - Editor instance not set"]
[28370][1627075307365][scratchpad][warn]["TextEditor~componentDidUpdate - Editor instance not set"]
[28370][1627075313353][scratchpad][warn]["TextEditor~componentDidUpdate - Editor instance not set"]
[28370][1627075314561][scratchpad][warn]["TextEditor~componentDidUpdate - Editor instance not set"]
[28370][1627075314562][scratchpad][warn]["TextEditor~componentDidUpdate - Editor instance not set"]
[28370][1627075367123][scratchpad][warn]["TextEditor~componentDidUpdate - Editor instance not set"]
[28370][1627075367129][scratchpad][warn]["TextEditor~componentDidUpdate - Editor instance not set"]
[12402][1627398928025][scratchpad][info]["EventBus~initialize - Success"]
[12402][1627398928029][scratchpad][info]["Messaging~boot - Success"]
[12402][1627398928210][scratchpad][info]["bootCrashReporter~ Success"]
[12402][1627398928213][scratchpad][info]["Telemetry~boot - Success"]
[12402][1627398928215][scratchpad][info]["bootConfigurations~initialize - Success"]
[12402][1627398928223][scratchpad][info]["Settings~boot - Success"]
[12402][1627398928451][scratchpad][info]["bootstrapModels - Success"]
[12402][1627398928452][scratchpad][info]["WLModels~boot - Success"]
[12402][1627398928484][scratchpad][info]["Session~boot - Success"]
[12402][1627398928491][scratchpad][info]["IndependentServices~boot - Success"]
[12402][1627398928508][scratchpad][info]["AppModels~boot - Success"]
[12402][1627398928558][scratchpad][info]["Sync~boot - Success"]
[12402][1627398928597][scratchpad][info]["PostUpdateBackup~init: Success"]
[12402][1627398928600][scratchpad][info]["Shared~boot - Success"]
[12402][1627398928602][scratchpad][info]["DBWatcher~boot - Success"]
[12402][1627398928607][scratchpad][info]["ThemeManager~boot - Success"]
[12402][1627398928610][scratchpad][info]["WorkbenchService~boot - Success"]
[12402][1627398928611][scratchpad][info]["ContextBarRegistry~boot - Success"]
[12402][1627398928612][scratchpad][info]["Store~boot - Success"]
[12402][1627398928618][scratchpad][info]["Shortcuts~boot - Success"]
[12402][1627398928692][scratchpad][info]["NewConsole~boot - Success"]
[12402][1627398928711][scratchpad][info]["APIDevInterface~boot - Success"]
[12402][1627398928719][scratchpad][error]["Failed to detach IPC node",{"name":"TypeError","message":"Cannot read property 'dispose' of null","stack":"TypeError: Cannot read property 'dispose' of null\n    at ElectronTCPReader.detachProxyIpcNode (file:///opt/postman/app/resources/app/js/requester.js:27469:25)\n    at ElectronTCPReader.attachProxyIpcNode (file:///opt/postman/app/resources/app/js/requester.js:27433:10)\n    at new ElectronTCPReader (file:///opt/postman/app/resources/app/js/requester.js:27410:12)\n    at file:///opt/postman/app/resources/app/js/requester.js:26193:18\n    at file:///opt/postman/app/resources/app/js/vendor-shared.js:55051:9\n    at file:///opt/postman/app/resources/app/js/vendor-shared.js:56081:16\n    at replenish (file:///opt/postman/app/resources/app/js/vendor-shared.js:56050:25)\n    at iterateeCallback (file:///opt/postman/app/resources/app/js/vendor-shared.js:56039:17)\n    at file:///opt/postman/app/resources/app/js/vendor-shared.js:56791:16\n    at file:///opt/postman/app/resources/app/js/vendor-shared.js:55048:13\n    at sentryWrapped (file:///opt/postman/app/resources/app/js/vendor-shared.js:1139670:27)"}]
[12402][1627398928734][scratchpad][info]["Attempting to create IPCNode to proxy_node_process"]
[12402][1627398928766][scratchpad][info]["Requester~boot - Success"]
[12402][1627398928769][scratchpad][info]["SharedRuntimeListeners~boot - Success"]
[12402][1627398928772][scratchpad][info]["booted - scratchpad"]
[12402][1627398928992][scratchpad][info]["NavigationService ~ [BROWSER] Transitioning io the initial route with the URL:","workspace/29ba1c6f-43ab-4e23-8a6c-27c39a57a069"]
[12402][1627398929267][scratchpad][info]["CloudProxyHandler: Proxy configuration has not been setup"]
[12402][1627398929267][scratchpad][error]["IPCNode~createClient~something wrong connecting to the IPC server",{"errno":"ENOENT","code":"ENOENT","syscall":"connect","address":"/home/racso/.config/Postman/proxy_node_process_prod.sock","name":"Error","message":"connect ENOENT /home/racso/.config/Postman/proxy_node_process_prod.sock","stack":"Error: connect ENOENT /home/racso/.config/Postman/proxy_node_process_prod.sock\n    at PipeConnectWrap.afterConnect [as oncomplete] (net.js:1141:16)"}]
[12402][1627398931106][scratchpad][warn]["TextEditor~componentDidUpdate - Editor instance not set"]
[12402][1627398931108][scratchpad][warn]["TextEditor~componentDidUpdate - Editor instance not set"]
[12402][1627398931624][scratchpad][warn]["TextEditor~componentDidUpdate - Editor instance not set"]
[12402][1627398931625][scratchpad][warn]["TextEditor~componentDidUpdate - Editor instance not set"]
[12402][1627398931626][scratchpad][warn]["TextEditor~componentDidUpdate - Editor instance not set"]
[12402][1627398932624][scratchpad][info]["SessionValidation - Registering listener"]
[12402][1627398932722][scratchpad][info]["UI pulled the session locked information on init"]
[12402][1627398932907][scratchpad][warn]["TextEditor~componentDidUpdate - Editor instance not set"]
[12402][1627398932908][scratchpad][warn]["TextEditor~componentDidUpdate - Editor instance not set"]
[12402][1627398932908][scratchpad][warn]["TextEditor~componentDidUpdate - Editor instance not set"]
[12402][1627398933043][scratchpad][warn]["TextEditor~componentDidUpdate - Editor instance not set"]
[12402][1627398933044][scratchpad][warn]["TextEditor~componentDidUpdate - Editor instance not set"]
[12402][1627398933044][scratchpad][warn]["TextEditor~componentDidUpdate - Editor instance not set"]
[12402][1627398939807][scratchpad][error]["Error in update flow: {\"errno\":-13,\"code\":\"EACCES\",\"syscall\":\"open\",\"path\":\"/opt/postman/Postman-1627398939418.tar.gz\",\"name\":\"Error\",\"message\":\"EACCES: permission denied, open '/opt/postman/Postman-1627398939418.tar.gz'\",\"stack\":\"Error: EACCES: permission denied, open '/opt/postman/Postman-1627398939418.tar.gz'\"}"]
[4945][1627758385597][scratchpad][info]["EventBus~initialize - Success"]
[4945][1627758385602][scratchpad][info]["Messaging~boot - Success"]
[4945][1627758385724][scratchpad][info]["bootCrashReporter~ Success"]
[4945][1627758385728][scratchpad][info]["Telemetry~boot - Success"]
[4945][1627758385730][scratchpad][info]["bootConfigurations~initialize - Success"]
[4945][1627758385741][scratchpad][info]["Settings~boot - Success"]
[4945][1627758385957][scratchpad][info]["bootstrapModels - Success"]
[4945][1627758385960][scratchpad][info]["WLModels~boot - Success"]
[4945][1627758385995][scratchpad][info]["Session~boot - Success"]
[4945][1627758386001][scratchpad][info]["IndependentServices~boot - Success"]
[4945][1627758386022][scratchpad][info]["AppModels~boot - Success"]
[4945][1627758386113][scratchpad][info]["Sync~boot - Success"]
[4945][1627758386265][scratchpad][info]["PostUpdateBackup~init: Success"]
[4945][1627758386317][scratchpad][info]["Shared~boot - Success"]
[4945][1627758386332][scratchpad][info]["DBWatcher~boot - Success"]
[4945][1627758386345][scratchpad][info]["ThemeManager~boot - Success"]
[4945][1627758386347][scratchpad][info]["WorkbenchService~boot - Success"]
[4945][1627758386348][scratchpad][info]["ContextBarRegistry~boot - Success"]
[4945][1627758386357][scratchpad][info]["Store~boot - Success"]
[4945][1627758386365][scratchpad][info]["Shortcuts~boot - Success"]
[4945][1627758386595][scratchpad][info]["NewConsole~boot - Success"]
[4945][1627758386649][scratchpad][info]["APIDevInterface~boot - Success"]
[4945][1627758386675][scratchpad][error]["Failed to detach IPC node",{"name":"TypeError","message":"Cannot read property 'dispose' of null","stack":"TypeError: Cannot read property 'dispose' of null\n    at ElectronTCPReader.detachProxyIpcNode (file:///opt/postman/app/resources/app/js/requester.js:27469:25)\n    at ElectronTCPReader.attachProxyIpcNode (file:///opt/postman/app/resources/app/js/requester.js:27433:10)\n    at new ElectronTCPReader (file:///opt/postman/app/resources/app/js/requester.js:27410:12)\n    at file:///opt/postman/app/resources/app/js/requester.js:26193:18\n    at file:///opt/postman/app/resources/app/js/vendor-shared.js:55051:9\n    at file:///opt/postman/app/resources/app/js/vendor-shared.js:56081:16\n    at replenish (file:///opt/postman/app/resources/app/js/vendor-shared.js:56050:25)\n    at iterateeCallback (file:///opt/postman/app/resources/app/js/vendor-shared.js:56039:17)\n    at file:///opt/postman/app/resources/app/js/vendor-shared.js:56791:16\n    at file:///opt/postman/app/resources/app/js/vendor-shared.js:55048:13\n    at sentryWrapped (file:///opt/postman/app/resources/app/js/vendor-shared.js:1139670:27)"}]
[4945][1627758386702][scratchpad][info]["Attempting to create IPCNode to proxy_node_process"]
[4945][1627758386743][scratchpad][info]["Requester~boot - Success"]
[4945][1627758386750][scratchpad][info]["SharedRuntimeListeners~boot - Success"]
[4945][1627758386754][scratchpad][info]["booted - scratchpad"]
[4945][1627758387188][scratchpad][info]["NavigationService ~ [BROWSER] Transitioning io the initial route with the URL:","workspace/29ba1c6f-43ab-4e23-8a6c-27c39a57a069"]
[4945][1627758387588][scratchpad][info]["CloudProxyHandler: Proxy configuration has not been setup"]
[4945][1627758387588][scratchpad][error]["IPCNode~createClient~something wrong connecting to the IPC server",{"errno":"ENOENT","code":"ENOENT","syscall":"connect","address":"/home/racso/.config/Postman/proxy_node_process_prod.sock","name":"Error","message":"connect ENOENT /home/racso/.config/Postman/proxy_node_process_prod.sock","stack":"Error: connect ENOENT /home/racso/.config/Postman/proxy_node_process_prod.sock\n    at PipeConnectWrap.afterConnect [as oncomplete] (net.js:1141:16)"}]
[4945][1627758389907][scratchpad][warn]["TextEditor~componentDidUpdate - Editor instance not set"]
[4945][1627758389909][scratchpad][warn]["TextEditor~componentDidUpdate - Editor instance not set"]
[4945][1627758390248][scratchpad][warn]["TextEditor~componentDidUpdate - Editor instance not set"]
[4945][1627758390249][scratchpad][warn]["TextEditor~componentDidUpdate - Editor instance not set"]
[4945][1627758390250][scratchpad][warn]["TextEditor~componentDidUpdate - Editor instance not set"]
[4945][1627758390411][scratchpad][warn]["TextEditor~componentDidUpdate - Editor instance not set"]
[4945][1627758390412][scratchpad][warn]["TextEditor~componentDidUpdate - Editor instance not set"]
[4945][1627758390412][scratchpad][warn]["TextEditor~componentDidUpdate - Editor instance not set"]
[4945][1627758390494][scratchpad][warn]["TextEditor~componentDidUpdate - Editor instance not set"]
[4945][1627758390494][scratchpad][warn]["TextEditor~componentDidUpdate - Editor instance not set"]
[4945][1627758390495][scratchpad][warn]["TextEditor~componentDidUpdate - Editor instance not set"]
[4945][1627758391216][scratchpad][info]["SessionValidation - Registering listener"]
[4945][1627758391268][scratchpad][info]["UI pulled the session locked information on init"]
[4945][1627758398197][scratchpad][error]["Error in update flow: {\"errno\":-13,\"code\":\"EACCES\",\"syscall\":\"open\",\"path\":\"/opt/postman/Postman-1627758397168.tar.gz\",\"name\":\"Error\",\"message\":\"EACCES: permission denied, open '/opt/postman/Postman-1627758397168.tar.gz'\",\"stack\":\"Error: EACCES: permission denied, open '/opt/postman/Postman-1627758397168.tar.gz'\"}"]
[4945][1627758405760][scratchpad][warn]["TextEditor~componentDidUpdate - Editor instance not set"]
[4945][1627758405760][scratchpad][warn]["TextEditor~componentDidUpdate - Editor instance not set"]
[4945][1627758405761][scratchpad][warn]["TextEditor~componentDidUpdate - Editor instance not set"]
[4945][1627758416461][scratchpad][warn]["TextEditor~componentDidUpdate - Editor instance not set"]
[4945][1627758416462][scratchpad][warn]["TextEditor~componentDidUpdate - Editor instance not set"]
[4945][1627758416826][scratchpad][error]["EditorService~undoClose: Could not find route to navigate"]
[4945][1627758416936][scratchpad][error]["FolderWorkbenchController~didCreate: Error in loading folder or its sessions",{"name":"EntityNotFoundError","message":"FolderFetcher~fetchOne: Entity not found in DB","stack":"EntityNotFoundError: FolderFetcher~fetchOne: Entity not found in DB\n    at FolderFetcher.fetchOne (file:///opt/postman/app/resources/app/js/vendor-shared.js:375098:15)"}]
[4945][1627758420632][scratchpad][error]["EditorService~undoClose: Could not find route to navigate"]
[4945][1627758432808][scratchpad][warn]["TextEditor~componentDidUpdate - Editor instance not set"]
[4945][1627758432809][scratchpad][warn]["TextEditor~componentDidUpdate - Editor instance not set"]
[4945][1627758432809][scratchpad][warn]["TextEditor~componentDidUpdate - Editor instance not set"]
[4945][1627760023761][scratchpad][info]["SyncManagerNew~setSync",true]
[4945][1627760023766][scratchpad][info]["SyncManagerNew~signIn",{"forceConnect":true}]
[4945][1627760023856][scratchpad][info]["SyncManagerNew~createSocket",{"forceConnect":true}]
[4945][1627760023868][scratchpad][info]["SyncManagerNew~createSocket","sailsIO.connect",{"url":"https://bifrost-public-v4.gw.postman.com","opts":{"reconnectionDelay":10000,"reconnectionDelayMax":60000,"reconnectionAttempts":8,"randomizationFactor":0.3}}]
[4945][1627760024547][scratchpad][info]["SyncManagerNew~_onConnect"]
[4945][1627760024609][scratchpad][info]["SyncManagerNew~signIn",{}]
[4945][1627760024640][scratchpad][error]["CommentsContributor~fetchRequestCommentsCount: Failed to fetch comments count"]
[4945][1627760024693][scratchpad][error]["SyncRequestService: This request is not allowed from scratchpad"]
[4945][1627760024697][scratchpad][info]["SyncTimelineHelper: Force stopping all timelines"]
[4945][1627760024699][scratchpad][error]["Codegen~checkAccess - Error while checking team access: ",{"error":{"message":"SyncRequestService\\x7erequest: This request not allowed from scratchpad"}}]
[4945][1627760024759][scratchpad][error]["SyncRequestService: This request is not allowed from scratchpad"]
[4945][1627760024763][scratchpad][error]["CommentsContributor~fetchRequestCommentsCount: Failed to fetch comments count"]
[4945][1627760024770][scratchpad][error]["SyncRequestService: This request is not allowed from scratchpad"]
[4945][1627760024771][scratchpad][error]["CommentsContributor~fetchRequestCommentsCount: Failed to fetch comments count"]
[4945][1627760024777][scratchpad][error]["SyncRequestService: This request is not allowed from scratchpad"]
[4945][1627760024779][scratchpad][error]["CommentsContributor~fetchRequestCommentsCount: Failed to fetch comments count"]
[4945][1627760024784][scratchpad][error]["SyncRequestService: This request is not allowed from scratchpad"]
[4945][1627760024786][scratchpad][error]["CommentsContributor~fetchRequestCommentsCount: Failed to fetch comments count"]
[4945][1627760024793][scratchpad][error]["SyncRequestService: This request is not allowed from scratchpad"]
[4945][1627760024794][scratchpad][error]["CommentsContributor~fetchRequestCommentsCount: Failed to fetch comments count"]
[4945][1627760024800][scratchpad][error]["SyncRequestService: This request is not allowed from scratchpad"]
[4945][1627760024801][scratchpad][error]["CommentsContributor~fetchRequestCommentsCount: Failed to fetch comments count"]
[4945][1627760024804][scratchpad][error]["SyncRequestService: This request is not allowed from scratchpad"]
[4945][1627760024805][scratchpad][error]["CommentsContributor~fetchRequestCommentsCount: Failed to fetch comments count"]
[4945][1627760024808][scratchpad][error]["SyncRequestService: This request is not allowed from scratchpad"]
[4945][1627760024809][scratchpad][error]["CommentsContributor~fetchRequestCommentsCount: Failed to fetch comments count"]
[4945][1627760024812][scratchpad][error]["SyncRequestService: This request is not allowed from scratchpad"]
[4945][1627760024813][scratchpad][error]["CommentsContributor~fetchRequestCommentsCount: Failed to fetch comments count"]
[4945][1627760024817][scratchpad][error]["SyncRequestService: This request is not allowed from scratchpad"]
[4945][1627760024819][scratchpad][error]["CommentsContributor~fetchRequestCommentsCount: Failed to fetch comments count"]
[4945][1627760024821][scratchpad][error]["SyncRequestService: This request is not allowed from scratchpad"]
[4945][1627760024822][scratchpad][error]["CommentsContributor~fetchRequestCommentsCount: Failed to fetch comments count"]
[4945][1627760024835][scratchpad][info]["subscribeToTeamEvents: Bailing out as team ID is not available"]
[4945][1627761097765][scratchpad][error]["SyncRequestService: This request is not allowed from scratchpad"]
[4945][1627761097780][scratchpad][error]["CommentsContributor~fetchRequestCommentsCount: Failed to fetch comments count"]
[4945][1627761160115][scratchpad][warn]["TextEditor~componentDidUpdate - Editor instance not set"]
[4945][1627761160115][scratchpad][warn]["TextEditor~componentDidUpdate - Editor instance not set"]
[4945][1627761174682][scratchpad][warn]["TextEditor~componentDidUpdate - Editor instance not set"]
[4945][1627761174683][scratchpad][warn]["TextEditor~componentDidUpdate - Editor instance not set"]
[4945][1627762083223][scratchpad][error]["SyncRequestService: This request is not allowed from scratchpad"]
[4945][1627762083239][scratchpad][error]["CommentsContributor~fetchRequestCommentsCount: Failed to fetch comments count"]
[1989][1627935629490][scratchpad][info]["EventBus~initialize - Success"]
[1989][1627935629494][scratchpad][info]["Messaging~boot - Success"]
[1989][1627935629541][scratchpad][info]["bootCrashReporter~ Success"]
[1989][1627935629543][scratchpad][info]["Telemetry~boot - Success"]
[1989][1627935629544][scratchpad][info]["bootConfigurations~initialize - Success"]
[1989][1627935629548][scratchpad][info]["Settings~boot - Success"]
[1989][1627935629679][scratchpad][info]["bootstrapModels - Success"]
[1989][1627935629680][scratchpad][info]["WLModels~boot - Success"]
[1989][1627935629696][scratchpad][info]["Session~boot - Success"]
[1989][1627935629702][scratchpad][info]["IndependentServices~boot - Success"]
[1989][1627935629719][scratchpad][info]["AppModels~boot - Success"]
[1989][1627935629770][scratchpad][info]["Sync~boot - Success"]
[1989][1627935629802][scratchpad][info]["PostUpdateBackup~init: Success"]
[1989][1627935629806][scratchpad][info]["Shared~boot - Success"]
[1989][1627935629808][scratchpad][info]["DBWatcher~boot - Success"]
[1989][1627935629812][scratchpad][info]["ThemeManager~boot - Success"]
[1989][1627935629813][scratchpad][info]["WorkbenchService~boot - Success"]
[1989][1627935629814][scratchpad][info]["ContextBarRegistry~boot - Success"]
[1989][1627935629814][scratchpad][info]["Store~boot - Success"]
[1989][1627935629819][scratchpad][info]["Shortcuts~boot - Success"]
[1989][1627935629848][scratchpad][info]["NewConsole~boot - Success"]
[1989][1627935629876][scratchpad][info]["APIDevInterface~boot - Success"]
[1989][1627935629882][scratchpad][error]["Failed to detach IPC node",{"name":"TypeError","message":"Cannot read property 'dispose' of null","stack":"TypeError: Cannot read property 'dispose' of null\n    at ElectronTCPReader.detachProxyIpcNode (file:///opt/postman/app/resources/app/js/requester.js:27469:25)\n    at ElectronTCPReader.attachProxyIpcNode (file:///opt/postman/app/resources/app/js/requester.js:27433:10)\n    at new ElectronTCPReader (file:///opt/postman/app/resources/app/js/requester.js:27410:12)\n    at file:///opt/postman/app/resources/app/js/requester.js:26193:18\n    at file:///opt/postman/app/resources/app/js/vendor-shared.js:55051:9\n    at file:///opt/postman/app/resources/app/js/vendor-shared.js:56081:16\n    at replenish (file:///opt/postman/app/resources/app/js/vendor-shared.js:56050:25)\n    at iterateeCallback (file:///opt/postman/app/resources/app/js/vendor-shared.js:56039:17)\n    at file:///opt/postman/app/resources/app/js/vendor-shared.js:56791:16\n    at file:///opt/postman/app/resources/app/js/vendor-shared.js:55048:13\n    at sentryWrapped (file:///opt/postman/app/resources/app/js/vendor-shared.js:1139670:27)"}]
[1989][1627935629892][scratchpad][info]["Attempting to create IPCNode to proxy_node_process"]
[1989][1627935629905][scratchpad][info]["Requester~boot - Success"]
[1989][1627935629907][scratchpad][info]["SharedRuntimeListeners~boot - Success"]
[1989][1627935629909][scratchpad][info]["booted - scratchpad"]
[1989][1627935630073][scratchpad][info]["NavigationService ~ [BROWSER] Transitioning io the initial route with the URL:","workspace/29ba1c6f-43ab-4e23-8a6c-27c39a57a069"]
[1989][1627935630259][scratchpad][info]["CloudProxyHandler: Proxy configuration has not been setup"]
[1989][1627935630260][scratchpad][error]["IPCNode~createClient~something wrong connecting to the IPC server",{"errno":"ENOENT","code":"ENOENT","syscall":"connect","address":"/home/racso/.config/Postman/proxy_node_process_prod.sock","name":"Error","message":"connect ENOENT /home/racso/.config/Postman/proxy_node_process_prod.sock","stack":"Error: connect ENOENT /home/racso/.config/Postman/proxy_node_process_prod.sock\n    at PipeConnectWrap.afterConnect [as oncomplete] (net.js:1141:16)"}]
[1989][1627935631742][scratchpad][info]["SessionValidation - Registering listener"]
[1989][1627935631787][scratchpad][info]["UI pulled the session locked information on init"]
[1989][1627935646079][scratchpad][error]["Error in update flow: {\"errno\":-13,\"code\":\"EACCES\",\"syscall\":\"open\",\"path\":\"/opt/postman/Postman-1627935640501.tar.gz\",\"name\":\"Error\",\"message\":\"EACCES: permission denied, open '/opt/postman/Postman-1627935640501.tar.gz'\",\"stack\":\"Error: EACCES: permission denied, open '/opt/postman/Postman-1627935640501.tar.gz'\"}"]
[1989][1627935648546][scratchpad][info]["SyncManagerNew~setSync",true]
[1989][1627935648547][scratchpad][info]["SyncManagerNew~signIn",{"forceConnect":true}]
[1989][1627935648619][scratchpad][info]["SyncManagerNew~createSocket",{"forceConnect":true}]
[1989][1627935648625][scratchpad][info]["SyncManagerNew~createSocket","sailsIO.connect",{"url":"https://bifrost-public-v4.gw.postman.com","opts":{"reconnectionDelay":10000,"reconnectionDelayMax":60000,"reconnectionAttempts":8,"randomizationFactor":0.3}}]
[1989][1627935649284][scratchpad][info]["SyncManagerNew~_onConnect"]
[1989][1627935649318][scratchpad][info]["SyncManagerNew~signIn",{}]
[1989][1627935649372][scratchpad][error]["SyncRequestService: This request is not allowed from scratchpad"]
[1989][1627935649374][scratchpad][info]["SyncTimelineHelper: Force stopping all timelines"]
[1989][1627935649379][scratchpad][error]["Codegen~checkAccess - Error while checking team access: ",{"error":{"message":"SyncRequestService\\x7erequest: This request not allowed from scratchpad"}}]
[1989][1627935649421][scratchpad][error]["SyncRequestService: This request is not allowed from scratchpad"]
[1989][1627935649422][scratchpad][error]["CommentsContributor~fetchRequestCommentsCount: Failed to fetch comments count"]
[1989][1627935649428][scratchpad][error]["SyncRequestService: This request is not allowed from scratchpad"]
[1989][1627935649430][scratchpad][error]["CommentsContributor~fetchRequestCommentsCount: Failed to fetch comments count"]
[1989][1627935649434][scratchpad][error]["SyncRequestService: This request is not allowed from scratchpad"]
[1989][1627935649436][scratchpad][error]["CommentsContributor~fetchRequestCommentsCount: Failed to fetch comments count"]
[1989][1627935649439][scratchpad][error]["SyncRequestService: This request is not allowed from scratchpad"]
[1989][1627935649442][scratchpad][error]["CommentsContributor~fetchRequestCommentsCount: Failed to fetch comments count"]
[1989][1627935649451][scratchpad][info]["subscribeToTeamEvents: Bailing out as team ID is not available"]
[1989][1627935655365][scratchpad][info]["SyncManagerNew~_syncIconClick: Requesting initial sync again"]
[1989][1627935655365][scratchpad][info]["SyncTimelineHelper: Force stopping all timelines"]
[1989][1627935655385][scratchpad][info]["subscribeToTeamEvents: Bailing out as team ID is not available"]
[1989][1627935702011][scratchpad][warn]["TextEditor~componentDidUpdate - Editor instance not set"]
[1989][1627935702014][scratchpad][warn]["TextEditor~componentDidUpdate - Editor instance not set"]
[1989][1627935702014][scratchpad][warn]["TextEditor~componentDidUpdate - Editor instance not set"]
[1989][1627935702454][scratchpad][warn]["TextEditor~componentDidUpdate - Editor instance not set"]
[1989][1627935702455][scratchpad][warn]["TextEditor~componentDidUpdate - Editor instance not set"]
[1989][1627935702648][scratchpad][error]["SyncRequestService: This request is not allowed from scratchpad"]
[1989][1627935702656][scratchpad][error]["CommentsContributor~fetchRequestCommentsCount: Failed to fetch comments count"]
[1989][1627935847999][scratchpad][error]["SyncRequestService: This request is not allowed from scratchpad"]
[1989][1627935848008][scratchpad][error]["SyncRequestService: This request is not allowed from scratchpad"]
[1989][1627935848073][scratchpad][error]["SyncRequestService: This request is not allowed from scratchpad"]
[1989][1627935848198][scratchpad][warn]["CollectionWorkbenchModel~updateWatchingStatus: Failed to get watching status",{"error":{"message":"SyncRequestService\\x7erequest: This request not allowed from scratchpad"}}]
[1989][1627935848198][scratchpad][warn]["CollectionWorkbenchModel~updateWatchersCount: Failed to get watchers count",{"error":{"message":"SyncRequestService\\x7erequest: This request not allowed from scratchpad"}}]
[1989][1627935848311][scratchpad][warn]["CollectionWorkbenchModel~fetchWatchersListPermissions: Failed to get watchersList permissions",{"name":"Error","message":"This request is not allowed in the scratchpad","stack":"Error: This request is not allowed in the scratchpad\n    at SyncRemoteFetcherService._dispatchCallback (file:///opt/postman/app/resources/app/js/vendor-shared.js:237528:27)\n    at EventEmitter.emit (file:///opt/postman/app/resources/app/js/vendor-shared.js:64793:5)\n    at file:///opt/postman/app/resources/app/js/vendor-shared.js:327834:25"}]
[1989][1627935848311][scratchpad][error]["SyncRequestService: This request is not allowed from scratchpad"]
[1989][1627935848314][scratchpad][warn]["CollectionWorkbenchModel~getWatchersList: Failed to get watchers list",{"error":{"message":"SyncRequestService\\x7erequest: This request not allowed from scratchpad"}}]
[1989][1627935848393][scratchpad][error]["SyncRequestService: This request is not allowed from scratchpad"]
[1989][1627935848404][scratchpad][error]["Failed to fetch published status of collection, with Id: 0-05145932-97bf-4019-b1e9-68f6bd02b42b",500,{"error":{"message":"SyncRequestService\\x7erequest: This request not allowed from scratchpad"}}]
[1989][1627935848405][scratchpad][error]["SyncRequestService: This request is not allowed from scratchpad"]
[1989][1627935848406][scratchpad][error]["SyncRequestService: This request is not allowed from scratchpad"]
[1989][1627935848421][scratchpad][error]["DocumentationMasterStore~_fetchPublishedData: error in fetching published data for collection with uid - 0-05145932-97bf-4019-b1e9-68f6bd02b42b"]
[1989][1627935848422][scratchpad][error]["Failed to fetch published status of collection, with Id: 0-05145932-97bf-4019-b1e9-68f6bd02b42b",500,{"error":{"message":"SyncRequestService\\x7erequest: This request not allowed from scratchpad"}}]
[1989][1627935848422][scratchpad][error]["Failed to fetch published status of collection, with Id: 0-05145932-97bf-4019-b1e9-68f6bd02b42b",500,{"error":{"message":"SyncRequestService\\x7erequest: This request not allowed from scratchpad"}}]
[1989][1627935848425][scratchpad][error]["DocumentationMasterStore~_fetchPublishedData: error in fetching published data for collection with uid - 0-05145932-97bf-4019-b1e9-68f6bd02b42b"]
[1989][1627935848426][scratchpad][error]["DocumentationMasterStore~_fetchPublishedData: error in fetching published data for collection with uid - 0-05145932-97bf-4019-b1e9-68f6bd02b42b"]
[1989][1627935850803][scratchpad][error]["SyncRequestService: This request is not allowed from scratchpad"]
[1989][1627935850808][scratchpad][error]["Failed to fetch published status of collection, with Id: 0-0b083a53-ad23-464b-89eb-658cfdcd3612",500,{"error":{"message":"SyncRequestService\\x7erequest: This request not allowed from scratchpad"}}]
[1989][1627935850809][scratchpad][error]["SyncRequestService: This request is not allowed from scratchpad"]
[1989][1627935850810][scratchpad][error]["SyncRequestService: This request is not allowed from scratchpad"]
[1989][1627935850816][scratchpad][error]["DocumentationMasterStore~_fetchPublishedData: error in fetching published data for collection with uid - 0-0b083a53-ad23-464b-89eb-658cfdcd3612"]
[1989][1627935850818][scratchpad][error]["Failed to fetch published status of collection, with Id: 0-0b083a53-ad23-464b-89eb-658cfdcd3612",500,{"error":{"message":"SyncRequestService\\x7erequest: This request not allowed from scratchpad"}}]
[1989][1627935850819][scratchpad][error]["Failed to fetch published status of collection, with Id: 0-0b083a53-ad23-464b-89eb-658cfdcd3612",500,{"error":{"message":"SyncRequestService\\x7erequest: This request not allowed from scratchpad"}}]
[1989][1627935850822][scratchpad][error]["DocumentationMasterStore~_fetchPublishedData: error in fetching published data for collection with uid - 0-0b083a53-ad23-464b-89eb-658cfdcd3612"]
[1989][1627935850823][scratchpad][error]["DocumentationMasterStore~_fetchPublishedData: error in fetching published data for collection with uid - 0-0b083a53-ad23-464b-89eb-658cfdcd3612"]
[1989][1627935850893][scratchpad][error]["SyncRequestService: This request is not allowed from scratchpad"]
[1989][1627935850894][scratchpad][error]["SyncRequestService: This request is not allowed from scratchpad"]
[1989][1627935850923][scratchpad][error]["SyncRequestService: This request is not allowed from scratchpad"]
[1989][1627935850980][scratchpad][warn]["CollectionWorkbenchModel~updateWatchingStatus: Failed to get watching status",{"error":{"message":"SyncRequestService\\x7erequest: This request not allowed from scratchpad"}}]
[1989][1627935850980][scratchpad][warn]["CollectionWorkbenchModel~updateWatchersCount: Failed to get watchers count",{"error":{"message":"SyncRequestService\\x7erequest: This request not allowed from scratchpad"}}]
[1989][1627935851047][scratchpad][warn]["CollectionWorkbenchModel~fetchWatchersListPermissions: Failed to get watchersList permissions",{"name":"Error","message":"This request is not allowed in the scratchpad","stack":"Error: This request is not allowed in the scratchpad\n    at SyncRemoteFetcherService._dispatchCallback (file:///opt/postman/app/resources/app/js/vendor-shared.js:237528:27)\n    at EventEmitter.emit (file:///opt/postman/app/resources/app/js/vendor-shared.js:64793:5)\n    at file:///opt/postman/app/resources/app/js/vendor-shared.js:327834:25"}]
[1989][1627935851048][scratchpad][error]["SyncRequestService: This request is not allowed from scratchpad"]
[1989][1627935851048][scratchpad][warn]["CollectionWorkbenchModel~getWatchersList: Failed to get watchers list",{"error":{"message":"SyncRequestService\\x7erequest: This request not allowed from scratchpad"}}]
[1989][1627935851062][scratchpad][error]["SyncRequestService: This request is not allowed from scratchpad"]
[1989][1627935851070][scratchpad][error]["Failed to fetch published status of collection, with Id: 0-0b083a53-ad23-464b-89eb-658cfdcd3612",500,{"error":{"message":"SyncRequestService\\x7erequest: This request not allowed from scratchpad"}}]
[1989][1627935851071][scratchpad][error]["DocumentationMasterStore~_fetchPublishedData: error in fetching published data for collection with uid - 0-0b083a53-ad23-464b-89eb-658cfdcd3612"]
[1989][1627935856722][scratchpad][error]["SyncRequestService: This request is not allowed from scratchpad"]
[1989][1627935856723][scratchpad][error]["SyncRequestService: This request is not allowed from scratchpad"]
[1989][1627935856754][scratchpad][error]["SyncRequestService: This request is not allowed from scratchpad"]
[1989][1627935856807][scratchpad][warn]["CollectionWorkbenchModel~updateWatchingStatus: Failed to get watching status",{"error":{"message":"SyncRequestService\\x7erequest: This request not allowed from scratchpad"}}]
[1989][1627935856807][scratchpad][warn]["CollectionWorkbenchModel~updateWatchersCount: Failed to get watchers count",{"error":{"message":"SyncRequestService\\x7erequest: This request not allowed from scratchpad"}}]
[1989][1627935856875][scratchpad][warn]["CollectionWorkbenchModel~fetchWatchersListPermissions: Failed to get watchersList permissions",{"name":"Error","message":"This request is not allowed in the scratchpad","stack":"Error: This request is not allowed in the scratchpad\n    at SyncRemoteFetcherService._dispatchCallback (file:///opt/postman/app/resources/app/js/vendor-shared.js:237528:27)\n    at EventEmitter.emit (file:///opt/postman/app/resources/app/js/vendor-shared.js:64793:5)\n    at file:///opt/postman/app/resources/app/js/vendor-shared.js:327834:25"}]
[1989][1627935856876][scratchpad][error]["SyncRequestService: This request is not allowed from scratchpad"]
[1989][1627935856877][scratchpad][warn]["CollectionWorkbenchModel~getWatchersList: Failed to get watchers list",{"error":{"message":"SyncRequestService\\x7erequest: This request not allowed from scratchpad"}}]
[1989][1627935856894][scratchpad][error]["SyncRequestService: This request is not allowed from scratchpad"]
[1989][1627935856908][scratchpad][error]["Failed to fetch published status of collection, with Id: 0-05145932-97bf-4019-b1e9-68f6bd02b42b",500,{"error":{"message":"SyncRequestService\\x7erequest: This request not allowed from scratchpad"}}]
[1989][1627935856909][scratchpad][error]["DocumentationMasterStore~_fetchPublishedData: error in fetching published data for collection with uid - 0-05145932-97bf-4019-b1e9-68f6bd02b42b"]
[3360][1627936251635][scratchpad][info]["EventBus~initialize - Success"]
[3360][1627936251638][scratchpad][info]["Messaging~boot - Success"]
[3360][1627936251685][scratchpad][info]["bootCrashReporter~ Success"]
[3360][1627936251687][scratchpad][info]["Telemetry~boot - Success"]
[3360][1627936251688][scratchpad][info]["bootConfigurations~initialize - Success"]
[3360][1627936251692][scratchpad][info]["Settings~boot - Success"]
[3360][1627936251823][scratchpad][info]["bootstrapModels - Success"]
[3360][1627936251824][scratchpad][info]["WLModels~boot - Success"]
[3360][1627936251843][scratchpad][info]["Session~boot - Success"]
[3360][1627936251847][scratchpad][info]["IndependentServices~boot - Success"]
[3360][1627936251864][scratchpad][info]["AppModels~boot - Success"]
[3360][1627936251902][scratchpad][info]["Sync~boot - Success"]
[3360][1627936251923][scratchpad][info]["PostUpdateBackup~init: Success"]
[3360][1627936251926][scratchpad][info]["Shared~boot - Success"]
[3360][1627936251928][scratchpad][info]["DBWatcher~boot - Success"]
[3360][1627936251931][scratchpad][info]["ThemeManager~boot - Success"]
[3360][1627936251932][scratchpad][info]["WorkbenchService~boot - Success"]
[3360][1627936251933][scratchpad][info]["ContextBarRegistry~boot - Success"]
[3360][1627936251934][scratchpad][info]["Store~boot - Success"]
[3360][1627936251936][scratchpad][info]["Shortcuts~boot - Success"]
[3360][1627936251983][scratchpad][info]["NewConsole~boot - Success"]
[3360][1627936251993][scratchpad][info]["APIDevInterface~boot - Success"]
[3360][1627936252000][scratchpad][error]["Failed to detach IPC node",{"name":"TypeError","message":"Cannot read property 'dispose' of null","stack":"TypeError: Cannot read property 'dispose' of null\n    at ElectronTCPReader.detachProxyIpcNode (file:///opt/postman/app/resources/app/js/requester.js:27469:25)\n    at ElectronTCPReader.attachProxyIpcNode (file:///opt/postman/app/resources/app/js/requester.js:27433:10)\n    at new ElectronTCPReader (file:///opt/postman/app/resources/app/js/requester.js:27410:12)\n    at file:///opt/postman/app/resources/app/js/requester.js:26193:18\n    at file:///opt/postman/app/resources/app/js/vendor-shared.js:55051:9\n    at file:///opt/postman/app/resources/app/js/vendor-shared.js:56081:16\n    at replenish (file:///opt/postman/app/resources/app/js/vendor-shared.js:56050:25)\n    at iterateeCallback (file:///opt/postman/app/resources/app/js/vendor-shared.js:56039:17)\n    at file:///opt/postman/app/resources/app/js/vendor-shared.js:56791:16\n    at file:///opt/postman/app/resources/app/js/vendor-shared.js:55048:13\n    at sentryWrapped (file:///opt/postman/app/resources/app/js/vendor-shared.js:1139670:27)"}]
[3360][1627936252013][scratchpad][info]["Attempting to create IPCNode to proxy_node_process"]
[3360][1627936252026][scratchpad][info]["Requester~boot - Success"]
[3360][1627936252029][scratchpad][info]["SharedRuntimeListeners~boot - Success"]
[3360][1627936252031][scratchpad][info]["booted - scratchpad"]
[3360][1627936252223][scratchpad][info]["NavigationService ~ [BROWSER] Transitioning io the initial route with the URL:","workspace/29ba1c6f-43ab-4e23-8a6c-27c39a57a069"]
[3360][1627936252451][scratchpad][info]["CloudProxyHandler: Proxy configuration has not been setup"]
[3360][1627936252451][scratchpad][error]["IPCNode~createClient~something wrong connecting to the IPC server",{"errno":"ENOENT","code":"ENOENT","syscall":"connect","address":"/home/racso/.config/Postman/proxy_node_process_prod.sock","name":"Error","message":"connect ENOENT /home/racso/.config/Postman/proxy_node_process_prod.sock","stack":"Error: connect ENOENT /home/racso/.config/Postman/proxy_node_process_prod.sock\n    at PipeConnectWrap.afterConnect [as oncomplete] (net.js:1141:16)"}]
[3360][1627936253376][scratchpad][warn]["TextEditor~componentDidUpdate - Editor instance not set"]
[3360][1627936253377][scratchpad][warn]["TextEditor~componentDidUpdate - Editor instance not set"]
[3360][1627936253377][scratchpad][warn]["TextEditor~componentDidUpdate - Editor instance not set"]
[3360][1627936253570][scratchpad][error]["SyncRequestService: This request is not allowed from scratchpad"]
[3360][1627936253574][scratchpad][error]["SyncRequestService: This request is not allowed from scratchpad"]
[3360][1627936253584][scratchpad][warn]["CollectionWorkbenchModel~updateWatchingStatus: Failed to get watching status",{"error":{"message":"SyncRequestService\\x7erequestListener: Could not fetch from sync. Socket not connected."}}]
[3360][1627936253585][scratchpad][warn]["CollectionWorkbenchModel~updateWatchersCount: Failed to get watchers count",{"error":{"message":"SyncRequestService\\x7erequestListener: Could not fetch from sync. Socket not connected."}}]
[3360][1627936253695][scratchpad][warn]["TextEditor~componentDidUpdate - Editor instance not set"]
[3360][1627936253695][scratchpad][warn]["TextEditor~componentDidUpdate - Editor instance not set"]
[3360][1627936253696][scratchpad][warn]["TextEditor~componentDidUpdate - Editor instance not set"]
[3360][1627936253778][scratchpad][warn]["TextEditor~componentDidUpdate - Editor instance not set"]
[3360][1627936253778][scratchpad][warn]["TextEditor~componentDidUpdate - Editor instance not set"]
[3360][1627936253779][scratchpad][warn]["TextEditor~componentDidUpdate - Editor instance not set"]
[3360][1627936253844][scratchpad][warn]["TextEditor~componentDidUpdate - Editor instance not set"]
[3360][1627936253844][scratchpad][warn]["TextEditor~componentDidUpdate - Editor instance not set"]
[3360][1627936253844][scratchpad][warn]["TextEditor~componentDidUpdate - Editor instance not set"]
[3360][1627936254577][scratchpad][info]["SessionValidation - Registering listener"]
[3360][1627936254624][scratchpad][info]["UI pulled the session locked information on init"]
[3360][1627936259795][scratchpad][error]["SyncRequestService: This request is not allowed from scratchpad"]
[3360][1627936259796][scratchpad][error]["SyncRequestService: This request is not allowed from scratchpad"]
[3360][1627936259904][scratchpad][error]["SyncRequestService: This request is not allowed from scratchpad"]
[3360][1627936259980][scratchpad][warn]["CollectionWorkbenchModel~updateWatchingStatus: Failed to get watching status",{"error":{"message":"SyncRequestService\\x7erequestListener: Could not fetch from sync. Socket not connected."}}]
[3360][1627936259981][scratchpad][warn]["CollectionWorkbenchModel~updateWatchersCount: Failed to get watchers count",{"error":{"message":"SyncRequestService\\x7erequestListener: Could not fetch from sync. Socket not connected."}}]
[3360][1627936260595][scratchpad][error]["SyncRequestService: This request is not allowed from scratchpad"]
[3360][1627936260615][scratchpad][error]["Failed to fetch published status of collection, with Id: 0-37a188f7-523f-4b30-946d-239c733ab99d",500,{"error":{"message":"SyncRequestService\\x7erequestListener: Could not fetch from sync. Socket not connected."}}]
[3360][1627936260618][scratchpad][error]["SyncRequestService: This request is not allowed from scratchpad"]
[3360][1627936260620][scratchpad][error]["SyncRequestService: This request is not allowed from scratchpad"]
[3360][1627936260631][scratchpad][error]["DocumentationMasterStore~_fetchPublishedData: error in fetching published data for collection with uid - 0-37a188f7-523f-4b30-946d-239c733ab99d"]
[3360][1627936260633][scratchpad][error]["Failed to fetch published status of collection, with Id: 0-37a188f7-523f-4b30-946d-239c733ab99d",500,{"error":{"message":"SyncRequestService\\x7erequestListener: Could not fetch from sync. Socket not connected."}}]
[3360][1627936260634][scratchpad][error]["Failed to fetch published status of collection, with Id: 0-37a188f7-523f-4b30-946d-239c733ab99d",500,{"error":{"message":"SyncRequestService\\x7erequestListener: Could not fetch from sync. Socket not connected."}}]
[3360][1627936260636][scratchpad][error]["DocumentationMasterStore~_fetchPublishedData: error in fetching published data for collection with uid - 0-37a188f7-523f-4b30-946d-239c733ab99d"]
[3360][1627936260637][scratchpad][error]["DocumentationMasterStore~_fetchPublishedData: error in fetching published data for collection with uid - 0-37a188f7-523f-4b30-946d-239c733ab99d"]
[3360][1627936263044][scratchpad][error]["Error in update flow: {\"errno\":-13,\"code\":\"EACCES\",\"syscall\":\"open\",\"path\":\"/opt/postman/Postman-1627936262617.tar.gz\",\"name\":\"Error\",\"message\":\"EACCES: permission denied, open '/opt/postman/Postman-1627936262617.tar.gz'\",\"stack\":\"Error: EACCES: permission denied, open '/opt/postman/Postman-1627936262617.tar.gz'\"}"]
[3360][1627936266491][scratchpad][error]["SyncRequestService: This request is not allowed from scratchpad"]
[3360][1627936266602][scratchpad][error]["Error in pipeline for fetching collection size",{"message":"SyncRequestService\\x7erequestListener: Could not fetch from sync. Socket not connected."}]
[3360][1627936269180][scratchpad][error]["SyncRequestService: This request is not allowed from scratchpad"]
[3360][1627936269332][scratchpad][error]["SyncRequestService: This request is not allowed from scratchpad"]
[3360][1627936269344][scratchpad][error]["Failed to fetch published status of collection, with Id: 0-05145932-97bf-4019-b1e9-68f6bd02b42b",500,{"error":{"message":"SyncRequestService\\x7erequestListener: Could not fetch from sync. Socket not connected."}}]
[3360][1627936269346][scratchpad][error]["SyncRequestService: This request is not allowed from scratchpad"]
[3360][1627936269349][scratchpad][error]["SyncRequestService: This request is not allowed from scratchpad"]
[3360][1627936269364][scratchpad][error]["DocumentationMasterStore~_fetchPublishedData: error in fetching published data for collection with uid - 0-05145932-97bf-4019-b1e9-68f6bd02b42b"]
[3360][1627936269366][scratchpad][error]["Failed to fetch published status of collection, with Id: 0-05145932-97bf-4019-b1e9-68f6bd02b42b",500,{"error":{"message":"SyncRequestService\\x7erequestListener: Could not fetch from sync. Socket not connected."}}]
[3360][1627936269367][scratchpad][error]["Failed to fetch published status of collection, with Id: 0-05145932-97bf-4019-b1e9-68f6bd02b42b",500,{"error":{"message":"SyncRequestService\\x7erequestListener: Could not fetch from sync. Socket not connected."}}]
[3360][1627936269368][scratchpad][error]["DocumentationMasterStore~_fetchPublishedData: error in fetching published data for collection with uid - 0-05145932-97bf-4019-b1e9-68f6bd02b42b"]
[3360][1627936269369][scratchpad][error]["DocumentationMasterStore~_fetchPublishedData: error in fetching published data for collection with uid - 0-05145932-97bf-4019-b1e9-68f6bd02b42b"]
[3360][1627936311563][scratchpad][error]["SyncRequestService: This request is not allowed from scratchpad"]
[3360][1627936311584][scratchpad][error]["Failed to fetch published status of collection, with Id: 0-933b2406-3a00-433b-bf49-1cfa0aa20f6c",500,{"error":{"message":"SyncRequestService\\x7erequestListener: Could not fetch from sync. Socket not connected."}}]
[3360][1627936311587][scratchpad][error]["SyncRequestService: This request is not allowed from scratchpad"]
[3360][1627936311588][scratchpad][error]["SyncRequestService: This request is not allowed from scratchpad"]
[3360][1627936311600][scratchpad][error]["DocumentationMasterStore~_fetchPublishedData: error in fetching published data for collection with uid - 0-933b2406-3a00-433b-bf49-1cfa0aa20f6c"]
[3360][1627936311605][scratchpad][error]["Failed to fetch published status of collection, with Id: 0-933b2406-3a00-433b-bf49-1cfa0aa20f6c",500,{"error":{"message":"SyncRequestService\\x7erequestListener: Could not fetch from sync. Socket not connected."}}]
[3360][1627936311607][scratchpad][error]["Failed to fetch published status of collection, with Id: 0-933b2406-3a00-433b-bf49-1cfa0aa20f6c",500,{"error":{"message":"SyncRequestService\\x7erequestListener: Could not fetch from sync. Socket not connected."}}]
[3360][1627936311611][scratchpad][error]["DocumentationMasterStore~_fetchPublishedData: error in fetching published data for collection with uid - 0-933b2406-3a00-433b-bf49-1cfa0aa20f6c"]
[3360][1627936311615][scratchpad][error]["DocumentationMasterStore~_fetchPublishedData: error in fetching published data for collection with uid - 0-933b2406-3a00-433b-bf49-1cfa0aa20f6c"]
[3360][1627936311796][scratchpad][error]["SyncRequestService: This request is not allowed from scratchpad"]
[3360][1627936311800][scratchpad][error]["SyncRequestService: This request is not allowed from scratchpad"]
[3360][1627936311866][scratchpad][error]["SyncRequestService: This request is not allowed from scratchpad"]
[3360][1627936311984][scratchpad][warn]["CollectionWorkbenchModel~updateWatchingStatus: Failed to get watching status",{"error":{"message":"SyncRequestService\\x7erequestListener: Could not fetch from sync. Socket not connected."}}]
[3360][1627936311985][scratchpad][warn]["CollectionWorkbenchModel~updateWatchersCount: Failed to get watchers count",{"error":{"message":"SyncRequestService\\x7erequestListener: Could not fetch from sync. Socket not connected."}}]
[3360][1627936312336][scratchpad][error]["SyncRequestService: This request is not allowed from scratchpad"]
[3360][1627936312361][scratchpad][error]["Failed to fetch published status of collection, with Id: 0-933b2406-3a00-433b-bf49-1cfa0aa20f6c",500,{"error":{"message":"SyncRequestService\\x7erequestListener: Could not fetch from sync. Socket not connected."}}]
[3360][1627936312362][scratchpad][error]["DocumentationMasterStore~_fetchPublishedData: error in fetching published data for collection with uid - 0-933b2406-3a00-433b-bf49-1cfa0aa20f6c"]
[3360][1627936315928][scratchpad][error]["CrashHandler~componentDidCatch: Error logged via props",,{"name":"TypeError","message":"Cannot read property 'map' of undefined","stack":"TypeError: Cannot read property 'map' of undefined\n    at _class.NextEntities (file:///opt/postman/app/resources/app/js/vendor-shared.js:942462:19)\n    at _class.render (file:///opt/postman/app/resources/app/js/vendor-shared.js:351611:33)\n    at allowStateChanges$$1 (file:///opt/postman/app/resources/app/js/vendor-shared.js:231687:15)\n    at file:///opt/postman/app/resources/app/js/vendor-shared.js:351388:84\n    at trackDerivedFunction$$1 (file:///opt/postman/app/resources/app/js/vendor-shared.js:232170:24)\n    at Reaction$$1.push.Reaction$$1.track (file:///opt/postman/app/resources/app/js/vendor-shared.js:232696:22)\n    at _class.reactiveRender [as render] (file:///opt/postman/app/resources/app/js/vendor-shared.js:351382:14)\n    at _class.makeComponentReactive (file:///opt/postman/app/resources/app/js/vendor-shared.js:351452:25)\n    at _class.target.render (file:///opt/postman/app/resources/app/js/vendor-shared.js:351633:34)\n    at gi (file:///opt/postman/app/resources/app/js/vendor-shared.js:364:192)\n    at fi (file:///opt/postman/app/resources/app/js/vendor-shared.js:363:224)\n    at Rj (file:///opt/postman/app/resources/app/js/vendor-shared.js:445:490)\n    at Qj (file:///opt/postman/app/resources/app/js/vendor-shared.js:428:265)\n    at Kj (file:///opt/postman/app/resources/app/js/vendor-shared.js:428:194)\n    at yj (file:///opt/postman/app/resources/app/js/vendor-shared.js:421:172)\n    at file:///opt/postman/app/resources/app/js/vendor-shared.js:305:115\n    at push.exports.unstable_runWithPriority (file:///opt/postman/app/resources/app/js/vendor-shared.js:512:467)\n    at cg (file:///opt/postman/app/resources/app/js/vendor-shared.js:304:325)\n    at fg (file:///opt/postman/app/resources/app/js/vendor-shared.js:305:61)\n    at gg (file:///opt/postman/app/resources/app/js/vendor-shared.js:304:496)\n    at Mj (file:///opt/postman/app/resources/app/js/vendor-shared.js:422:66)\n    at reactionScheduler (file:///opt/postman/app/resources/app/js/vendor-shared.js:232801:47)\n    at runReactions$$1 (file:///opt/postman/app/resources/app/js/vendor-shared.js:232777:5)\n    at endBatch$$1 (file:///opt/postman/app/resources/app/js/vendor-shared.js:232489:9)\n    at endAction (file:///opt/postman/app/resources/app/js/vendor-shared.js:231678:5)\n    at executeAction$$1 (file:///opt/postman/app/resources/app/js/vendor-shared.js:231646:9)\n    at DocumentationMasterStore.res (file:///opt/postman/app/resources/app/js/vendor-shared.js:231635:16)\n    at DocumentationMasterStore._fetchDataFromInterface (file:///opt/postman/app/resources/app/js/vendor-shared.js:945186:12)"},{"componentStack":"\n    in NextEntities\n    in div\n    in div\n    in Entity\n    in div\n    in DocumentationIntersectionObserver\n    in CrashHandler\n    in DocumentationContextBarView\n    in CrashHandler\n    in withErrorHandler(DocumentationContextBarView)\n    in div\n    in withContextBarTitle(withErrorHandler(DocumentationContextBarView))\n    in CrashHandler\n    in div\n    in div\n    in PaneContent\n    in CrashHandler\n    in div\n    in XPath\n    in ContextBarPane\n    in div\n    in div\n    in PaneGroup\n    in CollectionEditor\n    in CollectionWorkbenchView\n    in CrashHandler\n    in div\n    in div\n    in XPath\n    in TabContent\n    in div\n    in TabContents\n    in div\n    in KeyMaps\n    in KeyMapWrapper\n    in RequesterBuilderContainer\n    in clickOutside(RequesterBuilderContainer)\n    in XPath\n    in div\n    in PaneContent\n    in div\n    in Pane\n    in div\n    in div\n    in PaneGroup\n    in div\n    in RequesterContentContainer\n    in div\n    in PaneContent\n    in div\n    in Pane\n    in div\n    in div\n    in PaneGroup\n    in WorkspaceView\n    in div\n    in div\n    in GenericVariablesProvider\n    in VariablesProvider\n    in KeyMaps\n    in KeyMapWrapper\n    in XPathProvider\n    in Requester\n    in DragDropContext(Requester)\n    in ToastProvider\n    in ThemeProvider\n    in Theme\n    in CrashHandler"}]
[3360][1627936319295][scratchpad][warn]["TextEditor~componentDidUpdate - Editor instance not set"]
[3360][1627936319296][scratchpad][warn]["TextEditor~componentDidUpdate - Editor instance not set"]
[3360][1627936324952][scratchpad][error]["SyncRequestService: This request is not allowed from scratchpad"]
[3360][1627936324954][scratchpad][error]["SyncRequestService: This request is not allowed from scratchpad"]
[3360][1627936325028][scratchpad][error]["SyncRequestService: This request is not allowed from scratchpad"]
[3360][1627936325084][scratchpad][warn]["CollectionWorkbenchModel~updateWatchingStatus: Failed to get watching status",{"error":{"message":"SyncRequestService\\x7erequestListener: Could not fetch from sync. Socket not connected."}}]
[3360][1627936325084][scratchpad][warn]["CollectionWorkbenchModel~updateWatchersCount: Failed to get watchers count",{"error":{"message":"SyncRequestService\\x7erequestListener: Could not fetch from sync. Socket not connected."}}]
[3360][1627936325253][scratchpad][error]["SyncRequestService: This request is not allowed from scratchpad"]
[3360][1627936325279][scratchpad][error]["Failed to fetch published status of collection, with Id: 0-05145932-97bf-4019-b1e9-68f6bd02b42b",500,{"error":{"message":"SyncRequestService\\x7erequestListener: Could not fetch from sync. Socket not connected."}}]
[3360][1627936325281][scratchpad][error]["DocumentationMasterStore~_fetchPublishedData: error in fetching published data for collection with uid - 0-05145932-97bf-4019-b1e9-68f6bd02b42b"]
[3971][1627936454487][scratchpad][info]["EventBus~initialize - Success"]
[3971][1627936454493][scratchpad][info]["Messaging~boot - Success"]
[3971][1627936454563][scratchpad][info]["bootCrashReporter~ Success"]
[3971][1627936454566][scratchpad][info]["Telemetry~boot - Success"]
[3971][1627936454568][scratchpad][info]["bootConfigurations~initialize - Success"]
[3971][1627936454576][scratchpad][info]["Settings~boot - Success"]
[3971][1627936454798][scratchpad][info]["bootstrapModels - Success"]
[3971][1627936454799][scratchpad][info]["WLModels~boot - Success"]
[3971][1627936454836][scratchpad][info]["Session~boot - Success"]
[3971][1627936454846][scratchpad][info]["IndependentServices~boot - Success"]
[3971][1627936454873][scratchpad][info]["AppModels~boot - Success"]
[3971][1627936454931][scratchpad][info]["Sync~boot - Success"]
[3971][1627936454967][scratchpad][info]["PostUpdateBackup~init: Success"]
[3971][1627936454973][scratchpad][info]["Shared~boot - Success"]
[3971][1627936454974][scratchpad][info]["DBWatcher~boot - Success"]
[3971][1627936454979][scratchpad][info]["ThemeManager~boot - Success"]
[3971][1627936454981][scratchpad][info]["WorkbenchService~boot - Success"]
[3971][1627936454982][scratchpad][info]["ContextBarRegistry~boot - Success"]
[3971][1627936454982][scratchpad][info]["Store~boot - Success"]
[3971][1627936454987][scratchpad][info]["Shortcuts~boot - Success"]
[3971][1627936455060][scratchpad][info]["NewConsole~boot - Success"]
[3971][1627936455069][scratchpad][info]["APIDevInterface~boot - Success"]
[3971][1627936455075][scratchpad][error]["Failed to detach IPC node",{"name":"TypeError","message":"Cannot read property 'dispose' of null","stack":"TypeError: Cannot read property 'dispose' of null\n    at ElectronTCPReader.detachProxyIpcNode (file:///opt/postman/app/resources/app/js/requester.js:27469:25)\n    at ElectronTCPReader.attachProxyIpcNode (file:///opt/postman/app/resources/app/js/requester.js:27433:10)\n    at new ElectronTCPReader (file:///opt/postman/app/resources/app/js/requester.js:27410:12)\n    at file:///opt/postman/app/resources/app/js/requester.js:26193:18\n    at file:///opt/postman/app/resources/app/js/vendor-shared.js:55051:9\n    at file:///opt/postman/app/resources/app/js/vendor-shared.js:56081:16\n    at replenish (file:///opt/postman/app/resources/app/js/vendor-shared.js:56050:25)\n    at iterateeCallback (file:///opt/postman/app/resources/app/js/vendor-shared.js:56039:17)\n    at file:///opt/postman/app/resources/app/js/vendor-shared.js:56791:16\n    at file:///opt/postman/app/resources/app/js/vendor-shared.js:55048:13\n    at sentryWrapped (file:///opt/postman/app/resources/app/js/vendor-shared.js:1139670:27)"}]
[3971][1627936455088][scratchpad][info]["Attempting to create IPCNode to proxy_node_process"]
[3971][1627936455106][scratchpad][info]["Requester~boot - Success"]
[3971][1627936455108][scratchpad][info]["SharedRuntimeListeners~boot - Success"]
[3971][1627936455111][scratchpad][info]["booted - scratchpad"]
[3971][1627936455379][scratchpad][info]["NavigationService ~ [BROWSER] Transitioning io the initial route with the URL:","workspace/29ba1c6f-43ab-4e23-8a6c-27c39a57a069"]
[3971][1627936455626][scratchpad][info]["CloudProxyHandler: Proxy configuration has not been setup"]
[3971][1627936455626][scratchpad][error]["IPCNode~createClient~something wrong connecting to the IPC server",{"errno":"ENOENT","code":"ENOENT","syscall":"connect","address":"/home/racso/.config/Postman/proxy_node_process_prod.sock","name":"Error","message":"connect ENOENT /home/racso/.config/Postman/proxy_node_process_prod.sock","stack":"Error: connect ENOENT /home/racso/.config/Postman/proxy_node_process_prod.sock\n    at PipeConnectWrap.afterConnect [as oncomplete] (net.js:1141:16)"}]
[3971][1627936456770][scratchpad][warn]["TextEditor~componentDidUpdate - Editor instance not set"]
[3971][1627936456771][scratchpad][warn]["TextEditor~componentDidUpdate - Editor instance not set"]
[3971][1627936456771][scratchpad][warn]["TextEditor~componentDidUpdate - Editor instance not set"]
[3971][1627936457006][scratchpad][error]["SyncRequestService: This request is not allowed from scratchpad"]
[3971][1627936457011][scratchpad][error]["SyncRequestService: This request is not allowed from scratchpad"]
[3971][1627936457025][scratchpad][warn]["CollectionWorkbenchModel~updateWatchingStatus: Failed to get watching status",{"error":{"message":"SyncRequestService\\x7erequestListener: Could not fetch from sync. Socket not connected."}}]
[3971][1627936457025][scratchpad][warn]["CollectionWorkbenchModel~updateWatchersCount: Failed to get watchers count",{"error":{"message":"SyncRequestService\\x7erequestListener: Could not fetch from sync. Socket not connected."}}]
[3971][1627936457141][scratchpad][warn]["TextEditor~componentDidUpdate - Editor instance not set"]
[3971][1627936457142][scratchpad][warn]["TextEditor~componentDidUpdate - Editor instance not set"]
[3971][1627936457142][scratchpad][warn]["TextEditor~componentDidUpdate - Editor instance not set"]
[3971][1627936457261][scratchpad][warn]["TextEditor~componentDidUpdate - Editor instance not set"]
[3971][1627936457262][scratchpad][warn]["TextEditor~componentDidUpdate - Editor instance not set"]
[3971][1627936457262][scratchpad][warn]["TextEditor~componentDidUpdate - Editor instance not set"]
[3971][1627936457345][scratchpad][warn]["TextEditor~componentDidUpdate - Editor instance not set"]
[3971][1627936457346][scratchpad][warn]["TextEditor~componentDidUpdate - Editor instance not set"]
[3971][1627936457346][scratchpad][warn]["TextEditor~componentDidUpdate - Editor instance not set"]
[3971][1627936458263][scratchpad][info]["SessionValidation - Registering listener"]
[3971][1627936458327][scratchpad][info]["UI pulled the session locked information on init"]
[3971][1627936465999][scratchpad][error]["Error in update flow: {\"errno\":-13,\"code\":\"EACCES\",\"syscall\":\"open\",\"path\":\"/opt/postman/Postman-1627936465598.tar.gz\",\"name\":\"Error\",\"message\":\"EACCES: permission denied, open '/opt/postman/Postman-1627936465598.tar.gz'\",\"stack\":\"Error: EACCES: permission denied, open '/opt/postman/Postman-1627936465598.tar.gz'\"}"]
[3971][1627936538656][scratchpad][error]["CrashHandler~componentDidCatch: Error logged via props",,{"name":"TypeError","message":"Cannot read property 'collectionId' of null","stack":"TypeError: Cannot read property 'collectionId' of null\n    at CollectionEditorContentPane.render (file:///opt/postman/app/resources/app/js/vendor-shared.js:597972:185)\n    at allowStateChanges$$1 (file:///opt/postman/app/resources/app/js/vendor-shared.js:231687:15)\n    at file:///opt/postman/app/resources/app/js/vendor-shared.js:351388:84\n    at trackDerivedFunction$$1 (file:///opt/postman/app/resources/app/js/vendor-shared.js:232170:24)\n    at Reaction$$1.push.Reaction$$1.track (file:///opt/postman/app/resources/app/js/vendor-shared.js:232696:22)\n    at CollectionEditorContentPane.reactiveRender [as render] (file:///opt/postman/app/resources/app/js/vendor-shared.js:351382:14)\n    at CollectionEditorContentPane.makeComponentReactive (file:///opt/postman/app/resources/app/js/vendor-shared.js:351452:25)\n    at CollectionEditorContentPane.target.render (file:///opt/postman/app/resources/app/js/vendor-shared.js:351633:34)\n    at gi (file:///opt/postman/app/resources/app/js/vendor-shared.js:364:192)\n    at fi (file:///opt/postman/app/resources/app/js/vendor-shared.js:363:224)\n    at Rj (file:///opt/postman/app/resources/app/js/vendor-shared.js:445:490)\n    at Qj (file:///opt/postman/app/resources/app/js/vendor-shared.js:428:265)\n    at Kj (file:///opt/postman/app/resources/app/js/vendor-shared.js:428:194)\n    at yj (file:///opt/postman/app/resources/app/js/vendor-shared.js:421:172)\n    at file:///opt/postman/app/resources/app/js/vendor-shared.js:305:115\n    at push.exports.unstable_runWithPriority (file:///opt/postman/app/resources/app/js/vendor-shared.js:512:467)\n    at cg (file:///opt/postman/app/resources/app/js/vendor-shared.js:304:325)\n    at fg (file:///opt/postman/app/resources/app/js/vendor-shared.js:305:61)\n    at gg (file:///opt/postman/app/resources/app/js/vendor-shared.js:304:496)\n    at Mj (file:///opt/postman/app/resources/app/js/vendor-shared.js:422:66)\n    at reactionScheduler (file:///opt/postman/app/resources/app/js/vendor-shared.js:232801:47)\n    at runReactions$$1 (file:///opt/postman/app/resources/app/js/vendor-shared.js:232777:5)\n    at endBatch$$1 (file:///opt/postman/app/resources/app/js/vendor-shared.js:232489:9)\n    at transaction$$1 (file:///opt/postman/app/resources/app/js/vendor-shared.js:233642:9)\n    at file:///opt/postman/app/resources/app/js/vendor-shared.js:338847:63\n    at async openRequestInTab (file:///opt/postman/app/resources/app/js/vendor-shared.js:373756:3)"},{"componentStack":"\n    in CollectionEditorContentPane\n    in div\n    in div\n    in PaneGroup\n    in CollectionEditor\n    in CollectionWorkbenchView\n    in CrashHandler\n    in div\n    in div\n    in XPath\n    in TabContent\n    in div\n    in TabContents\n    in div\n    in KeyMaps\n    in KeyMapWrapper\n    in RequesterBuilderContainer\n    in clickOutside(RequesterBuilderContainer)\n    in XPath\n    in div\n    in PaneContent\n    in div\n    in Pane\n    in div\n    in div\n    in PaneGroup\n    in div\n    in RequesterContentContainer\n    in div\n    in PaneContent\n    in div\n    in Pane\n    in div\n    in div\n    in PaneGroup\n    in WorkspaceView\n    in div\n    in div\n    in GenericVariablesProvider\n    in VariablesProvider\n    in KeyMaps\n    in KeyMapWrapper\n    in XPathProvider\n    in Requester\n    in DragDropContext(Requester)\n    in ToastProvider\n    in ThemeProvider\n    in Theme\n    in CrashHandler"}]
[3971][1627936552336][scratchpad][warn]["TextEditor~componentDidUpdate - Editor instance not set"]
[3971][1627936552337][scratchpad][warn]["TextEditor~componentDidUpdate - Editor instance not set"]
[3971][1627936596347][scratchpad][info]["SyncManagerNew~setSync",true]
[3971][1627936596352][scratchpad][info]["SyncManagerNew~signIn",{"forceConnect":true}]
[3971][1627936596361][scratchpad][info]["SyncManagerNew~createSocket",{"forceConnect":true}]
[3971][1627936596369][scratchpad][info]["SyncManagerNew~createSocket","sailsIO.connect",{"url":"https://bifrost-public-v4.gw.postman.com","opts":{"reconnectionDelay":10000,"reconnectionDelayMax":60000,"reconnectionAttempts":8,"randomizationFactor":0.3}}]
[3971][1627936597132][scratchpad][info]["SyncManagerNew~_onConnect"]
[3971][1627936597228][scratchpad][info]["SyncManagerNew~signIn",{}]
[3971][1627936597260][scratchpad][error]["SyncRequestService: This request is not allowed from scratchpad"]
[3971][1627936597269][scratchpad][info]["SyncTimelineHelper: Force stopping all timelines"]
[3971][1627936597275][scratchpad][error]["Codegen~checkAccess - Error while checking team access: ",{"error":{"message":"SyncRequestService\\x7erequest: This request not allowed from scratchpad"}}]
[3971][1627936597329][scratchpad][error]["SyncRequestService: This request is not allowed from scratchpad"]
[3971][1627936597332][scratchpad][error]["CommentsContributor~fetchRequestCommentsCount: Failed to fetch comments count"]
[3971][1627936597344][scratchpad][error]["SyncRequestService: This request is not allowed from scratchpad"]
[3971][1627936597346][scratchpad][error]["CommentsContributor~fetchRequestCommentsCount: Failed to fetch comments count"]
[3971][1627936597352][scratchpad][error]["SyncRequestService: This request is not allowed from scratchpad"]
[3971][1627936597354][scratchpad][error]["CommentsContributor~fetchRequestCommentsCount: Failed to fetch comments count"]
[3971][1627936597362][scratchpad][error]["SyncRequestService: This request is not allowed from scratchpad"]
[3971][1627936597364][scratchpad][error]["CommentsContributor~fetchRequestCommentsCount: Failed to fetch comments count"]
[3971][1627936597369][scratchpad][error]["SyncRequestService: This request is not allowed from scratchpad"]
[3971][1627936597371][scratchpad][error]["CommentsContributor~fetchRequestCommentsCount: Failed to fetch comments count"]
[3971][1627936597376][scratchpad][error]["SyncRequestService: This request is not allowed from scratchpad"]
[3971][1627936597378][scratchpad][error]["CommentsContributor~fetchRequestCommentsCount: Failed to fetch comments count"]
[3971][1627936597382][scratchpad][error]["SyncRequestService: This request is not allowed from scratchpad"]
[3971][1627936597385][scratchpad][error]["CommentsContributor~fetchRequestCommentsCount: Failed to fetch comments count"]
[3971][1627936597394][scratchpad][info]["subscribeToTeamEvents: Bailing out as team ID is not available"]
