Validating found git in: git
Using git 2.32.0 from git
Opening repository for path='/home/racso/Documents/work/eventbox' failed; ex=Failed to execute git {
  "exitCode": 128,
  "gitErrorCode": "NotAGitRepository",
  "gitCommand": "rev-parse",
  "stdout": "",
  "stderr": "fatal: not a git repository (or any of the parent directories): .git\n"
}
> git rev-parse --git-dir
Open repository: /home/racso/Documents/work/eventbox/eventbox-back
> git status -z -u
> git symbolic-ref --short HEAD
> git for-each-ref --format=%(refname)%00%(upstream:short)%00%(objectname)%00%(upstream:track) refs/heads/master refs/remotes/master
> git for-each-ref --sort -committerdate --format %(refname) %(objectname) %(*objectname)
> git remote --verbose
> git config --get commit.template
> git rev-parse --git-dir
Open repository: /home/racso/Documents/work/eventbox/eventbox-front
> git status -z -u
> git symbolic-ref --short HEAD
> git for-each-ref --format=%(refname)%00%(upstream:short)%00%(objectname)%00%(upstream:track) refs/heads/master refs/remotes/master
> git for-each-ref --sort -committerdate --format %(refname) %(objectname) %(*objectname)
> git remote --verbose
> git config --get commit.template
Opening repository for path='/home/racso/Documents/work/eventbox' failed; ex=Failed to execute git {
  "exitCode": 128,
  "gitErrorCode": "NotAGitRepository",
  "gitCommand": "rev-parse",
  "stdout": "",
  "stderr": "fatal: not a git repository (or any of the parent directories): .git\n"
}
Opening repository for path='/home/racso/Documents/work/eventbox' failed; ex=Failed to execute git {
  "exitCode": 128,
  "gitErrorCode": "NotAGitRepository",
  "gitCommand": "rev-parse",
  "stdout": "",
  "stderr": "fatal: not a git repository (or any of the parent directories): .git\n"
}
> git check-ignore -v -z --stdin
> git check-ignore -v -z --stdin
> git check-ignore -v -z --stdin
> git check-ignore -v -z --stdin
Opening repository for path='/home/racso/Documents/work/eventbox' failed; ex=Failed to execute git {
  "exitCode": 128,
  "gitErrorCode": "NotAGitRepository",
  "gitCommand": "rev-parse",
  "stdout": "",
  "stderr": "fatal: not a git repository (or any of the parent directories): .git\n"
}
> git check-ignore -v -z --stdin
Opening repository for path='/home/racso/Documents/work/eventbox' failed; ex=Failed to execute git {
  "exitCode": 128,
  "gitErrorCode": "NotAGitRepository",
  "gitCommand": "rev-parse",
  "stdout": "",
  "stderr": "fatal: not a git repository (or any of the parent directories): .git\n"
}
Opening repository for path='/home/racso/Documents/work/eventbox' failed; ex=Failed to execute git {
  "exitCode": 128,
  "gitErrorCode": "NotAGitRepository",
  "gitCommand": "rev-parse",
  "stdout": "",
  "stderr": "fatal: not a git repository (or any of the parent directories): .git\n"
}
> git check-ignore -v -z --stdin
> git show --textconv :src/views/Wordpress/WordpressLogic.js
> git ls-files --stage -- /home/racso/Documents/work/eventbox/eventbox-front/src/views/Wordpress/WordpressLogic.js
> git cat-file -s e3fb4b4d16362a53abd2a6b705291d5dada7fbef
> git show --textconv :src/views/Wordpress/iFrame.js
> git ls-files --stage -- /home/racso/Documents/work/eventbox/eventbox-front/src/views/Wordpress/iFrame.js
> git cat-file -s 2dd3db1bdb923615a19ce6e081df06864bb1ab63
> git for-each-ref --format %(refname) %(objectname) %(*objectname)
> git for-each-ref --format=%(refname)%00%(upstream:short)%00%(objectname)%00%(upstream:track) refs/heads/master refs/remotes/master
> git status -z -u
> git symbolic-ref --short HEAD
> git for-each-ref --format=%(refname)%00%(upstream:short)%00%(objectname)%00%(upstream:track) refs/heads/master refs/remotes/master
> git for-each-ref --sort -committerdate --format %(refname) %(objectname) %(*objectname)
> git remote --verbose
> git config --get commit.template
> git for-each-ref --format=%(refname)%00%(upstream:short)%00%(objectname)%00%(upstream:track) refs/heads/master refs/remotes/master
> git show --textconv 7a05c0506b5db6fcc2d2efdb848050aae54dadb7:src/views/Wordpress/iFrame.js
Opening repository for path='/tmp/7a05c0506b5db6fcc2d2efdb848050aae54dadb71627613672578tmp-97994g62DpZEifFZs.js' failed; ex=Failed to execute git {
  "exitCode": 128,
  "gitErrorCode": "NotAGitRepository",
  "gitCommand": "rev-parse",
  "stdout": "",
  "stderr": "fatal: not a git repository (or any parent up to mount point /)\nStopping at filesystem boundary (GIT_DISCOVERY_ACROSS_FILESYSTEM not set).\n"
}
> git status -z -u
> git status -z -u
> git symbolic-ref --short HEAD
> git symbolic-ref --short HEAD
> git for-each-ref --format=%(refname)%00%(upstream:short)%00%(objectname)%00%(upstream:track) refs/heads/master refs/remotes/master
> git for-each-ref --format=%(refname)%00%(upstream:short)%00%(objectname)%00%(upstream:track) refs/heads/master refs/remotes/master
> git for-each-ref --sort -committerdate --format %(refname) %(objectname) %(*objectname)
> git remote --verbose
> git for-each-ref --sort -committerdate --format %(refname) %(objectname) %(*objectname)
> git remote --verbose
> git config --get commit.template
> git config --get commit.template
> git check-ignore -v -z --stdin
> git check-ignore -v -z --stdin
> git check-ignore -v -z --stdin
Opening repository for path='/tmp/7a05c0506b5db6fcc2d2efdb848050aae54dadb71627613672578tmp-97994g62DpZEifFZs.js' failed; ex=Failed to execute git {
  "exitCode": 128,
  "gitErrorCode": "NotAGitRepository",
  "gitCommand": "rev-parse",
  "stdout": "",
  "stderr": "fatal: not a git repository (or any parent up to mount point /)\nStopping at filesystem boundary (GIT_DISCOVERY_ACROSS_FILESYSTEM not set).\n"
}
> git show --textconv :routes/app.js
> git ls-files --stage -- /home/racso/Documents/work/eventbox/eventbox-back/routes/app.js
> git cat-file -s 23e694c9c641ce280594f7919801bd4acfe281b8
Opening repository for path='/tmp/7a05c0506b5db6fcc2d2efdb848050aae54dadb71627613672578tmp-97994g62DpZEifFZs.js' failed; ex=Failed to execute git {
  "exitCode": 128,
  "gitErrorCode": "NotAGitRepository",
  "gitCommand": "rev-parse",
  "stdout": "",
  "stderr": "fatal: not a git repository (or any parent up to mount point /)\nStopping at filesystem boundary (GIT_DISCOVERY_ACROSS_FILESYSTEM not set).\n"
}
Opening repository for path='/tmp/7a05c0506b5db6fcc2d2efdb848050aae54dadb71627613672578tmp-97994g62DpZEifFZs.js' failed; ex=Failed to execute git {
  "exitCode": 128,
  "gitErrorCode": "NotAGitRepository",
  "gitCommand": "rev-parse",
  "stdout": "",
  "stderr": "fatal: not a git repository (or any parent up to mount point /)\nStopping at filesystem boundary (GIT_DISCOVERY_ACROSS_FILESYSTEM not set).\n"
}
> git show --textconv :routes/api.js
> git ls-files --stage -- /home/racso/Documents/work/eventbox/eventbox-back/routes/api.js
> git cat-file -s 8a544002f9e8e933b223dcddd82d48f296099870
> git status -z -u
> git symbolic-ref --short HEAD
> git for-each-ref --format=%(refname)%00%(upstream:short)%00%(objectname)%00%(upstream:track) refs/heads/master refs/remotes/master
> git for-each-ref --sort -committerdate --format %(refname) %(objectname) %(*objectname)
> git remote --verbose
> git config --get commit.template
> git status -z -u
> git symbolic-ref --short HEAD
> git for-each-ref --format=%(refname)%00%(upstream:short)%00%(objectname)%00%(upstream:track) refs/heads/master refs/remotes/master
> git for-each-ref --sort -committerdate --format %(refname) %(objectname) %(*objectname)
> git remote --verbose
> git config --get commit.template
> git status -z -u
> git symbolic-ref --short HEAD
> git for-each-ref --format=%(refname)%00%(upstream:short)%00%(objectname)%00%(upstream:track) refs/heads/master refs/remotes/master
> git for-each-ref --sort -committerdate --format %(refname) %(objectname) %(*objectname)
> git remote --verbose
> git config --get commit.template
> git check-ignore -v -z --stdin
> git log --format=%H%n%aN%n%aE%n%at%n%ct%n%P%n%B -z -n21 -- /home/racso/Documents/work/eventbox/eventbox-back/models/Venue.js
> git show --textconv :models/Venue.js
> git ls-files --stage -- /home/racso/Documents/work/eventbox/eventbox-back/models/Venue.js
> git cat-file -s 34aeab677d91ed5a3a8b155ef859a1c892bf49e9
> git status -z -u
> git symbolic-ref --short HEAD
> git for-each-ref --format=%(refname)%00%(upstream:short)%00%(objectname)%00%(upstream:track) refs/heads/master refs/remotes/master
> git for-each-ref --sort -committerdate --format %(refname) %(objectname) %(*objectname)
> git remote --verbose
> git config --get commit.template
> git status -z -u
> git symbolic-ref --short HEAD
> git for-each-ref --format=%(refname)%00%(upstream:short)%00%(objectname)%00%(upstream:track) refs/heads/master refs/remotes/master
> git for-each-ref --sort -committerdate --format %(refname) %(objectname) %(*objectname)
> git remote --verbose
> git config --get commit.template
> git status -z -u
> git symbolic-ref --short HEAD
> git for-each-ref --format=%(refname)%00%(upstream:short)%00%(objectname)%00%(upstream:track) refs/heads/master refs/remotes/master
> git for-each-ref --sort -committerdate --format %(refname) %(objectname) %(*objectname)
> git remote --verbose
> git config --get commit.template
> git status -z -u
> git symbolic-ref --short HEAD
> git for-each-ref --format=%(refname)%00%(upstream:short)%00%(objectname)%00%(upstream:track) refs/heads/master refs/remotes/master
> git for-each-ref --sort -committerdate --format %(refname) %(objectname) %(*objectname)
> git remote --verbose
> git config --get commit.template
> git status -z -u
> git symbolic-ref --short HEAD
> git for-each-ref --format=%(refname)%00%(upstream:short)%00%(objectname)%00%(upstream:track) refs/heads/master refs/remotes/master
> git for-each-ref --sort -committerdate --format %(refname) %(objectname) %(*objectname)
> git remote --verbose
> git config --get commit.template
> git show --textconv :routes/app.js
> git ls-files --stage -- /home/racso/Documents/work/eventbox/eventbox-back/routes/app.js
> git cat-file -s 23e694c9c641ce280594f7919801bd4acfe281b8
> git show --textconv :routes/api.js
> git ls-files --stage -- /home/racso/Documents/work/eventbox/eventbox-back/routes/api.js
> git cat-file -s 8a544002f9e8e933b223dcddd82d48f296099870
> git show --textconv :routes/app.js
> git ls-files --stage -- /home/racso/Documents/work/eventbox/eventbox-back/routes/app.js
> git cat-file -s 23e694c9c641ce280594f7919801bd4acfe281b8
> git show --textconv :src/views/Wordpress/WordpressLogic.js
> git ls-files --stage -- /home/racso/Documents/work/eventbox/eventbox-front/src/views/Wordpress/WordpressLogic.js
> git cat-file -s e3fb4b4d16362a53abd2a6b705291d5dada7fbef
> git show --textconv :routes/app.js
> git ls-files --stage -- /home/racso/Documents/work/eventbox/eventbox-back/routes/app.js
> git cat-file -s 23e694c9c641ce280594f7919801bd4acfe281b8
> git show --textconv :src/views/Wordpress/WordpressLogic.js
> git ls-files --stage -- /home/racso/Documents/work/eventbox/eventbox-front/src/views/Wordpress/WordpressLogic.js
> git cat-file -s e3fb4b4d16362a53abd2a6b705291d5dada7fbef
> git show --textconv :routes/api.js
> git ls-files --stage -- /home/racso/Documents/work/eventbox/eventbox-back/routes/api.js
> git cat-file -s 8a544002f9e8e933b223dcddd82d48f296099870
> git show --textconv :routes/Desktop/desktop.js
> git ls-files --stage -- /home/racso/Documents/work/eventbox/eventbox-back/routes/Desktop/desktop.js
> git cat-file -s 3a1ad553f43adf27795bf7edd2b8b4989195e116
> git show --textconv :routes/Desktop/VenueApi.js
> git ls-files --stage -- /home/racso/Documents/work/eventbox/eventbox-back/routes/Desktop/VenueApi.js
> git cat-file -s c937264f8ceca9762a9e112948cab3db95c9a3b6
> git show --textconv :routes/Desktop/Venue.js
> git ls-files --stage -- /home/racso/Documents/work/eventbox/eventbox-back/routes/Desktop/Venue.js
> git cat-file -s 6d06f88424800a93ebcefd17f035fdac240bb480
> git show --textconv :routes/Desktop/desktop.js
> git ls-files --stage -- /home/racso/Documents/work/eventbox/eventbox-back/routes/Desktop/desktop.js
> git cat-file -s 3a1ad553f43adf27795bf7edd2b8b4989195e116
> git show --textconv :routes/wordpress.js
> git ls-files --stage -- /home/racso/Documents/work/eventbox/eventbox-back/routes/wordpress.js
> git cat-file -s eec0b2b68b20e3685d811c25ca815ba6fb5fc4e3
> git show --textconv :routes/Desktop/desktop.js
> git ls-files --stage -- /home/racso/Documents/work/eventbox/eventbox-back/routes/Desktop/desktop.js
> git cat-file -s 3a1ad553f43adf27795bf7edd2b8b4989195e116
> git show --textconv :routes/wordpress.js
> git ls-files --stage -- /home/racso/Documents/work/eventbox/eventbox-back/routes/wordpress.js
> git cat-file -s eec0b2b68b20e3685d811c25ca815ba6fb5fc4e3
> git status -z -u
> git symbolic-ref --short HEAD
> git for-each-ref --format=%(refname)%00%(upstream:short)%00%(objectname)%00%(upstream:track) refs/heads/master refs/remotes/master
> git for-each-ref --sort -committerdate --format %(refname) %(objectname) %(*objectname)
> git remote --verbose
> git config --get commit.template
> git show --textconv :routes/api.js
> git ls-files --stage -- /home/racso/Documents/work/eventbox/eventbox-back/routes/api.js
> git cat-file -s 8a544002f9e8e933b223dcddd82d48f296099870
> git status -z -u
> git symbolic-ref --short HEAD
> git for-each-ref --format=%(refname)%00%(upstream:short)%00%(objectname)%00%(upstream:track) refs/heads/master refs/remotes/master
> git for-each-ref --sort -committerdate --format %(refname) %(objectname) %(*objectname)
> git remote --verbose
> git config --get commit.template
> git show --textconv :routes/wordpress.js
> git ls-files --stage -- /home/racso/Documents/work/eventbox/eventbox-back/routes/wordpress.js
> git cat-file -s eec0b2b68b20e3685d811c25ca815ba6fb5fc4e3
> git show --textconv :routes/api.js
> git ls-files --stage -- /home/racso/Documents/work/eventbox/eventbox-back/routes/api.js
> git cat-file -s 8a544002f9e8e933b223dcddd82d48f296099870
> git show --textconv :routes/app.js
> git ls-files --stage -- /home/racso/Documents/work/eventbox/eventbox-back/routes/app.js
> git cat-file -s 23e694c9c641ce280594f7919801bd4acfe281b8
> git show --textconv :routes/api.js
> git ls-files --stage -- /home/racso/Documents/work/eventbox/eventbox-back/routes/api.js
> git cat-file -s 8a544002f9e8e933b223dcddd82d48f296099870
> git status -z -u
> git symbolic-ref --short HEAD
> git for-each-ref --format=%(refname)%00%(upstream:short)%00%(objectname)%00%(upstream:track) refs/heads/master refs/remotes/master
> git for-each-ref --sort -committerdate --format %(refname) %(objectname) %(*objectname)
> git remote --verbose
> git config --get commit.template
> git show --textconv :routes/wordpress.js
> git ls-files --stage -- /home/racso/Documents/work/eventbox/eventbox-back/routes/wordpress.js
> git cat-file -s eec0b2b68b20e3685d811c25ca815ba6fb5fc4e3
Opening repository for path='/tmp/7a05c0506b5db6fcc2d2efdb848050aae54dadb71627613672578tmp-97994g62DpZEifFZs.js' failed; ex=Failed to execute git {
  "exitCode": 128,
  "gitErrorCode": "NotAGitRepository",
  "gitCommand": "rev-parse",
  "stdout": "",
  "stderr": "fatal: not a git repository (or any parent up to mount point /)\nStopping at filesystem boundary (GIT_DISCOVERY_ACROSS_FILESYSTEM not set).\n"
}
> git log --format=%H%n%aN%n%aE%n%at%n%ct%n%P%n%B -z -n21 -- /home/racso/Documents/work/eventbox/eventbox-back/routes/app.js
Opening repository for path='/tmp/7a05c0506b5db6fcc2d2efdb848050aae54dadb71627613672578tmp-97994g62DpZEifFZs.js' failed; ex=Failed to execute git {
  "exitCode": 128,
  "gitErrorCode": "NotAGitRepository",
  "gitCommand": "rev-parse",
  "stdout": "",
  "stderr": "fatal: not a git repository (or any parent up to mount point /)\nStopping at filesystem boundary (GIT_DISCOVERY_ACROSS_FILESYSTEM not set).\n"
}
> git show --textconv :routes/app.js
> git ls-files --stage -- /home/racso/Documents/work/eventbox/eventbox-back/routes/app.js
> git cat-file -s 23e694c9c641ce280594f7919801bd4acfe281b8
> git show --textconv :routes/wordpress.js
> git ls-files --stage -- /home/racso/Documents/work/eventbox/eventbox-back/routes/wordpress.js
> git cat-file -s eec0b2b68b20e3685d811c25ca815ba6fb5fc4e3
> git status -z -u
> git symbolic-ref --short HEAD
> git for-each-ref --format=%(refname)%00%(upstream:short)%00%(objectname)%00%(upstream:track) refs/heads/master refs/remotes/master
> git for-each-ref --sort -committerdate --format %(refname) %(objectname) %(*objectname)
> git remote --verbose
> git config --get commit.template
> git status -z -u
> git symbolic-ref --short HEAD
> git for-each-ref --format=%(refname)%00%(upstream:short)%00%(objectname)%00%(upstream:track) refs/heads/master refs/remotes/master
> git for-each-ref --sort -committerdate --format %(refname) %(objectname) %(*objectname)
> git remote --verbose
> git config --get commit.template
> git status -z -u
> git symbolic-ref --short HEAD
> git for-each-ref --format=%(refname)%00%(upstream:short)%00%(objectname)%00%(upstream:track) refs/heads/master refs/remotes/master
> git for-each-ref --sort -committerdate --format %(refname) %(objectname) %(*objectname)
> git remote --verbose
> git config --get commit.template
> git status -z -u
> git symbolic-ref --short HEAD
> git for-each-ref --format=%(refname)%00%(upstream:short)%00%(objectname)%00%(upstream:track) refs/heads/master refs/remotes/master
> git for-each-ref --sort -committerdate --format %(refname) %(objectname) %(*objectname)
> git remote --verbose
> git config --get commit.template
> git show --textconv :routes/api.js
> git ls-files --stage -- /home/racso/Documents/work/eventbox/eventbox-back/routes/api.js
> git cat-file -s 8a544002f9e8e933b223dcddd82d48f296099870
> git show --textconv :routes/wordpress.js
> git ls-files --stage -- /home/racso/Documents/work/eventbox/eventbox-back/routes/wordpress.js
> git cat-file -s eec0b2b68b20e3685d811c25ca815ba6fb5fc4e3
> git status -z -u
> git symbolic-ref --short HEAD
> git for-each-ref --format=%(refname)%00%(upstream:short)%00%(objectname)%00%(upstream:track) refs/heads/master refs/remotes/master
> git for-each-ref --sort -committerdate --format %(refname) %(objectname) %(*objectname)
> git remote --verbose
> git config --get commit.template
> git status -z -u
> git symbolic-ref --short HEAD
> git for-each-ref --format=%(refname)%00%(upstream:short)%00%(objectname)%00%(upstream:track) refs/heads/master refs/remotes/master
> git for-each-ref --sort -committerdate --format %(refname) %(objectname) %(*objectname)
> git remote --verbose
> git config --get commit.template
> git show --textconv :routes/api.js
> git ls-files --stage -- /home/racso/Documents/work/eventbox/eventbox-back/routes/api.js
> git cat-file -s 8a544002f9e8e933b223dcddd82d48f296099870
> git status -z -u
> git symbolic-ref --short HEAD
> git for-each-ref --format=%(refname)%00%(upstream:short)%00%(objectname)%00%(upstream:track) refs/heads/master refs/remotes/master
> git for-each-ref --sort -committerdate --format %(refname) %(objectname) %(*objectname)
> git remote --verbose
> git config --get commit.template
> git status -z -u
> git symbolic-ref --short HEAD
> git for-each-ref --format=%(refname)%00%(upstream:short)%00%(objectname)%00%(upstream:track) refs/heads/master refs/remotes/master
> git for-each-ref --sort -committerdate --format %(refname) %(objectname) %(*objectname)
> git remote --verbose
> git config --get commit.template
> git show --textconv :routes/wordpress.js
> git ls-files --stage -- /home/racso/Documents/work/eventbox/eventbox-back/routes/wordpress.js
> git cat-file -s eec0b2b68b20e3685d811c25ca815ba6fb5fc4e3
> git status -z -u
> git symbolic-ref --short HEAD
> git for-each-ref --format=%(refname)%00%(upstream:short)%00%(objectname)%00%(upstream:track) refs/heads/master refs/remotes/master
> git for-each-ref --sort -committerdate --format %(refname) %(objectname) %(*objectname)
> git remote --verbose
> git config --get commit.template
> git show --textconv :routes/api.js
> git ls-files --stage -- /home/racso/Documents/work/eventbox/eventbox-back/routes/api.js
> git cat-file -s 8a544002f9e8e933b223dcddd82d48f296099870
> git show --textconv :src/views/Wordpress/WordpressLogic.js
> git ls-files --stage -- /home/racso/Documents/work/eventbox/eventbox-front/src/views/Wordpress/WordpressLogic.js
> git cat-file -s e3fb4b4d16362a53abd2a6b705291d5dada7fbef
> git status -z -u
> git symbolic-ref --short HEAD
> git for-each-ref --format=%(refname)%00%(upstream:short)%00%(objectname)%00%(upstream:track) refs/heads/master refs/remotes/master
> git for-each-ref --sort -committerdate --format %(refname) %(objectname) %(*objectname)
> git remote --verbose
> git config --get commit.template
> git status -z -u
> git symbolic-ref --short HEAD
> git for-each-ref --format=%(refname)%00%(upstream:short)%00%(objectname)%00%(upstream:track) refs/heads/master refs/remotes/master
> git for-each-ref --sort -committerdate --format %(refname) %(objectname) %(*objectname)
> git remote --verbose
> git config --get commit.template
> git status -z -u
> git symbolic-ref --short HEAD
> git for-each-ref --format=%(refname)%00%(upstream:short)%00%(objectname)%00%(upstream:track) refs/heads/master refs/remotes/master
> git for-each-ref --sort -committerdate --format %(refname) %(objectname) %(*objectname)
> git remote --verbose
> git config --get commit.template
> git status -z -u
> git symbolic-ref --short HEAD
> git for-each-ref --format=%(refname)%00%(upstream:short)%00%(objectname)%00%(upstream:track) refs/heads/master refs/remotes/master
> git for-each-ref --sort -committerdate --format %(refname) %(objectname) %(*objectname)
> git remote --verbose
> git config --get commit.template
> git show --textconv :routes/api.js
> git ls-files --stage -- /home/racso/Documents/work/eventbox/eventbox-back/routes/api.js
> git cat-file -s 8a544002f9e8e933b223dcddd82d48f296099870
> git status -z -u
> git symbolic-ref --short HEAD
> git for-each-ref --format=%(refname)%00%(upstream:short)%00%(objectname)%00%(upstream:track) refs/heads/master refs/remotes/master
> git for-each-ref --sort -committerdate --format %(refname) %(objectname) %(*objectname)
> git remote --verbose
> git config --get commit.template
> git show --textconv :models/Venue.js
> git ls-files --stage -- /home/racso/Documents/work/eventbox/eventbox-back/models/Venue.js
> git cat-file -s 34aeab677d91ed5a3a8b155ef859a1c892bf49e9
> git show --textconv :routes/wordpress.js
> git ls-files --stage -- /home/racso/Documents/work/eventbox/eventbox-back/routes/wordpress.js
> git cat-file -s eec0b2b68b20e3685d811c25ca815ba6fb5fc4e3
> git show --textconv :routes/api.js
> git ls-files --stage -- /home/racso/Documents/work/eventbox/eventbox-back/routes/api.js
> git cat-file -s 8a544002f9e8e933b223dcddd82d48f296099870
> git status -z -u
> git symbolic-ref --short HEAD
> git for-each-ref --format=%(refname)%00%(upstream:short)%00%(objectname)%00%(upstream:track) refs/heads/master refs/remotes/master
> git for-each-ref --sort -committerdate --format %(refname) %(objectname) %(*objectname)
> git remote --verbose
> git config --get commit.template
> git status -z -u
> git symbolic-ref --short HEAD
> git for-each-ref --format=%(refname)%00%(upstream:short)%00%(objectname)%00%(upstream:track) refs/heads/master refs/remotes/master
> git for-each-ref --sort -committerdate --format %(refname) %(objectname) %(*objectname)
> git remote --verbose
> git config --get commit.template
> git show --textconv :models/User.js
> git ls-files --stage -- /home/racso/Documents/work/eventbox/eventbox-back/models/User.js
> git cat-file -s 47002d232d20eceaf558d9af72f463dc98803473
> git show --textconv :models/Venue.js
> git ls-files --stage -- /home/racso/Documents/work/eventbox/eventbox-back/models/Venue.js
> git cat-file -s 34aeab677d91ed5a3a8b155ef859a1c892bf49e9
> git show --textconv :routes/wordpress.js
> git ls-files --stage -- /home/racso/Documents/work/eventbox/eventbox-back/routes/wordpress.js
> git cat-file -s eec0b2b68b20e3685d811c25ca815ba6fb5fc4e3
> git show --textconv :routes/api.js
> git ls-files --stage -- /home/racso/Documents/work/eventbox/eventbox-back/routes/api.js
> git cat-file -s 8a544002f9e8e933b223dcddd82d48f296099870
> git status -z -u
> git symbolic-ref --short HEAD
> git for-each-ref --format=%(refname)%00%(upstream:short)%00%(objectname)%00%(upstream:track) refs/heads/master refs/remotes/master
> git for-each-ref --sort -committerdate --format %(refname) %(objectname) %(*objectname)
> git remote --verbose
> git config --get commit.template
> git status -z -u
> git symbolic-ref --short HEAD
> git for-each-ref --format=%(refname)%00%(upstream:short)%00%(objectname)%00%(upstream:track) refs/heads/master refs/remotes/master
> git for-each-ref --sort -committerdate --format %(refname) %(objectname) %(*objectname)
> git remote --verbose
> git config --get commit.template
> git show --textconv :routes/wordpress.js
> git ls-files --stage -- /home/racso/Documents/work/eventbox/eventbox-back/routes/wordpress.js
> git cat-file -s eec0b2b68b20e3685d811c25ca815ba6fb5fc4e3
> git status -z -u
> git symbolic-ref --short HEAD
> git for-each-ref --format=%(refname)%00%(upstream:short)%00%(objectname)%00%(upstream:track) refs/heads/master refs/remotes/master
> git for-each-ref --sort -committerdate --format %(refname) %(objectname) %(*objectname)
> git remote --verbose
> git config --get commit.template
> git status -z -u
> git symbolic-ref --short HEAD
> git for-each-ref --format=%(refname)%00%(upstream:short)%00%(objectname)%00%(upstream:track) refs/heads/master refs/remotes/master
> git for-each-ref --sort -committerdate --format %(refname) %(objectname) %(*objectname)
> git remote --verbose
> git config --get commit.template
> git show --textconv :src/views/Wordpress/iFrame.js
> git ls-files --stage -- /home/racso/Documents/work/eventbox/eventbox-front/src/views/Wordpress/iFrame.js
> git cat-file -s 2dd3db1bdb923615a19ce6e081df06864bb1ab63
> git status -z -u
> git symbolic-ref --short HEAD
> git for-each-ref --format=%(refname)%00%(upstream:short)%00%(objectname)%00%(upstream:track) refs/heads/master refs/remotes/master
> git for-each-ref --sort -committerdate --format %(refname) %(objectname) %(*objectname)
> git remote --verbose
> git config --get commit.template
> git status -z -u
> git symbolic-ref --short HEAD
> git for-each-ref --format=%(refname)%00%(upstream:short)%00%(objectname)%00%(upstream:track) refs/heads/master refs/remotes/master
> git for-each-ref --sort -committerdate --format %(refname) %(objectname) %(*objectname)
> git remote --verbose
> git config --get commit.template
> git status -z -u
> git symbolic-ref --short HEAD
> git for-each-ref --format=%(refname)%00%(upstream:short)%00%(objectname)%00%(upstream:track) refs/heads/master refs/remotes/master
> git for-each-ref --sort -committerdate --format %(refname) %(objectname) %(*objectname)
> git remote --verbose
> git config --get commit.template
> git status -z -u
> git symbolic-ref --short HEAD
> git for-each-ref --format=%(refname)%00%(upstream:short)%00%(objectname)%00%(upstream:track) refs/heads/master refs/remotes/master
> git for-each-ref --sort -committerdate --format %(refname) %(objectname) %(*objectname)
> git remote --verbose
> git config --get commit.template
> git show --textconv :src/views/Wordpress/Wordpress.css
> git ls-files --stage -- /home/racso/Documents/work/eventbox/eventbox-front/src/views/Wordpress/Wordpress.css
> git cat-file -s ff4794abefbddc020ddc231d62aa2fe28265880d
> git show --textconv :src/views/Wordpress/iFrame.js
> git ls-files --stage -- /home/racso/Documents/work/eventbox/eventbox-front/src/views/Wordpress/iFrame.js
> git cat-file -s 2dd3db1bdb923615a19ce6e081df06864bb1ab63
> git status -z -u
> git symbolic-ref --short HEAD
> git for-each-ref --format=%(refname)%00%(upstream:short)%00%(objectname)%00%(upstream:track) refs/heads/master refs/remotes/master
> git for-each-ref --sort -committerdate --format %(refname) %(objectname) %(*objectname)
> git remote --verbose
> git config --get commit.template
> git show --textconv :src/views/Wordpress/Wordpress.css
> git ls-files --stage -- /home/racso/Documents/work/eventbox/eventbox-front/src/views/Wordpress/Wordpress.css
> git cat-file -s ff4794abefbddc020ddc231d62aa2fe28265880d
> git status -z -u
> git symbolic-ref --short HEAD
> git for-each-ref --format=%(refname)%00%(upstream:short)%00%(objectname)%00%(upstream:track) refs/heads/master refs/remotes/master
> git for-each-ref --sort -committerdate --format %(refname) %(objectname) %(*objectname)
> git remote --verbose
> git config --get commit.template
> git status -z -u
> git symbolic-ref --short HEAD
> git for-each-ref --format=%(refname)%00%(upstream:short)%00%(objectname)%00%(upstream:track) refs/heads/master refs/remotes/master
> git for-each-ref --sort -committerdate --format %(refname) %(objectname) %(*objectname)
> git remote --verbose
> git config --get commit.template
> git show --textconv :src/views/Wordpress/iFrame.js
> git ls-files --stage -- /home/racso/Documents/work/eventbox/eventbox-front/src/views/Wordpress/iFrame.js
> git cat-file -s 2dd3db1bdb923615a19ce6e081df06864bb1ab63
> git status -z -u
> git symbolic-ref --short HEAD
> git for-each-ref --format=%(refname)%00%(upstream:short)%00%(objectname)%00%(upstream:track) refs/heads/master refs/remotes/master
> git for-each-ref --sort -committerdate --format %(refname) %(objectname) %(*objectname)
> git remote --verbose
> git config --get commit.template
> git status -z -u
> git symbolic-ref --short HEAD
> git for-each-ref --format=%(refname)%00%(upstream:short)%00%(objectname)%00%(upstream:track) refs/heads/master refs/remotes/master
> git for-each-ref --sort -committerdate --format %(refname) %(objectname) %(*objectname)
> git remote --verbose
> git config --get commit.template
> git status -z -u
> git symbolic-ref --short HEAD
> git for-each-ref --format=%(refname)%00%(upstream:short)%00%(objectname)%00%(upstream:track) refs/heads/master refs/remotes/master
> git for-each-ref --sort -committerdate --format %(refname) %(objectname) %(*objectname)
> git remote --verbose
> git config --get commit.template
> git show --textconv :src/views/Wordpress/Components/EventCard.js
> git ls-files --stage -- /home/racso/Documents/work/eventbox/eventbox-front/src/views/Wordpress/Components/EventCard.js
> git cat-file -s 1d8985296f0a986f7c800f8fe704792d24fe553b
> git check-ignore -v -z --stdin
> git check-ignore -v -z --stdin
> git status -z -u
> git symbolic-ref --short HEAD
> git for-each-ref --format=%(refname)%00%(upstream:short)%00%(objectname)%00%(upstream:track) refs/heads/master refs/remotes/master
> git for-each-ref --sort -committerdate --format %(refname) %(objectname) %(*objectname)
> git remote --verbose
> git config --get commit.template
> git status -z -u
> git symbolic-ref --short HEAD
> git for-each-ref --format=%(refname)%00%(upstream:short)%00%(objectname)%00%(upstream:track) refs/heads/master refs/remotes/master
> git for-each-ref --sort -committerdate --format %(refname) %(objectname) %(*objectname)
> git remote --verbose
> git config --get commit.template
> git status -z -u
> git symbolic-ref --short HEAD
> git for-each-ref --format=%(refname)%00%(upstream:short)%00%(objectname)%00%(upstream:track) refs/heads/master refs/remotes/master
> git for-each-ref --sort -committerdate --format %(refname) %(objectname) %(*objectname)
> git remote --verbose
> git config --get commit.template
> git status -z -u
> git symbolic-ref --short HEAD
> git for-each-ref --format=%(refname)%00%(upstream:short)%00%(objectname)%00%(upstream:track) refs/heads/master refs/remotes/master
> git for-each-ref --sort -committerdate --format %(refname) %(objectname) %(*objectname)
> git remote --verbose
> git config --get commit.template
> git status -z -u
> git symbolic-ref --short HEAD
> git for-each-ref --format=%(refname)%00%(upstream:short)%00%(objectname)%00%(upstream:track) refs/heads/master refs/remotes/master
> git for-each-ref --sort -committerdate --format %(refname) %(objectname) %(*objectname)
> git remote --verbose
> git config --get commit.template
> git status -z -u
> git symbolic-ref --short HEAD
> git for-each-ref --format=%(refname)%00%(upstream:short)%00%(objectname)%00%(upstream:track) refs/heads/master refs/remotes/master
> git for-each-ref --sort -committerdate --format %(refname) %(objectname) %(*objectname)
> git remote --verbose
> git config --get commit.template
> git show --textconv :src/views/Wordpress/Wordpress.css
> git ls-files --stage -- /home/racso/Documents/work/eventbox/eventbox-front/src/views/Wordpress/Wordpress.css
> git cat-file -s ff4794abefbddc020ddc231d62aa2fe28265880d
> git status -z -u
> git symbolic-ref --short HEAD
> git for-each-ref --format=%(refname)%00%(upstream:short)%00%(objectname)%00%(upstream:track) refs/heads/master refs/remotes/master
> git for-each-ref --sort -committerdate --format %(refname) %(objectname) %(*objectname)
> git remote --verbose
> git config --get commit.template
> git show --textconv :src/views/Wordpress/Components/SideBar.js
> git ls-files --stage -- /home/racso/Documents/work/eventbox/eventbox-front/src/views/Wordpress/Components/SideBar.js
> git cat-file -s bcd70eb35b93b68320500b5b69844e7726bc81fc
> git show --textconv :src/views/Wordpress/iFrame.js
> git ls-files --stage -- /home/racso/Documents/work/eventbox/eventbox-front/src/views/Wordpress/iFrame.js
> git cat-file -s 2dd3db1bdb923615a19ce6e081df06864bb1ab63
> git status -z -u
> git symbolic-ref --short HEAD
> git for-each-ref --format=%(refname)%00%(upstream:short)%00%(objectname)%00%(upstream:track) refs/heads/master refs/remotes/master
> git for-each-ref --sort -committerdate --format %(refname) %(objectname) %(*objectname)
> git remote --verbose
> git config --get commit.template
> git status -z -u
> git symbolic-ref --short HEAD
> git for-each-ref --format=%(refname)%00%(upstream:short)%00%(objectname)%00%(upstream:track) refs/heads/master refs/remotes/master
> git for-each-ref --sort -committerdate --format %(refname) %(objectname) %(*objectname)
> git remote --verbose
> git config --get commit.template
> git show --textconv :src/views/Wordpress/Wordpress.css
> git ls-files --stage -- /home/racso/Documents/work/eventbox/eventbox-front/src/views/Wordpress/Wordpress.css
> git cat-file -s ff4794abefbddc020ddc231d62aa2fe28265880d
> git status -z -u
> git symbolic-ref --short HEAD
> git for-each-ref --format=%(refname)%00%(upstream:short)%00%(objectname)%00%(upstream:track) refs/heads/master refs/remotes/master
> git for-each-ref --sort -committerdate --format %(refname) %(objectname) %(*objectname)
> git remote --verbose
> git config --get commit.template
> git status -z -u
> git symbolic-ref --short HEAD
> git for-each-ref --format=%(refname)%00%(upstream:short)%00%(objectname)%00%(upstream:track) refs/heads/master refs/remotes/master
> git for-each-ref --sort -committerdate --format %(refname) %(objectname) %(*objectname)
> git remote --verbose
> git config --get commit.template
> git show --textconv :src/views/Wordpress/iFrame.js
> git ls-files --stage -- /home/racso/Documents/work/eventbox/eventbox-front/src/views/Wordpress/iFrame.js
> git cat-file -s 2dd3db1bdb923615a19ce6e081df06864bb1ab63
> git show --textconv :src/views/Wordpress/Wordpress.css
> git ls-files --stage -- /home/racso/Documents/work/eventbox/eventbox-front/src/views/Wordpress/Wordpress.css
> git cat-file -s ff4794abefbddc020ddc231d62aa2fe28265880d
> git show --textconv :src/views/Wordpress/iFrame.js
> git ls-files --stage -- /home/racso/Documents/work/eventbox/eventbox-front/src/views/Wordpress/iFrame.js
> git cat-file -s 2dd3db1bdb923615a19ce6e081df06864bb1ab63
> git status -z -u
> git symbolic-ref --short HEAD
> git for-each-ref --format=%(refname)%00%(upstream:short)%00%(objectname)%00%(upstream:track) refs/heads/master refs/remotes/master
> git for-each-ref --sort -committerdate --format %(refname) %(objectname) %(*objectname)
> git remote --verbose
> git config --get commit.template
> git show --textconv :src/views/Wordpress/Wordpress.css
> git ls-files --stage -- /home/racso/Documents/work/eventbox/eventbox-front/src/views/Wordpress/Wordpress.css
> git cat-file -s ff4794abefbddc020ddc231d62aa2fe28265880d
> git status -z -u
> git symbolic-ref --short HEAD
> git for-each-ref --format=%(refname)%00%(upstream:short)%00%(objectname)%00%(upstream:track) refs/heads/master refs/remotes/master
> git for-each-ref --sort -committerdate --format %(refname) %(objectname) %(*objectname)
> git remote --verbose
> git config --get commit.template
> git status -z -u
> git symbolic-ref --short HEAD
> git for-each-ref --format=%(refname)%00%(upstream:short)%00%(objectname)%00%(upstream:track) refs/heads/master refs/remotes/master
> git for-each-ref --sort -committerdate --format %(refname) %(objectname) %(*objectname)
> git remote --verbose
> git config --get commit.template
> git status -z -u
> git status -z -u
> git symbolic-ref --short HEAD
> git symbolic-ref --short HEAD
> git for-each-ref --format=%(refname)%00%(upstream:short)%00%(objectname)%00%(upstream:track) refs/heads/master refs/remotes/master
> git for-each-ref --format=%(refname)%00%(upstream:short)%00%(objectname)%00%(upstream:track) refs/heads/master refs/remotes/master
> git ls-files --stage -- /home/racso/Documents/work/eventbox/eventbox-back/routes/app.js
> git ls-files --stage -- /home/racso/Documents/work/eventbox/eventbox-front/src/views/Wordpress/Wordpress.css
> git for-each-ref --sort -committerdate --format %(refname) %(objectname) %(*objectname)
> git remote --verbose
> git cat-file -s b12eded5e9e7773cdb8786747979bca1b5816542
> git cat-file -s 1cc040c9111019d374bd6fe5bc10c0240b5c467b
> git for-each-ref --sort -committerdate --format %(refname) %(objectname) %(*objectname)
> git remote --verbose
> git config --get commit.template
> git config --get commit.template
> git show --textconv :routes/app.js
> git show --textconv :src/views/Wordpress/Wordpress.css
